<?xml version="1.0" encoding="utf-8"?><testsuites name="pytest tests"><testsuite name="pytest" errors="0" failures="0" skipped="0" tests="4" time="1.478" timestamp="2026-09-20T07:20:02.832134+00:00" hostname="agent-env-28ba6ef5-b8e2-4605-b45d-3fa5249d385f"><testcase classname="backend.tests.test_admin_login" name="test_owner_login_success" time="0.582" /><testcase classname="backend.tests.test_admin_login" name="test_owner_wrong_password" time="0.372" /><testcase classname="backend.tests.test_admin_login" name="test_legacy_admin_disabled" time="0.325" /><testcase classname="backend.tests.test_admin_login" name="test_auth_me_unauthenticated" time="0.142" /></testsuite></testsuites>