<?xml version="1.0" encoding="utf-8"?><testsuites name="pytest tests"><testsuite name="pytest" errors="0" failures="0" skipped="0" tests="4" time="2.613" timestamp="2026-09-05T15:06:52.777580+00:00" hostname="agent-env-28ba6ef5-b8e2-4605-b45d-3fa5249d385f"><testcase classname="tests.test_antifool" name="test_challenge_it_en_de_and_varies" time="1.469" /><testcase classname="tests.test_antifool" name="test_verify_match_and_one_shot" time="0.409" /><testcase classname="tests.test_antifool" name="test_verify_no_match" time="0.257" /><testcase classname="tests.test_antifool" name="test_verify_unknown_challenge" time="0.129" /></testsuite></testsuites>