<?xml version="1.0" encoding="utf-8"?><testsuites name="pytest tests"><testsuite name="pytest" errors="0" failures="0" skipped="0" tests="10" time="19.168" timestamp="2026-09-16T15:42:52.970547+00:00" hostname="agent-env-28ba6ef5-b8e2-4605-b45d-3fa5249d385f"><testcase classname="tests.test_autoplan_dispatch_coord" name="test_non_regression_endpoints_200" time="15.826" /><testcase classname="tests.test_autoplan_dispatch_coord" name="test_dispatch_panificio_creates_call" time="0.183" /><testcase classname="tests.test_autoplan_dispatch_coord" name="test_dept_mapping[Pizza Margherita-Linea Pizza-pizzeria]" time="0.191" /><testcase classname="tests.test_autoplan_dispatch_coord" name="test_dept_mapping[Cornetto sfoglia-Pasticceria-pasticceria]" time="0.187" /><testcase classname="tests.test_autoplan_dispatch_coord" name="test_dept_mapping[Laugen brezel-Linea Laugen-laugen]" time="0.193" /><testcase classname="tests.test_autoplan_dispatch_coord" name="test_dept_mapping[Pane integrale-Forno 1-panificio]" time="0.177" /><testcase classname="tests.test_autoplan_dispatch_coord" name="test_unknown_dept_no_error" time="0.092" /><testcase classname="tests.test_autoplan_dispatch_coord" name="test_machine_threshold_large_qty" time="0.189" /><testcase classname="tests.test_autoplan_dispatch_coord" name="test_operator_assigned_when_skilled_available" time="0.365" /><testcase classname="tests.test_autoplan_dispatch_coord" name="test_zz_cleanup" time="1.676" /></testsuite></testsuites>