<?xml version="1.0" encoding="utf-8"?><testsuites name="pytest tests"><testsuite name="pytest" errors="0" failures="0" skipped="0" tests="16" time="7.970" timestamp="2026-09-06T05:29:20.429368+00:00" hostname="agent-env-28ba6ef5-b8e2-4605-b45d-3fa5249d385f"><testcase classname="tests.test_iter194_gate_operator_log.TestGateHard" name="test_recipes_without_gate_401" time="0.209" /><testcase classname="tests.test_iter194_gate_operator_log.TestGateHard" name="test_gate_verify_sets_httponly_cookie" time="0.369" /><testcase classname="tests.test_iter194_gate_operator_log.TestGateHard" name="test_recipes_with_gate_200" time="0.519" /><testcase classname="tests.test_iter194_gate_operator_log.TestGateHard" name="test_whitelist_auth_login_no_gate" time="0.154" /><testcase classname="tests.test_iter194_gate_operator_log.TestGateHard" name="test_whitelist_admin_gate_verify_no_gate" time="0.357" /><testcase classname="tests.test_iter194_gate_operator_log.TestGateHard" name="test_wrong_master_pin" time="0.352" /><testcase classname="tests.test_iter194_gate_operator_log.TestOperatorPins" name="test_put_operator_pin" time="0.916" /><testcase classname="tests.test_iter194_gate_operator_log.TestOperatorPins" name="test_list_operators_no_hash" time="0.067" /><testcase classname="tests.test_iter194_gate_operator_log.TestOperatorPins" name="test_verify_correct_pin" time="0.510" /><testcase classname="tests.test_iter194_gate_operator_log.TestOperatorPins" name="test_verify_wrong_pin" time="0.512" /><testcase classname="tests.test_iter194_gate_operator_log.TestOperatorPins" name="test_operator_pins_require_admin" time="0.419" /><testcase classname="tests.test_iter194_gate_operator_log.TestOperatorPins" name="test_delete_cleanup" time="0.062" /><testcase classname="tests.test_iter194_gate_operator_log.TestAccessLog" name="test_access_log_admin" time="0.685" /><testcase classname="tests.test_iter194_gate_operator_log.TestAccessLog" name="test_access_log_requires_admin" time="0.228" /><testcase classname="tests.test_iter194_gate_operator_log.TestRegression" name="test_master_govern_chat" time="2.355" /><testcase classname="tests.test_iter194_gate_operator_log.TestRegression" name="test_recipes_149" time="0.169" /></testsuite></testsuites>