<?xml version="1.0" encoding="utf-8"?><testsuites name="pytest tests"><testsuite name="pytest" errors="0" failures="0" skipped="0" tests="10" time="6.173" timestamp="2026-09-09T09:21:12.867376+00:00" hostname="agent-env-28ba6ef5-b8e2-4605-b45d-3fa5249d385f"><testcase classname="tests.test_iter220_guest_ecosystem.TestAdminGateLevels" name="test_master_pin" time="0.266" /><testcase classname="tests.test_iter220_guest_ecosystem.TestAdminGateLevels" name="test_guest_pin" time="0.148" /><testcase classname="tests.test_iter220_guest_ecosystem.TestMikeEcosystem" name="test_observe_requires_action" time="0.411" /><testcase classname="tests.test_iter220_guest_ecosystem.TestAdminGateLevels" name="test_bad_pin" time="0.293" /><testcase classname="tests.test_iter220_guest_ecosystem.TestAdminGateLevels" name="test_guest_put_requires_admin" time="0.130" /><testcase classname="tests.test_iter220_guest_ecosystem.TestMikeEcosystem" name="test_observe_anomaly_creates_alert" time="4.979" /><testcase classname="tests.test_iter220_guest_ecosystem.TestAdminGateLevels" name="test_guest_put_as_admin" time="0.887" /><testcase classname="tests.test_iter220_guest_ecosystem" name="test_zzz_cleanup" time="0.074" /><testcase classname="tests.test_iter220_guest_ecosystem.TestMikeEcosystem" name="test_alerts_requires_admin" time="0.210" /><testcase classname="tests.test_iter220_guest_ecosystem.TestMikeEcosystem" name="test_alerts_read_marks_all" time="0.220" /></testsuite></testsuites>