<?xml version="1.0" encoding="utf-8"?><testsuites name="pytest tests"><testsuite name="pytest" errors="0" failures="0" skipped="0" tests="12" time="31.078" timestamp="2026-09-09T10:53:09.617325+00:00" hostname="agent-env-28ba6ef5-b8e2-4605-b45d-3fa5249d385f"><testcase classname="tests.test_iter222_final_regression" name="test_gate_wrong_pin" time="0.463" /><testcase classname="tests.test_iter222_final_regression" name="test_gate_master_ok" time="0.144" /><testcase classname="tests.test_iter222_final_regression" name="test_gate_guest_ok" time="0.370" /><testcase classname="tests.test_iter222_final_regression" name="test_public_access_request_valid" time="0.127" /><testcase classname="tests.test_iter222_final_regression" name="test_public_access_request_invalid_email" time="0.127" /><testcase classname="tests.test_iter222_final_regression" name="test_mohamed_inbox_requires_admin" time="0.141" /><testcase classname="tests.test_iter222_final_regression" name="test_mohamed_inbox_list_and_act" time="1.693" /><testcase classname="tests.test_iter222_final_regression" name="test_mike_observe_and_alerts" time="4.763" /><testcase classname="tests.test_iter222_final_regression" name="test_legacy_adapt" time="10.620" /><testcase classname="tests.test_iter222_final_regression" name="test_living_recipe_requires_admin" time="0.311" /><testcase classname="tests.test_iter222_final_regression" name="test_living_recipe_admin" time="12.039" /><testcase classname="tests.test_iter222_final_regression" name="test_forgot_password_resend_ok" time="0.201" /></testsuite></testsuites>