<?xml version="1.0" encoding="utf-8"?><testsuites name="pytest tests"><testsuite name="pytest" errors="0" failures="2" skipped="0" tests="15" time="52.368" timestamp="2026-08-27T13:48:06.562773+00:00" hostname="agent-env-28ba6ef5-b8e2-4605-b45d-3fa5249d385f"><testcase classname="tests.test_iter92_badge_sos.TestBadge" name="test_grant_badge_requires_auth" time="0.512" /><testcase classname="tests.test_iter92_badge_sos.TestCoach" name="test_coach_it" time="11.175" /><testcase classname="tests.test_iter92_badge_sos.TestSos" name="test_sos_requires_auth" time="0.298" /><testcase classname="tests.test_iter92_badge_sos" name="test_quiz_levels[beginner]" time="6.452" /><testcase classname="tests.test_iter92_badge_sos.TestBadge" name="test_grant_badge_ok" time="0.645" /><testcase classname="tests.test_iter92_badge_sos.TestSos" name="test_sos_stream_diagnosis" time="0.884"><failure message="AssertionError: {&quot;detail&quot;:[{&quot;type&quot;:&quot;missing&quot;,&quot;loc&quot;:[&quot;body&quot;,&quot;mode&quot;],&quot;msg&quot;:&quot;Field required&quot;,&quot;input&quot;:{&quot;image_base64&quot;:&quot;/9j/4AAQSkZJRgABAQAAAQABAAD/2wBDAAYEBQYFBAYGBQYHBwYIChAKCgkJChQODwwQFxQYGBcUFhYaHSUfGhsjHBYWICwgIyYnKSopGR8tMC0oMCUoKSj/2wBDAQcHBwoIChMKChMoGhYaKCgoKCgoKCgoKCgoKCgoKCgoKCgoKCgoKCgoKCgoKCgoKCgoKCgoKCgoK&#10;assert 422 == 200&#10; +  where 422 = &lt;Response [422]&gt;.status_code">E   AssertionError: {"detail":[{"type":"missing","loc":["body","mode"],"msg":"Field required","input":{"image_base64":"/9j/4AAQSkZJRgABAQAAAQABAAD/2wBDAAYEBQYFBAYGBQYHBwYIChAKCgkJChQODwwQFxQYGBcUFhYaHSUfGhsjHBYWICwgIyYnKSopGR8tMC0oMCUoKSj/2wBDAQcHBwoIChMKChMoGhYaKCgoKCgoKCgoKCgoKCgoKCgoKCgoKCgoKCgoKCgoKCgoKCgoKCgoKCgoK
    assert 422 == 200
     +  where 422 = &lt;Response [422]&gt;.status_code</failure></testcase><testcase classname="tests.test_iter92_badge_sos.TestBadge" name="test_grant_badge_idempotent" time="0.147" /><testcase classname="tests.test_iter92_badge_sos.TestSos" name="test_sos_data_url_prefix_accepted" time="0.180"><failure message="assert 422 == 200&#10; +  where 422 = &lt;Response [422]&gt;.status_code">E   assert 422 == 200
     +  where 422 = &lt;Response [422]&gt;.status_code</failure></testcase><testcase classname="tests.test_iter92_badge_sos.TestBadge" name="test_grant_badge_invalid" time="0.249" /><testcase classname="tests.test_iter92_badge_sos.TestBadge" name="test_grant_badge_empty" time="0.209" /><testcase classname="tests.test_iter92_badge_sos.TestBadge" name="test_profile_includes_badges" time="0.126" /><testcase classname="tests.test_iter92_badge_sos" name="test_quiz_levels[intermediate]" time="6.016" /><testcase classname="tests.test_iter92_badge_sos.TestCoach" name="test_coach_de_no_italian_labels" time="25.417" /><testcase classname="tests.test_iter92_badge_sos" name="test_quiz_levels[master]" time="13.081" /><testcase classname="tests.test_iter92_badge_sos.TestCoach" name="test_coach_en_no_italian_labels" time="15.093" /></testsuite></testsuites>