<?xml version="1.0" encoding="utf-8"?><testsuites name="pytest tests"><testsuite name="pytest" errors="0" failures="0" skipped="0" tests="9" time="2.814" timestamp="2026-09-16T11:23:37.012124+00:00" hostname="agent-env-28ba6ef5-b8e2-4605-b45d-3fa5249d385f"><testcase classname="tests.test_iter256_apprentice_voice" name="test_apprentice_put_and_get" time="1.415" /><testcase classname="tests.test_iter256_apprentice_voice" name="test_apprentice_get_no_info" time="0.077" /><testcase classname="tests.test_iter256_apprentice_voice" name="test_voice_daily_limit_quota" time="0.704" /><testcase classname="tests.test_iter256_apprentice_voice" name="test_lab_departments_removed" time="0.078" /><testcase classname="tests.test_iter256_apprentice_voice" name="test_depts_templates_alive" time="0.075" /><testcase classname="tests.test_iter256_apprentice_voice" name="test_core_endpoints_alive[/api/recipes]" time="0.164" /><testcase classname="tests.test_iter256_apprentice_voice" name="test_core_endpoints_alive[/api/worker/board]" time="0.081" /><testcase classname="tests.test_iter256_apprentice_voice" name="test_core_endpoints_alive[/api/delivery/run]" time="0.079" /><testcase classname="tests.test_iter256_apprentice_voice" name="test_core_endpoints_alive[/api/coordination/settings]" time="0.075" /></testsuite></testsuites>