<?xml version="1.0" encoding="utf-8"?><testsuites name="pytest tests"><testsuite name="pytest" errors="0" failures="0" skipped="0" tests="4" time="4.809" timestamp="2026-08-27T13:26:43.058911+00:00" hostname="agent-env-28ba6ef5-b8e2-4605-b45d-3fa5249d385f"><testcase classname="tests.test_iter91_academy_dm.TestDirectMessages" name="test_send_and_unread_flow" time="3.643" /><testcase classname="tests.test_iter91_academy_dm.TestDirectMessages" name="test_reply_appears_both_sides" time="0.331" /><testcase classname="tests.test_iter91_academy_dm.TestDirectMessages" name="test_message_requires_auth" time="0.170" /><testcase classname="tests.test_iter91_academy_dm.TestDirectMessages" name="test_empty_message_rejected" time="0.173" /></testsuite></testsuites>