<?xml version="1.0" encoding="utf-8"?><testsuites name="pytest tests"><testsuite name="pytest" errors="0" failures="1" skipped="0" tests="11" time="136.941" timestamp="2026-08-26T14:06:22.862890+00:00" hostname="agent-env-28ba6ef5-b8e2-4605-b45d-3fa5249d385f"><testcase classname="tests.test_iter81_gen_community.TestRecipesCategories" name="test_new_recipes_present_and_categorized" time="0.874"><failure message="AssertionError: Croissant Sfogliati Classici Senza Zucchero nell'Impasto no ingredients&#10;assert None&#10; +  where None = &lt;built-in method get of dict object at 0xf915c03da180&gt;('ingredients')&#10; +    where &lt;built-in method get of dict object at 0xf915c03da180&gt; = {'id': 'dccccb01-5bae-4dd7-95e0-c79df42e479e', 'collection_name': 'mikilab', 'name': &quot;Croissant Sfogliati Classici Senza Zucchero nell'Impasto&quot;, 'flour_type': 'Farina forte W330-350, 12-13% proteine', ...}.get">tests/test_iter81_gen_community.py:176: in test_new_recipes_present_and_categorized
    assert rec.get("ingredients"), f"{rec['name']} no ingredients"
E   AssertionError: Croissant Sfogliati Classici Senza Zucchero nell'Impasto no ingredients
E   assert None
E    +  where None = &lt;built-in method get of dict object at 0xf915c03da180&gt;('ingredients')
E    +    where &lt;built-in method get of dict object at 0xf915c03da180&gt; = {'id': 'dccccb01-5bae-4dd7-95e0-c79df42e479e', 'collection_name': 'mikilab', 'name': "Croissant Sfogliati Classici Senza Zucchero nell'Impasto", 'flour_type': 'Farina forte W330-350, 12-13% proteine', ...}.get</failure></testcase><testcase classname="tests.test_iter81_gen_community.TestRecipeGenerator" name="test_generate_poolish_es" time="35.811" /><testcase classname="tests.test_iter81_gen_community.TestRecipesCategories" name="test_no_viennoiserie_in_bread_categories" time="0.443" /><testcase classname="tests.test_iter81_gen_community.TestBundles" name="test_pasticceria_bundle_checkout" time="1.314" /><testcase classname="tests.test_iter81_gen_community.TestBundles" name="test_invalid_bundle_400" time="0.147" /><testcase classname="tests.test_iter81_gen_community.TestCommunityTranslate" name="test_post_and_comment_translated" time="5.744" /><testcase classname="tests.test_iter81_gen_community.TestRecipeGenerator" name="test_generate_biga_it" time="32.263" /><testcase classname="tests.test_iter81_gen_community.TestRecipeGenerator" name="test_generate_lm_de" time="33.932" /><testcase classname="tests.test_iter81_gen_community.TestRecipeGenerator" name="test_hydration_clamped" time="33.500" /><testcase classname="tests.test_iter81_gen_community.TestRecipeGenerator" name="test_non_pro_403" time="0.938" /><testcase classname="tests.test_iter81_gen_community.TestRecipeGenerator" name="test_unauth_401" time="0.149" /></testsuite></testsuites>