<?xml version="1.0" encoding="utf-8"?><testsuites name="pytest tests"><testsuite name="pytest" errors="0" failures="0" skipped="0" tests="7" time="3.429" timestamp="2026-09-05T10:24:45.207891+00:00" hostname="agent-env-28ba6ef5-b8e2-4605-b45d-3fa5249d385f"><testcase classname="tests.test_iter180_sequence_staffing.TestSequenceGuard" name="test_full_sequence_flow" time="1.599" /><testcase classname="tests.test_iter180_sequence_staffing.TestStaffing" name="test_get_staffing_public" time="0.854" /><testcase classname="tests.test_iter180_sequence_staffing.TestStaffing" name="test_put_staffing_requires_admin" time="0.141" /><testcase classname="tests.test_iter180_sequence_staffing.TestStaffing" name="test_absence_reduces_factor_and_pulse_alert" time="1.090" /><testcase classname="tests.test_iter180_sequence_staffing.TestSequenceGuard" name="test_force_bypass" time="0.201" /><testcase classname="tests.test_iter180_sequence_staffing.TestSequenceGuard" name="test_unknown_batch_404" time="0.647" /><testcase classname="tests.test_iter180_sequence_staffing.TestStaffing" name="test_regression_pulse_endpoints" time="0.438" /></testsuite></testsuites>