<?xml version="1.0" encoding="utf-8"?><testsuites name="pytest tests"><testsuite name="pytest" errors="0" failures="0" skipped="0" tests="4" time="41.457" timestamp="2026-08-21T09:42:59.819017+00:00" hostname="agent-env-28ba6ef5-b8e2-4605-b45d-3fa5249d385f"><testcase classname="tests.test_iter25_v78.TestCapoPreferment" name="test_plan_stream_mentions_water_reduction[poolish]" time="21.830" /><testcase classname="tests.test_iter25_v78.TestMikilabRecipes" name="test_42_recipes_and_panettone_naming" time="1.185" /><testcase classname="tests.test_iter25_v78.TestMikilabRecipes" name="test_panettone_detail_fields" time="0.092" /><testcase classname="tests.test_iter25_v78.TestCapoPreferment" name="test_plan_stream_mentions_water_reduction[licoli]" time="19.307" /></testsuite></testsuites>