<?xml version="1.0" encoding="utf-8"?><testsuites name="pytest tests"><testsuite name="pytest" errors="0" failures="1" skipped="0" tests="4" time="5.110" timestamp="2026-08-27T13:26:32.862897+00:00" hostname="agent-env-28ba6ef5-b8e2-4605-b45d-3fa5249d385f"><testcase classname="tests.test_iter91_academy_dm.TestDirectMessages" name="test_send_and_unread_flow" time="3.935"><failure message="assert False&#10; +  where False = all(&lt;generator object TestDirectMessages.test_send_and_unread_flow.&lt;locals&gt;.&lt;genexpr&gt; at 0xfd1807fbfed0&gt;)">tests/test_iter91_academy_dm.py:142: in test_send_and_unread_flow
    assert all("_id" not in m for m in th["messages"][0].keys())
E   assert False
E    +  where False = all(&lt;generator object TestDirectMessages.test_send_and_unread_flow.&lt;locals&gt;.&lt;genexpr&gt; at 0xfd1807fbfed0&gt;)</failure></testcase><testcase classname="tests.test_iter91_academy_dm.TestDirectMessages" name="test_reply_appears_both_sides" time="0.354" /><testcase classname="tests.test_iter91_academy_dm.TestDirectMessages" name="test_message_requires_auth" time="0.181" /><testcase classname="tests.test_iter91_academy_dm.TestDirectMessages" name="test_empty_message_rejected" time="0.180" /></testsuite></testsuites>