<?xml version="1.0" encoding="utf-8"?><testsuites name="pytest tests"><testsuite name="pytest" errors="0" failures="0" skipped="0" tests="17" time="4.011" timestamp="2026-09-04T08:29:01.439481+00:00" hostname="agent-env-28ba6ef5-b8e2-4605-b45d-3fa5249d385f"><testcase classname="tests.test_iter172_warehouse_real.TestConsume" name="test_consume_decrements_flour" time="0.514" /><testcase classname="tests.test_iter172_warehouse_real.TestDocs" name="test_pdf_available[IT]" time="0.372" /><testcase classname="tests.test_iter172_warehouse_real.TestDocs" name="test_pdf_available[DE]" time="0.083" /><testcase classname="tests.test_iter172_warehouse_real.TestDocs" name="test_pdf_available[EN]" time="0.068" /><testcase classname="tests.test_iter172_warehouse_real.TestConsume" name="test_consume_missing_item_reports_shortfall" time="0.082" /><testcase classname="tests.test_iter172_warehouse_real.TestDocs" name="test_pdf_available[ES]" time="0.071" /><testcase classname="tests.test_iter172_warehouse_real.TestConsume" name="test_consume_over_stock_clamps_to_zero" time="0.241" /><testcase classname="tests.test_iter172_warehouse_real.TestDocs" name="test_pdf_available[FR]" time="0.072" /><testcase classname="tests.test_iter172_warehouse_real.TestDocs" name="test_pdf_available[FA]" time="0.069" /><testcase classname="tests.test_iter172_warehouse_real.TestStats" name="test_stats_structure_and_days_left" time="0.203" /><testcase classname="tests.test_iter172_warehouse_real.TestConsume" name="test_consume_zero_kg_ignored" time="0.076" /><testcase classname="tests.test_iter172_warehouse_real.TestWarehouseCrud" name="test_list_warehouse" time="0.078" /><testcase classname="tests.test_iter172_warehouse_real.TestStats" name="test_stats_no_consumption_days_left_none" time="0.163" /><testcase classname="tests.test_iter172_warehouse_real.TestWarehouseCrud" name="test_create_and_persist" time="0.195" /><testcase classname="tests.test_iter172_warehouse_real.TestStats" name="test_consumption_log" time="0.063" /><testcase classname="tests.test_iter172_warehouse_real.TestTTS" name="test_tts_speak" time="2.281" /><testcase classname="tests.test_iter172_warehouse_real.TestWarehouseCrud" name="test_delete_removes" time="2.495" /></testsuite></testsuites>