<?xml version="1.0" encoding="utf-8"?><testsuites name="pytest tests"><testsuite name="pytest" errors="0" failures="1" skipped="0" tests="17" time="4.619" timestamp="2026-09-05T10:52:25.227840+00:00" hostname="agent-env-28ba6ef5-b8e2-4605-b45d-3fa5249d385f"><testcase classname="tests.test_iter181_production_os.TestSequenceBlockAlert" name="test_out_of_sequence_generates_pulse_alert" time="1.014" /><testcase classname="tests.test_iter181_production_os.TestSensorsLive" name="test_post_get_and_threshold_alerts" time="0.548" /><testcase classname="tests.test_iter181_production_os.TestStaffingApplyVolumes" name="test_apply_volumes_reduces_batch_pieces" time="0.986" /><testcase classname="tests.test_iter181_production_os.TestStaffingApplyVolumes" name="test_apply_volumes_requires_admin" time="0.101" /><testcase classname="tests.test_iter181_production_os.TestStaffingApplyVolumes" name="test_staffing_history" time="0.092" /><testcase classname="tests.test_iter181_production_os.TestProductionOS" name="test_universal_command_ui_personalization" time="0.202" /><testcase classname="tests.test_iter181_production_os.TestProductionOS" name="test_universal_command_device_added_and_scale_load" time="0.093"><failure message="AssertionError: assert 'ui_personalization' == 'device_added'&#10;  &#10;  - device_added&#10;  + ui_personalization">backend/tests/test_iter181_production_os.py:257: in test_universal_command_device_added_and_scale_load
    assert j.get("action_type") == "device_added"
E   AssertionError: assert 'ui_personalization' == 'device_added'
E     
E     - device_added
E     + ui_personalization</failure></testcase><testcase classname="tests.test_iter181_production_os.TestProductionOS" name="test_universal_command_requires_admin" time="0.098" /><testcase classname="tests.test_iter181_production_os.TestProductionOS" name="test_websocket_letz_passive_and_alert" time="0.259" /><testcase classname="tests.test_iter181_production_os.TestShiftPower" name="test_post_shift_assignment_super_saiyan" time="0.093" /><testcase classname="tests.test_iter181_production_os.TestShiftPower" name="test_shift_plan_lists_workers_with_aura" time="0.093" /><testcase classname="tests.test_iter181_production_os.TestShiftPower" name="test_patch_downgrades_aura" time="0.098" /><testcase classname="tests.test_iter181_production_os.TestShiftPower" name="test_leaderboard_rank1_title" time="0.098" /><testcase classname="tests.test_iter181_production_os.TestShiftPower" name="test_worker_aura_michele" time="0.103" /><testcase classname="tests.test_iter181_production_os.TestShiftPower" name="test_auth_required_for_writes" time="0.275" /><testcase classname="tests.test_iter181_production_os.TestShiftPower" name="test_delete_created" time="0.103" /><testcase classname="tests.test_iter181_production_os.TestMorningBriefing" name="test_morning_briefing_structure" time="0.205" /></testsuite></testsuites>