<?xml version="1.0" encoding="utf-8"?><testsuites name="pytest tests"><testsuite name="pytest" errors="0" failures="1" skipped="0" tests="10" time="130.514" timestamp="2026-08-19T08:52:37.766598+00:00" hostname="agent-env-28ba6ef5-b8e2-4605-b45d-3fa5249d385f"><testcase classname="tests.test_iter14_capo.TestLabConfig" name="test_get_lab_config_shape" time="0.269" /><testcase classname="tests.test_iter14_capo.TestLabConfig" name="test_put_and_persist" time="0.121" /><testcase classname="tests.test_iter14_capo.TestLabConfig" name="test_put_empty_defaults" time="0.058" /><testcase classname="tests.test_iter14_capo.TestCapoPlan" name="test_plan_stream_with_climate_warning" time="60.115"><failure message="AssertionError: SSE never sent done:true&#10;assert False is True">tests/test_iter14_capo.py:144: in test_plan_stream_with_climate_warning
    assert done is True, "SSE never sent done:true"
E   AssertionError: SSE never sent done:true
E   assert False is True</failure></testcase><testcase classname="tests.test_iter14_capo.TestCapoPlan" name="test_plan_no_items_still_streams" time="12.152" /><testcase classname="tests.test_iter14_capo.TestVisionModes" name="test_vision_mode_streams[laboratorio]" time="20.309" /><testcase classname="tests.test_iter14_capo.TestVisionModes" name="test_vision_mode_streams[macchine]" time="35.838" /><testcase classname="tests.test_iter14_capo.TestRegressions" name="test_mikilab_recipes" time="0.277" /><testcase classname="tests.test_iter14_capo.TestRegressions" name="test_personal_recipe_cycle" time="0.385" /><testcase classname="tests.test_iter14_capo.TestRegressions" name="test_upload_roundtrip" time="0.891" /></testsuite></testsuites>