<?xml version="1.0" encoding="utf-8"?><testsuites name="pytest tests"><testsuite name="pytest" errors="0" failures="0" skipped="0" tests="14" time="3.814" timestamp="2026-09-17T13:57:36.356922+00:00" hostname="agent-env-28ba6ef5-b8e2-4605-b45d-3fa5249d385f"><testcase classname="tests.test_iter263_depts_and_removed" name="test_depts_base_five_present" time="0.530" /><testcase classname="tests.test_iter263_depts_and_removed" name="test_depts_rename_and_recolor_base" time="0.260" /><testcase classname="tests.test_iter263_depts_and_removed" name="test_depts_create_custom_patch_delete" time="0.783" /><testcase classname="tests.test_iter263_depts_and_removed" name="test_depts_hide_base_and_restore" time="0.438" /><testcase classname="tests.test_iter263_depts_and_removed" name="test_regression_base_dept_machines_still_work" time="0.449" /><testcase classname="tests.test_iter263_depts_and_removed" name="test_regression_assign_and_coordination" time="0.148" /><testcase classname="tests.test_iter263_depts_and_removed" name="test_removed_endpoints_get_404[/api/academy/catalog]" time="0.306" /><testcase classname="tests.test_iter263_depts_and_removed" name="test_removed_endpoints_get_404[/api/academy/my]" time="0.092" /><testcase classname="tests.test_iter263_depts_and_removed" name="test_removed_endpoints_get_404[/api/subscription/status]" time="0.089" /><testcase classname="tests.test_iter263_depts_and_removed" name="test_removed_endpoints_post_404[/api/academy/coach]" time="0.080" /><testcase classname="tests.test_iter263_depts_and_removed" name="test_removed_endpoints_post_404[/api/trial/activate]" time="0.074" /><testcase classname="tests.test_iter263_depts_and_removed" name="test_admin_gate_guest_put_removed" time="0.080" /><testcase classname="tests.test_iter263_depts_and_removed" name="test_mike_access_requests_requires_admin" time="0.299" /><testcase classname="tests.test_iter263_depts_and_removed" name="test_mike_access_requests_admin_ok" time="0.113" /></testsuite></testsuites>