<?xml version="1.0" encoding="utf-8"?><testsuites name="pytest tests"><testsuite name="pytest" errors="0" failures="0" skipped="0" tests="6" time="42.953" timestamp="2026-09-10T14:30:21.106629+00:00" hostname="agent-env-28ba6ef5-b8e2-4605-b45d-3fa5249d385f"><testcase classname="tests.test_iter226_operator_floor" name="test_gate_master" time="0.368" /><testcase classname="tests.test_iter226_operator_floor" name="test_gate_operator_marco" time="2.263" /><testcase classname="tests.test_iter226_operator_floor" name="test_operator_pin_lifecycle" time="2.060" /><testcase classname="tests.test_iter226_operator_floor" name="test_sitor_guide_with_machines" time="14.207" /><testcase classname="tests.test_iter226_operator_floor" name="test_sitor_guide_without_machines" time="15.069" /><testcase classname="tests.test_iter226_operator_floor" name="test_change_request_flow" time="8.612" /></testsuite></testsuites>