<?xml version="1.0" encoding="utf-8"?><testsuites name="pytest tests"><testsuite name="pytest" errors="0" failures="0" skipped="0" tests="30" time="22.492" timestamp="2026-09-16T12:38:56.785831+00:00" hostname="agent-env-28ba6ef5-b8e2-4605-b45d-3fa5249d385f"><testcase classname="tests.test_iter258_multiorg_invites.TestMultiOrg" name="test_orgs_list_owner" time="0.728" /><testcase classname="tests.test_iter258_multiorg_invites.TestMultiOrg" name="test_org_create" time="0.241" /><testcase classname="tests.test_iter258_multiorg_invites.TestMultiOrg" name="test_org_switch_and_active_updates" time="0.168" /><testcase classname="tests.test_iter258_multiorg_invites.TestMultiOrg" name="test_org_rename" time="0.111" /><testcase classname="tests.test_iter258_multiorg_invites.TestMultiOrg" name="test_isolation_machines_between_orgs" time="11.878" /><testcase classname="tests.test_iter258_multiorg_invites.TestMultiOrg" name="test_switch_forbidden_for_non_member" time="0.169" /><testcase classname="tests.test_iter258_multiorg_invites.TestFloorInvites" name="test_public_info_valid" time="0.500" /><testcase classname="tests.test_iter258_multiorg_invites.TestFloorInvites" name="test_invite_list_shows_invite" time="0.095" /><testcase classname="tests.test_iter258_multiorg_invites.TestFloorInvites" name="test_redeem_bad_pin_length" time="0.258" /><testcase classname="tests.test_iter258_multiorg_invites.TestFloorInvites" name="test_redeem_success_and_admin_gate_verify" time="2.634" /><testcase classname="tests.test_iter258_multiorg_invites.TestFloorInvites" name="test_redeem_pin_duplicate_conflict" time="1.074" /><testcase classname="tests.test_iter258_multiorg_invites.TestFloorInvites" name="test_redeem_invalid_token" time="0.488" /><testcase classname="tests.test_iter258_multiorg_invites.TestFloorInvites" name="test_revoke_invite" time="0.310" /><testcase classname="tests.test_iter258_multiorg_invites.TestLiveStateIsolation" name="test_staffing_isolation" time="0.582" /><testcase classname="tests.test_iter258_multiorg_invites.TestLiveStateIsolation" name="test_rest_mode_isolation" time="0.643" /><testcase classname="tests.test_iter258_multiorg_invites.TestLiveStateIsolation" name="test_sensors_live_isolation" time="0.684" /><testcase classname="tests.test_iter258_multiorg_invites.TestLiveEndpointsSmoke" name="test_endpoint_no_500[/deck/status]" time="0.084" /><testcase classname="tests.test_iter258_multiorg_invites.TestLiveEndpointsSmoke" name="test_endpoint_no_500[/lab/pulse]" time="0.086" /><testcase classname="tests.test_iter258_multiorg_invites.TestLiveEndpointsSmoke" name="test_endpoint_no_500[/lab/pulse/history]" time="0.088" /><testcase classname="tests.test_iter258_multiorg_invites.TestLiveEndpointsSmoke" name="test_endpoint_no_500[/lab/staffing]" time="0.090" /><testcase classname="tests.test_iter258_multiorg_invites.TestLiveEndpointsSmoke" name="test_endpoint_no_500[/lab/staffing/history]" time="0.081" /><testcase classname="tests.test_iter258_multiorg_invites.TestLiveEndpointsSmoke" name="test_endpoint_no_500[/lab/sensors/live]" time="0.082" /><testcase classname="tests.test_iter258_multiorg_invites.TestLiveEndpointsSmoke" name="test_endpoint_no_500[/lab/rest-mode]" time="0.088" /><testcase classname="tests.test_iter258_multiorg_invites.TestLiveEndpointsSmoke" name="test_endpoint_no_500[/lab/wake]" time="0.093" /><testcase classname="tests.test_iter258_multiorg_invites.TestLiveEndpointsSmoke" name="test_endpoint_no_500[/lab/floor-plan]" time="0.088" /><testcase classname="tests.test_iter258_multiorg_invites.TestLiveEndpointsSmoke" name="test_endpoint_no_500[/lab/shift/checkin]" time="0.086" /><testcase classname="tests.test_iter258_multiorg_invites.TestLiveEndpointsSmoke" name="test_endpoint_no_500[/shift/handoff]" time="0.234" /><testcase classname="tests.test_iter258_multiorg_invites.TestLiveEndpointsSmoke" name="test_endpoint_no_500[/ai/morning-briefing]" time="0.091" /><testcase classname="tests.test_iter258_multiorg_invites.TestLiveEndpointsSmoke" name="test_endpoint_no_500[/production/shift-plan]" time="0.096" /><testcase classname="tests.test_iter258_multiorg_invites" name="test_zz_cleanup_final" time="0.517" /></testsuite></testsuites>