<?xml version="1.0" encoding="utf-8"?><testsuites name="pytest tests"><testsuite name="pytest" errors="0" failures="0" skipped="0" tests="10" time="12.781" timestamp="2026-09-04T12:57:32.661699+00:00" hostname="agent-env-28ba6ef5-b8e2-4605-b45d-3fa5249d385f"><testcase classname="tests.test_iter177_floorplan.TestFloorPlan" name="test_00_clear_state_with_auth" time="0.441" /><testcase classname="tests.test_iter177_floorplan.TestFloorPlan" name="test_01_get_public_returns_null_when_empty" time="0.149" /><testcase classname="tests.test_iter177_floorplan.TestFloorPlan" name="test_02_put_without_auth_401" time="0.079" /><testcase classname="tests.test_iter177_floorplan.TestFloorPlan" name="test_03_delete_without_auth_401" time="0.079" /><testcase classname="tests.test_iter177_floorplan.TestFloorPlan" name="test_04_put_with_auth_and_get_reflects" time="0.147" /><testcase classname="tests.test_iter177_floorplan.TestFloorPlan" name="test_05_put_is_singleton_upsert" time="0.146" /><testcase classname="tests.test_iter177_floorplan.TestFloorPlan" name="test_06_invalid_lang_falls_back_to_it" time="0.077" /><testcase classname="tests.test_iter177_floorplan.TestFloorPlan" name="test_07_missing_plan_validation" time="0.070" /><testcase classname="tests.test_iter177_floorplan.TestFloorPlan" name="test_08_delete_with_auth_clears" time="0.145" /><testcase classname="tests.test_iter177_floorplan.TestOrdiniExtraAI" name="test_ordini_extra_requires_auth_or_works" time="11.367" /></testsuite></testsuites>