<?xml version="1.0" encoding="utf-8"?><testsuites name="pytest tests"><testsuite name="pytest" errors="0" failures="0" skipped="0" tests="12" time="1.827" timestamp="2026-08-31T10:38:56.968056+00:00" hostname="agent-env-28ba6ef5-b8e2-4605-b45d-3fa5249d385f"><testcase classname="tests.test_iter148_flyer_tiktok_csv.TestAssets" name="test_asset_200[qr-mikilab.png]" time="0.190" /><testcase classname="tests.test_iter148_flyer_tiktok_csv.TestAssets" name="test_asset_200[locandina-mikilab.png]" time="0.142" /><testcase classname="tests.test_iter148_flyer_tiktok_csv.TestAssets" name="test_asset_200[locandina-mikilab-de.png]" time="0.152" /><testcase classname="tests.test_iter148_flyer_tiktok_csv.TestSocialClick" name="test_click_test_channel_increments" time="0.748" /><testcase classname="tests.test_iter148_flyer_tiktok_csv.TestAssets" name="test_asset_200[locandina-mikilab-en.png]" time="0.204" /><testcase classname="tests.test_iter148_flyer_tiktok_csv.TestAssets" name="test_asset_200[locandina-mikilab-es.png]" time="0.205" /><testcase classname="tests.test_iter148_flyer_tiktok_csv.TestSocialClick" name="test_click_flyer_channel" time="0.178" /><testcase classname="tests.test_iter148_flyer_tiktok_csv.TestAssets" name="test_asset_200[locandina-mikilab-fr.png]" time="0.180" /><testcase classname="tests.test_iter148_flyer_tiktok_csv.TestSocialLogs" name="test_logs_admin_ok" time="0.054" /><testcase classname="tests.test_iter148_flyer_tiktok_csv.TestSocialLogs" name="test_logs_requires_admin" time="0.115" /><testcase classname="tests.test_iter148_flyer_tiktok_csv.TestAssets" name="test_qr_encodes_ref_flyer" time="0.282" /><testcase classname="tests.test_iter148_flyer_tiktok_csv" name="test_site_settings_public" time="0.137" /></testsuite></testsuites>