<?xml version="1.0" encoding="utf-8"?><testsuites name="pytest tests"><testsuite name="pytest" errors="0" failures="2" skipped="0" tests="44" time="10.506" timestamp="2026-09-16T23:48:06.963483+00:00" hostname="agent-env-28ba6ef5-b8e2-4605-b45d-3fa5249d385f"><testcase classname="tests.test_iter260_broad_regression" name="test_endpoint_no_500[/api/orgs]" time="0.589" /><testcase classname="tests.test_iter260_broad_regression" name="test_endpoint_no_500[/api/mike/silos]" time="0.054" /><testcase classname="tests.test_iter260_broad_regression" name="test_endpoint_no_500[/api/mike/machines]" time="0.052" /><testcase classname="tests.test_iter260_broad_regression" name="test_endpoint_no_500[/api/recipes?scope=personal]" time="0.164" /><testcase classname="tests.test_iter260_broad_regression" name="test_endpoint_no_500[/api/coordination/active]" time="0.058" /><testcase classname="tests.test_iter260_broad_regression" name="test_endpoint_no_500[/api/coordination/settings]" time="0.051" /><testcase classname="tests.test_iter260_broad_regression" name="test_endpoint_no_500[/api/delivery/run]" time="0.049" /><testcase classname="tests.test_iter260_broad_regression" name="test_endpoint_no_500[/api/lab/pulse]" time="0.060" /><testcase classname="tests.test_iter260_broad_regression" name="test_endpoint_no_500[/api/lab/pulse/history]" time="0.050" /><testcase classname="tests.test_iter260_broad_regression" name="test_endpoint_no_500[/api/deck/status]" time="0.058" /><testcase classname="tests.test_iter260_broad_regression" name="test_endpoint_no_500[/api/mike/b2b/orders]" time="0.054" /><testcase classname="tests.test_iter260_broad_regression" name="test_endpoint_no_500[/api/production/shift-plan]" time="0.113" /><testcase classname="tests.test_iter260_broad_regression" name="test_endpoint_no_500[/api/production/leaderboard]" time="0.053" /><testcase classname="tests.test_iter260_broad_regression" name="test_endpoint_no_500[/api/compliance/timelog]" time="0.306" /><testcase classname="tests.test_iter260_broad_regression" name="test_endpoint_no_500[/api/compliance/safety]" time="0.051" /><testcase classname="tests.test_iter260_broad_regression" name="test_endpoint_no_500[/api/enterprise/sites]" time="0.048" /><testcase classname="tests.test_iter260_broad_regression" name="test_endpoint_no_500[/api/enterprise/overview]" time="0.048" /><testcase classname="tests.test_iter260_broad_regression" name="test_endpoint_no_500[/api/operators/skills]" time="0.054" /><testcase classname="tests.test_iter260_broad_regression" name="test_endpoint_no_500[/api/mike/briefing/floor?role=fornaio]" time="0.052" /><testcase classname="tests.test_iter260_broad_regression" name="test_endpoint_no_500[/api/mike/deus/production-queue]" time="0.061" /><testcase classname="tests.test_iter260_broad_regression" name="test_endpoint_no_500[/api/delegation/tasks]" time="0.059" /><testcase classname="tests.test_iter260_broad_regression" name="test_endpoint_no_500[/api/batches/active]" time="0.051" /><testcase classname="tests.test_iter260_broad_regression" name="test_endpoint_no_500[/api/lab/warehouse/consumption]" time="0.057" /><testcase classname="tests.test_iter260_broad_regression" name="test_endpoint_no_500[/api/mike/timeline]" time="0.054" /><testcase classname="tests.test_iter260_broad_regression" name="test_endpoint_no_500[/api/mike/mikiscore/history]" time="0.054" /><testcase classname="tests.test_iter260_broad_regression" name="test_endpoint_no_500[/api/ai/morning-briefing]" time="0.055" /><testcase classname="tests.test_iter260_broad_regression" name="test_endpoint_no_500[/api/shift/handoff]" time="3.730" /><testcase classname="tests.test_iter260_broad_regression" name="test_endpoint_no_500[/api/deck/alarms/history]" time="0.060" /><testcase classname="tests.test_iter260_broad_regression" name="test_asset_available[/logo-emblem.png]" time="0.191" /><testcase classname="tests.test_iter260_broad_regression" name="test_asset_available[/logo.png]" time="0.255" /><testcase classname="tests.test_iter260_broad_regression" name="test_asset_available[/avatar_nexus.jpg]" time="0.309" /><testcase classname="tests.test_iter260_broad_regression" name="test_asset_available[/avatar_sitor.jpg]" time="0.316" /><testcase classname="tests.test_iter260_broad_regression" name="test_asset_available[/sitor-full.jpg]" time="0.170" /><testcase classname="tests.test_iter260_broad_regression" name="test_asset_available[/sitor-oven.jpg]" time="0.236" /><testcase classname="tests.test_iter260_broad_regression" name="test_asset_available[/og-image.jpg]" time="0.163" /><testcase classname="tests.test_iter260_broad_regression" name="test_asset_available[/icon-192.png]" time="0.153" /><testcase classname="tests.test_iter260_broad_regression" name="test_asset_available[/icon-512.png]" time="0.272" /><testcase classname="tests.test_iter260_broad_regression" name="test_asset_available[/favicon.ico]" time="0.165" /><testcase classname="tests.test_iter260_broad_regression" name="test_asset_available[/apple-touch-icon.png]" time="0.174" /><testcase classname="tests.test_iter260_broad_regression" name="test_asset_available[/michele-real-lab.jpg]" time="0.169" /><testcase classname="tests.test_iter260_broad_regression" name="test_asset_available[/avatar_miki.jpg]" time="0.238" /><testcase classname="tests.test_iter260_broad_regression" name="test_sitor_avatar_identity" time="1.322"><failure message="AssertionError: Sitor images differ: {'/avatar_sitor.jpg': '321a8580ff13021c91cdef28e94424d9', '/sitor-full.jpg': '321a8580ff13021c91cdef28e94424d9', '/sitor-oven.jpg': '067404596f8a8bfb692acee777fa6b47', '/avatar_nexus.jpg': '321a8580ff13021c91cdef28e94424d9'}&#10;assert 2 == 1&#10; +  where 2 = len({'067404596f8a8bfb692acee777fa6b47', '321a8580ff13021c91cdef28e94424d9'})">backend/tests/test_iter260_broad_regression.py:119: in test_sitor_avatar_identity
    assert len(unique) == 1, f"Sitor images differ: {hashes}"
E   AssertionError: Sitor images differ: {'/avatar_sitor.jpg': '321a8580ff13021c91cdef28e94424d9', '/sitor-full.jpg': '321a8580ff13021c91cdef28e94424d9', '/sitor-oven.jpg': '067404596f8a8bfb692acee777fa6b47', '/avatar_nexus.jpg': '321a8580ff13021c91cdef28e94424d9'}
E   assert 2 == 1
E    +  where 2 = len({'067404596f8a8bfb692acee777fa6b47', '321a8580ff13021c91cdef28e94424d9'})</failure></testcase><testcase classname="tests.test_iter260_broad_regression" name="test_index_seo" time="0.100" /><testcase classname="tests.test_iter260_broad_regression" name="test_translations_coverage" time="0.009"><failure message="AssertionError: Missing translation lang: fr&#10;assert 'fr' in {'Pacchetto sbloccato! Ti abbiamo inviato il PDF via email 📧🥖': {'fr': 'Paquet débloqué ! Nous vous avons envoyé le PDF par email 📧🥖', 'fa': 'بسته باز شد! PDF را برای شما ایمیل کردیم 📧🥖'}, 'Ricetta sbloccata! Buon lavoro 👨\u200d🍳': {'fr': 'Recette débloquée ! Bon travail 👨\u200d🍳', 'fa': 'دستور پخت باز شد! موفق باشید 👨\u200d🍳'}, 'Abbonamento attivo! Grazie 🙏': {'fr': 'Abonnement actif ! Merci 🙏', 'fa': 'اشتراک فعال شد! ممنون 🙏'}, 'Prova di 7 giorni attivata! Nessun addebito automatico 🎉': {'fr': 'Essai de 7 jours activé ! Aucun débit automatique 🎉', 'fa': 'دوره آزمایشی ۷ روزه فعال شد! هیچ پرداخت خودکاری وجود ندارد 🎉'}, ...}">backend/tests/test_iter260_broad_regression.py:146: in test_translations_coverage
    assert lang in data, f"Missing translation lang: {lang}"
E   AssertionError: Missing translation lang: fr
E   assert 'fr' in {'Pacchetto sbloccato! Ti abbiamo inviato il PDF via email 📧🥖': {'fr': 'Paquet débloqué ! Nous vous avons envoyé le PDF par email 📧🥖', 'fa': 'بسته باز شد! PDF را برای شما ایمیل کردیم 📧🥖'}, 'Ricetta sbloccata! Buon lavoro 👨\u200d🍳': {'fr': 'Recette débloquée ! Bon travail 👨\u200d🍳', 'fa': 'دستور پخت باز شد! موفق باشید 👨\u200d🍳'}, 'Abbonamento attivo! Grazie 🙏': {'fr': 'Abonnement actif ! Merci 🙏', 'fa': 'اشتراک فعال شد! ممنون 🙏'}, 'Prova di 7 giorni attivata! Nessun addebito automatico 🎉': {'fr': 'Essai de 7 jours activé ! Aucun débit automatique 🎉', 'fa': 'دوره آزمایشی ۷ روزه فعال شد! هیچ پرداخت خودکاری وجود ندارد 🎉'}, ...}</failure></testcase></testsuite></testsuites>