<?xml version="1.0" encoding="utf-8"?><testsuites name="pytest tests"><testsuite name="pytest" errors="0" failures="0" skipped="0" tests="11" time="2.309" timestamp="2026-08-30T13:17:16.805744+00:00" hostname="agent-env-28ba6ef5-b8e2-4605-b45d-3fa5249d385f"><testcase classname="tests.test_iter132_combos.TestComboCrud" name="test_list_shape" time="0.809" /><testcase classname="tests.test_iter132_combos.TestComboAuth" name="test_get_requires_auth" time="0.810" /><testcase classname="tests.test_iter132_combos.TestComboCrud" name="test_sync_creates_and_get_persists" time="0.103" /><testcase classname="tests.test_iter132_combos.TestComboAuth" name="test_sync_requires_auth" time="0.166" /><testcase classname="tests.test_iter132_combos.TestComboCrud" name="test_sync_upsert_updates_no_duplicate" time="0.052" /><testcase classname="tests.test_iter132_combos.TestComboCrud" name="test_sync_empty_returns_full_list" time="0.051" /><testcase classname="tests.test_iter132_combos.TestComboAuth" name="test_delete_requires_auth" time="0.180" /><testcase classname="tests.test_iter132_combos.TestComboCrud" name="test_sync_rejects_bad_payload" time="0.053" /><testcase classname="tests.test_iter132_combos.TestComboCrud" name="test_delete_removes" time="0.150" /><testcase classname="tests.test_iter132_combos.TestComboIsolation" name="test_other_user_does_not_see_admin_combo" time="0.771" /><testcase classname="tests.test_iter132_combos.TestComboCrud" name="test_delete_unknown_is_idempotent" time="0.190" /></testsuite></testsuites>