<?xml version="1.0" encoding="utf-8"?><testsuites name="pytest tests"><testsuite name="pytest" errors="0" failures="0" skipped="0" tests="40" time="42.808" timestamp="2026-08-17T17:16:23.271595+00:00" hostname="agent-env-28ba6ef5-b8e2-4605-b45d-3fa5249d385f"><testcase classname="tests.test_iter3_features.TestWeeklyPlan" name="test_get_returns_null_or_plan" time="0.433" /><testcase classname="tests.backend_test.TestRecipes" name="test_mikilab_seeded" time="0.269" /><testcase classname="tests.backend_test.TestRecipes" name="test_mikilab_seed_idempotent" time="0.259" /><testcase classname="tests.test_iter3_features.TestWeeklyPlan" name="test_put_upsert_and_persist" time="0.358" /><testcase classname="tests.backend_test.TestRecipes" name="test_personal_collection_has_no_examples" time="0.120" /><testcase classname="tests.backend_test.TestRecipes" name="test_recipe_full_crud" time="0.749" /><testcase classname="tests.test_iter3_features.TestWeeklyPlan" name="test_put_overwrites_single_doc" time="0.220" /><testcase classname="tests.test_iter3_features.TestWeeklyPlan" name="test_put_empty_items_allowed" time="0.229" /><testcase classname="tests.test_iter3_features.TestWeeklyPlan" name="test_put_invalid_item_rejected" time="0.087" /><testcase classname="tests.test_iter3_features.TestWeeklyPlan" name="test_item_id_autogenerated_when_missing" time="0.290" /><testcase classname="tests.backend_test.TestRecipes" name="test_update_missing_recipe_404" time="0.085" /><testcase classname="tests.backend_test.TestRecipes" name="test_delete_missing_recipe_404" time="0.089" /><testcase classname="tests.backend_test.TestRecipes" name="test_create_recipe_validation" time="0.117" /><testcase classname="tests.test_new_features.TestProductionPlan" name="test_get_returns_json_null_or_plan" time="0.176" /><testcase classname="tests.test_new_features.TestAnnouncements" name="test_get_seeds_defaults" time="0.207" /><testcase classname="tests.test_new_features.TestProductionPlan" name="test_put_upsert_and_persist" time="0.150" /><testcase classname="tests.test_new_features.TestAnnouncements" name="test_get_seed_idempotent" time="0.307" /><testcase classname="tests.test_new_features.TestProductionPlan" name="test_put_overwrites_single_doc" time="0.140" /><testcase classname="tests.test_new_features.TestProductionPlan" name="test_put_validation_422" time="0.145" /><testcase classname="tests.test_new_features.TestAnnouncements" name="test_crud_flow" time="0.745" /><testcase classname="tests.test_new_features.TestProductionPlan" name="test_phase_hours_defaults_to_zero" time="0.071" /><testcase classname="tests.test_iter3_features.TestVision" name="test_vision_difetti_jpeg" time="16.417" /><testcase classname="tests.test_new_features.TestAnnouncements" name="test_create_without_details" time="0.199" /><testcase classname="tests.test_new_features.TestAnnouncements" name="test_validation_and_404s" time="0.461" /><testcase classname="tests.backend_test.TestOvenProfiles" name="test_list_no_examples" time="0.156" /><testcase classname="tests.backend_test.TestOvenProfiles" name="test_oven_profile_crud" time="0.475" /><testcase classname="tests.backend_test.TestOvenProfiles" name="test_oven_404s" time="0.151" /><testcase classname="tests.backend_test.TestOvenProfiles" name="test_oven_validation" time="0.077" /><testcase classname="tests.backend_test.TestMaestroChat" name="test_chat_streams_sse" time="11.092" /><testcase classname="tests.backend_test.TestMaestroChat" name="test_history_unknown_session_empty" time="0.080" /><testcase classname="tests.backend_test.TestMaestroChat" name="test_chat_validation" time="0.072" /><testcase classname="tests.test_new_features.TestDuplicateAndScaleBackend" name="test_duplicate_creates_independent_copy" time="0.388" /><testcase classname="tests.test_new_features.TestDuplicateAndScaleBackend" name="test_scaled_recipe_keeps_hydration" time="0.265" /><testcase classname="tests.test_iter3_features.TestAnnouncementValidation" name="test_create_empty_title_422" time="0.157" /><testcase classname="tests.test_iter3_features.TestAnnouncementValidation" name="test_create_trims_title_and_delete" time="0.519" /><testcase classname="tests.backend_test.TestHealth" name="test_root" time="0.261" /><testcase classname="tests.test_iter3_features.TestVision" name="test_vision_ingredienti_png" time="11.161" /><testcase classname="tests.test_iter3_features.TestVision" name="test_vision_accepts_data_url_prefix" time="11.573" /><testcase classname="tests.test_iter3_features.TestVision" name="test_vision_missing_fields_422" time="0.214" /><testcase classname="tests.test_iter3_features.TestVision" name="test_vision_invalid_image_does_not_500" time="0.464" /></testsuite></testsuites>