<?xml version="1.0" encoding="utf-8"?><testsuites name="pytest tests"><testsuite name="pytest" errors="0" failures="0" skipped="0" tests="8" time="2.252" timestamp="2026-08-31T09:44:01.215797+00:00" hostname="agent-env-28ba6ef5-b8e2-4605-b45d-3fa5249d385f"><testcase classname="tests.test_iter145_tiktok_settings" name="test_public_site_settings" time="0.441" /><testcase classname="tests.test_iter145_tiktok_settings" name="test_admin_put_strips_at" time="0.215" /><testcase classname="tests.test_iter145_tiktok_settings" name="test_admin_put_extracts_from_url" time="0.112" /><testcase classname="tests.test_iter145_tiktok_settings" name="test_admin_put_requires_auth" time="0.104" /><testcase classname="tests.test_iter145_tiktok_settings" name="test_admin_put_non_admin_forbidden" time="0.459" /><testcase classname="tests.test_iter145_tiktok_settings" name="test_flyer_assets[locandina-mikilab.png]" time="0.162" /><testcase classname="tests.test_iter145_tiktok_settings" name="test_flyer_assets[locandina-mikilab-de.png]" time="0.223" /><testcase classname="tests.test_iter145_tiktok_settings" name="test_flyer_assets[locandina-mikilab-en.png]" time="0.213" /></testsuite></testsuites>