<?xml version="1.0" encoding="utf-8"?><testsuites name="pytest tests"><testsuite name="pytest" errors="0" failures="1" skipped="0" tests="22" time="8.833" timestamp="2026-08-19T21:53:28.901871+00:00" hostname="agent-env-28ba6ef5-b8e2-4605-b45d-3fa5249d385f"><testcase classname="tests.test_iter17_auth.TestAuth" name="test_me_unauthenticated_401" time="1.907" /><testcase classname="tests.test_iter17_auth.TestAuth" name="test_recipes_unauthenticated_401" time="0.225" /><testcase classname="tests.test_iter17_auth.TestAuth" name="test_recipes_personal_unauthenticated_401" time="0.150" /><testcase classname="tests.test_iter17_auth.TestRecipeScoping" name="test_mikilab_readable_by_normal_user" time="2.322" /><testcase classname="tests.test_iter17_auth.TestAuth" name="test_login_admin_role_and_cookie" time="0.649" /><testcase classname="tests.test_iter17_auth.TestRecipeScoping" name="test_personal_isolation_and_persistence" time="1.334" /><testcase classname="tests.test_iter17_auth.TestAuth" name="test_login_user_role" time="0.359" /><testcase classname="tests.test_iter17_auth.TestAuth" name="test_login_wrong_password_401" time="0.330" /><testcase classname="tests.test_iter17_auth.TestAuth" name="test_login_unknown_email_401" time="0.147" /><testcase classname="tests.test_iter17_auth.TestRecipeScoping" name="test_normal_user_cannot_create_mikilab" time="0.082" /><testcase classname="tests.test_iter17_auth.TestRecipeScoping" name="test_normal_user_cannot_update_mikilab" time="0.476" /><testcase classname="tests.test_iter17_auth.TestAuth" name="test_me_with_cookie" time="0.406" /><testcase classname="tests.test_iter17_auth.TestAuth" name="test_me_with_bearer_token" time="0.505" /><testcase classname="tests.test_iter17_auth.TestRecipeScoping" name="test_admin_can_update_mikilab" time="0.402" /><testcase classname="tests.test_iter17_auth.TestRecipeScoping" name="test_zz_cleanup" time="0.162" /><testcase classname="tests.test_iter17_auth.TestAuth" name="test_invalid_token_401" time="0.121" /><testcase classname="tests.test_iter17_auth.TestOtherEndpoints" name="test_public_or_auth_endpoints_reachable[/announcements]" time="0.121" /><testcase classname="tests.test_iter17_auth.TestAuth" name="test_register_new_user_then_logout" time="0.761" /><testcase classname="tests.test_iter17_auth.TestOtherEndpoints" name="test_public_or_auth_endpoints_reachable[/news]" time="0.281" /><testcase classname="tests.test_iter17_auth.TestOtherEndpoints" name="test_public_or_auth_endpoints_reachable[/courses]" time="0.121" /><testcase classname="tests.test_iter17_auth.TestAuth" name="test_register_missing_password_400" time="0.125" /><testcase classname="tests.test_iter17_auth.TestAuth" name="test_brute_force_lockout" time="2.620"><failure message="AssertionError: no rate limiting/lockout, codes=[401, 401, 401, 401, 401, 401, 401]&#10;assert 429 in [401, 401, 401, 401, 401, 401, ...]">tests/test_iter17_auth.py:120: in test_brute_force_lockout
    assert 429 in codes, f"no rate limiting/lockout, codes={codes}"
E   AssertionError: no rate limiting/lockout, codes=[401, 401, 401, 401, 401, 401, 401]
E   assert 429 in [401, 401, 401, 401, 401, 401, ...]</failure></testcase></testsuite></testsuites>