<?xml version="1.0" encoding="utf-8"?><testsuites name="pytest tests"><testsuite name="pytest" errors="0" failures="0" skipped="0" tests="10" time="2.083" timestamp="2026-09-05T11:32:26.816597+00:00" hostname="agent-env-28ba6ef5-b8e2-4605-b45d-3fa5249d385f"><testcase classname="tests.test_iter183_dualmode.TestRecipeAudit" name="test_audit_requires_admin" time="0.131" /><testcase classname="tests.test_iter183_dualmode.TestRecipeAudit" name="test_audit_with_ingredients" time="0.441" /><testcase classname="tests.test_iter183_dualmode.TestRecipeAudit" name="test_audit_with_recipe_id" time="0.334" /><testcase classname="tests.test_iter183_dualmode.TestProductionLine" name="test_line_hydration_80_delicato" time="0.111" /><testcase classname="tests.test_iter183_dualmode.TestProductionLine" name="test_line_hydration_60_forte" time="0.115" /><testcase classname="tests.test_iter183_dualmode.TestOmni" name="test_omni" time="0.096" /><testcase classname="tests.test_iter183_dualmode.TestWeekly" name="test_weekly" time="0.096" /><testcase classname="tests.test_iter183_dualmode.TestAddSite" name="test_anon_cannot_create" time="0.095" /><testcase classname="tests.test_iter183_dualmode.TestAddSite" name="test_create_verify_delete" time="0.465" /><testcase classname="tests.test_iter183_dualmode.TestPulseRegression" name="test_pulse_sereno" time="0.114" /></testsuite></testsuites>