<?xml version="1.0" encoding="utf-8"?><testsuites name="pytest tests"><testsuite name="pytest" errors="0" failures="0" skipped="0" tests="5" time="40.815" timestamp="2026-09-11T15:26:37.117713+00:00" hostname="agent-env-28ba6ef5-b8e2-4605-b45d-3fa5249d385f"><testcase classname="tests.test_iter230_autoplan_freezer_sensors" name="test_autoplan_accepts_machines_and_freezer_stock" time="10.980" /><testcase classname="tests.test_iter230_autoplan_freezer_sensors" name="test_autoplan_options_accepts_freezer_stock" time="19.075" /><testcase classname="tests.test_iter230_autoplan_freezer_sensors" name="test_autoplan_extra_fields_no_longer_ignored" time="10.225" /><testcase classname="tests.test_iter230_autoplan_freezer_sensors" name="test_sensors_post_and_readings" time="0.142" /><testcase classname="tests.test_iter230_autoplan_freezer_sensors" name="test_sensors_cleanup" time="0.061" /></testsuite></testsuites>