<?xml version="1.0" encoding="utf-8"?><testsuites name="pytest tests"><testsuite name="pytest" errors="0" failures="0" skipped="0" tests="27" time="11.853" timestamp="2026-08-17T16:34:10.621655+00:00" hostname="agent-env-28ba6ef5-b8e2-4605-b45d-3fa5249d385f"><testcase classname="tests.test_new_features.TestProductionPlan" name="test_get_returns_json_null_or_plan" time="0.263" /><testcase classname="tests.backend_test.TestRecipes" name="test_mikilab_seeded" time="0.162" /><testcase classname="tests.backend_test.TestRecipes" name="test_mikilab_seed_idempotent" time="0.148" /><testcase classname="tests.test_new_features.TestProductionPlan" name="test_put_upsert_and_persist" time="0.195" /><testcase classname="tests.backend_test.TestRecipes" name="test_personal_collection_has_no_examples" time="0.077" /><testcase classname="tests.backend_test.TestRecipes" name="test_recipe_full_crud" time="0.623" /><testcase classname="tests.test_new_features.TestProductionPlan" name="test_put_overwrites_single_doc" time="0.216" /><testcase classname="tests.test_new_features.TestProductionPlan" name="test_put_validation_422" time="0.195" /><testcase classname="tests.test_new_features.TestProductionPlan" name="test_phase_hours_defaults_to_zero" time="0.078" /><testcase classname="tests.test_new_features.TestAnnouncements" name="test_get_seeds_defaults" time="0.084" /><testcase classname="tests.backend_test.TestRecipes" name="test_update_missing_recipe_404" time="0.077" /><testcase classname="tests.test_new_features.TestAnnouncements" name="test_get_seed_idempotent" time="0.212" /><testcase classname="tests.backend_test.TestRecipes" name="test_delete_missing_recipe_404" time="0.073" /><testcase classname="tests.backend_test.TestRecipes" name="test_create_recipe_validation" time="0.065" /><testcase classname="tests.backend_test.TestOvenProfiles" name="test_list_no_examples" time="0.077" /><testcase classname="tests.test_new_features.TestAnnouncements" name="test_crud_flow" time="0.618" /><testcase classname="tests.backend_test.TestOvenProfiles" name="test_oven_profile_crud" time="0.395" /><testcase classname="tests.backend_test.TestOvenProfiles" name="test_oven_404s" time="0.131" /><testcase classname="tests.backend_test.TestOvenProfiles" name="test_oven_validation" time="0.069" /><testcase classname="tests.test_new_features.TestAnnouncements" name="test_create_without_details" time="0.187" /><testcase classname="tests.backend_test.TestMaestroChat" name="test_chat_streams_sse" time="9.255" /><testcase classname="tests.test_new_features.TestAnnouncements" name="test_validation_and_404s" time="0.291" /><testcase classname="tests.test_new_features.TestDuplicateAndScaleBackend" name="test_duplicate_creates_independent_copy" time="0.380" /><testcase classname="tests.test_new_features.TestDuplicateAndScaleBackend" name="test_scaled_recipe_keeps_hydration" time="0.296" /><testcase classname="tests.backend_test.TestHealth" name="test_root" time="0.216" /><testcase classname="tests.backend_test.TestMaestroChat" name="test_history_unknown_session_empty" time="0.078" /><testcase classname="tests.backend_test.TestMaestroChat" name="test_chat_validation" time="0.067" /></testsuite></testsuites>