<?xml version="1.0" encoding="utf-8"?><testsuites name="pytest tests"><testsuite name="pytest" errors="0" failures="3" skipped="0" tests="8" time="125.818" timestamp="2026-08-20T10:00:51.184741+00:00" hostname="agent-env-28ba6ef5-b8e2-4605-b45d-3fa5249d385f"><testcase classname="tests.test_iter20_phases.TestLanguageDE" name="test_weekly_in_german" time="21.366"><failure message="AssertionError: contenuto non in tedesco (it=28, de=0): &quot;# 📅 PIANO SETTIMANALE – PANETTERIA ARTIGIANALE\n\n---\n\n## 1) PANORAMICA SETTIMANALE\n\n### MARTEDÌ (giorno prima) – Preparazione prefermenti\n- **Ore 17:00–18:00** → Avviare il **Poolish** per l'Anima Integrale di mercoledì\n  - Quantità: sufficiente per 6&quot;&#10;assert 0 &gt; 28">backend/tests/test_iter20_phases.py:114: in test_weekly_in_german
    assert de_hits &gt; it_hits, f"contenuto non in tedesco (it={it_hits}, de={de_hits}): {text[:250]!r}"
E   AssertionError: contenuto non in tedesco (it=28, de=0): "# 📅 PIANO SETTIMANALE – PANETTERIA ARTIGIANALE\n\n---\n\n## 1) PANORAMICA SETTIMANALE\n\n### MARTEDÌ (giorno prima) – Preparazione prefermenti\n- **Ore 17:00–18:00** → Avviare il **Poolish** per l'Anima Integrale di mercoledì\n  - Quantità: sufficiente per 6"
E   assert 0 &gt; 28</failure></testcase><testcase classname="tests.test_iter20_phases.TestTwoPhaseTiming" name="test_phase_weekly_completes_under_60s" time="20.528" /><testcase classname="tests.test_iter20_phases.TestTwoPhaseTiming" name="test_phase_daily_completes_under_60s" time="33.268" /><testcase classname="tests.test_iter20_phases.TestLanguageDE" name="test_daily_in_german" time="29.979"><failure message="AssertionError: contenuto non in tedesco (it=26, de=0): '# PIANO GIORNALIERO – MERCOLEDÌ | INIZIO: 05:00\n\n---\n\n## 1) SEQUENZA ORARIA\n\n### 🔵 FASE 1 – POOLISH (Prefermento)\n\n**05:00 – Preparazione Poolish**\n- **Spirale 1** | Ingredienti: farina integrale + acqua + lievito madre in parti uguali\n- Quantità tot'&#10;assert 0 &gt; 26">backend/tests/test_iter20_phases.py:121: in test_daily_in_german
    assert de_hits &gt; it_hits, f"contenuto non in tedesco (it={it_hits}, de={de_hits}): {text[:250]!r}"
E   AssertionError: contenuto non in tedesco (it=26, de=0): '# PIANO GIORNALIERO – MERCOLEDÌ | INIZIO: 05:00\n\n---\n\n## 1) SEQUENZA ORARIA\n\n### 🔵 FASE 1 – POOLISH (Prefermento)\n\n**05:00 – Preparazione Poolish**\n- **Spirale 1** | Ingredienti: farina integrale + acqua + lievito madre in parti uguali\n- Quantità tot'
E   assert 0 &gt; 26</failure></testcase><testcase classname="tests.test_iter20_phases.TestLanguageDE" name="test_home_in_german" time="36.910" /><testcase classname="tests.test_iter20_phases.TestTwoPhaseTiming" name="test_daily_respects_destinations" time="33.308" /><testcase classname="tests.test_iter20_phases.TestWeeklyPlanDestinations" name="test_put_get_destinations_persisted" time="0.189"><failure message="assert ('_id' not in '{&quot;items&quot;: [...4410+00:00&quot;}'&#10;  &#10;  '_id' is contained here:&#10;  ?                                                            ^^&#10;    {&quot;items&quot;: [{&quot;id&quot;: &quot;TEST_iter20_item&quot;, &quot;day&quot;: &quot;mer&quot;, &quot;recipe_id&quot;: &quot;b3db8e20-8b7b-423a-9f0f-1c5f51fcb7b8&quot;, &quot;recipe_name&quot;: &quot;Anima Integrale&quot;, &quot;pieces&quot;: 600.0, &quot;grams_per_piece&quot;: 500.0, &quot;to_proof&quot;: 45.0, &quot;to_fridge&quot;: 25.0, &quot;to_freezer&quot;: 530.0}], &quot;updated_at&quot;: &quot;2026-08-20T10:02:18.704410+00:00&quot;}&#10;  ?                                                            ^^^^^)">backend/tests/test_iter20_phases.py:152: in test_put_get_destinations_persisted
    assert "_id" not in json.dumps(pdata) and "_key" not in json.dumps(pdata)
E   assert ('_id' not in '{"items": [...4410+00:00"}'
E     
E     '_id' is contained here:
E     ?                                                            ^^
E       {"items": [{"id": "TEST_iter20_item", "day": "mer", "recipe_id": "b3db8e20-8b7b-423a-9f0f-1c5f51fcb7b8", "recipe_name": "Anima Integrale", "pieces": 600.0, "grams_per_piece": 500.0, "to_proof": 45.0, "to_fridge": 25.0, "to_freezer": 530.0}], "updated_at": "2026-08-20T10:02:18.704410+00:00"}
E     ?                                                            ^^^^^)</failure></testcase><testcase classname="tests.test_iter20_phases.TestWeeklyPlanDestinations" name="test_use_weekly_plan_generation" time="38.188" /></testsuite></testsuites>