<?xml version="1.0" encoding="utf-8"?><testsuites name="pytest tests"><testsuite name="pytest" errors="0" failures="0" skipped="0" tests="6" time="1.561" timestamp="2026-08-18T18:20:26.316277+00:00" hostname="agent-env-28ba6ef5-b8e2-4605-b45d-3fa5249d385f"><testcase classname="tests.test_iter12_recipe_new_fields.TestMikilabList" name="test_list_mikilab" time="0.445" /><testcase classname="tests.test_iter12_recipe_new_fields.TestRecipeNewFieldsCRUD" name="test_create_get_update_delete" time="0.907" /><testcase classname="tests.test_iter12_recipe_new_fields.TestMikilabList" name="test_list_personal" time="0.122" /><testcase classname="tests.test_iter12_recipe_new_fields.TestRecipeNewFieldsCRUD" name="test_update_unknown_id_404" time="0.086" /><testcase classname="tests.test_iter12_recipe_new_fields.TestRecipeNewFieldsCRUD" name="test_delete_unknown_id_404" time="0.090" /><testcase classname="tests.test_iter12_recipe_new_fields.TestRecipeNewFieldsCRUD" name="test_create_missing_name_422" time="0.075" /></testsuite></testsuites>