<?xml version="1.0" encoding="utf-8"?><testsuites name="pytest tests"><testsuite name="pytest" errors="0" failures="3" skipped="0" tests="5" time="170.671" timestamp="2026-08-20T09:34:49.752482+00:00" hostname="agent-env-28ba6ef5-b8e2-4605-b45d-3fa5249d385f"><testcase classname="tests.test_iter19_capo_weekly.TestCapoEdge" name="test_plan_no_items" time="15.749" /><testcase classname="tests.test_iter19_capo_weekly.TestCapoPlanPro" name="test_plan_pro_with_days" time="60.509"><failure message="AssertionError: stream non terminato con done&#10;assert False">E   AssertionError: stream non terminato con done
    assert False</failure></testcase><testcase classname="tests.test_iter19_capo_weekly.TestCapoEdge" name="test_plan_invalid_recipe_id" time="60.180"><failure message="assert False">E   assert False</failure></testcase><testcase classname="tests.test_iter19_capo_weekly.TestCapoPlanPro" name="test_plan_pro_use_weekly" time="60.549"><failure message="AssertionError: stream use_weekly non terminato con done&#10;assert False">E   AssertionError: stream use_weekly non terminato con done
    assert False</failure></testcase><testcase classname="tests.test_iter19_capo_weekly.TestCapoPlanHome" name="test_plan_home" time="49.291" /></testsuite></testsuites>