<?xml version="1.0" encoding="utf-8"?><testsuites name="pytest tests"><testsuite name="pytest" errors="0" failures="0" skipped="0" tests="19" time="18.008" timestamp="2026-08-19T21:25:04.678008+00:00" hostname="agent-env-28ba6ef5-b8e2-4605-b45d-3fa5249d385f"><testcase classname="tests.test_iter16_reorg.TestCore" name="test_root" time="0.350" /><testcase classname="tests.test_iter16_reorg.TestCore" name="test_get_endpoints[/api/oven-profiles]" time="0.112" /><testcase classname="tests.test_iter16_reorg.TestCore" name="test_get_endpoints[/api/production-plan]" time="0.101" /><testcase classname="tests.test_iter16_reorg.TestCore" name="test_get_endpoints[/api/weekly-plan]" time="0.083" /><testcase classname="tests.test_iter16_reorg.TestCore" name="test_get_endpoints[/api/lab-config]" time="0.129" /><testcase classname="tests.test_iter16_reorg.TestCore" name="test_get_endpoints[/api/recipe-temp]" time="0.078" /><testcase classname="tests.test_iter16_reorg.TestCore" name="test_get_endpoints[/api/announcements]" time="0.133" /><testcase classname="tests.test_iter16_reorg.TestCore" name="test_get_endpoints[/api/news]" time="0.091" /><testcase classname="tests.test_iter16_reorg.TestCore" name="test_no_mongo_id_leak" time="0.174" /><testcase classname="tests.test_iter16_reorg.TestRecipesDE" name="test_seed_count" time="0.000" /><testcase classname="tests.test_iter16_reorg.TestRecipesDE" name="test_de_fields_present_on_most" time="0.000" /><testcase classname="tests.test_iter16_reorg.TestRecipesDE" name="test_procedure_and_notes_de" time="0.000" /><testcase classname="tests.test_iter16_reorg.TestRecipesDE" name="test_specific_translations[Dolce Cipolla-S\xfc\xdfe Zwiebel]" time="0.000" /><testcase classname="tests.test_iter16_reorg.TestRecipesDE" name="test_specific_translations[Bretzel del Maestro-Bretzel des Meisters]" time="0.000" /><testcase classname="tests.test_iter16_reorg.TestRecipesDE" name="test_de_differs_from_it" time="0.000" /><testcase classname="tests.test_iter16_reorg.TestRecipeCRUD" name="test_create_update_delete" time="0.573" /><testcase classname="tests.test_iter16_reorg.TestRecipeCRUD" name="test_update_missing_recipe_404" time="0.084" /><testcase classname="tests.test_iter16_reorg.TestVisionMacchine" name="test_vision_macchine_sse" time="7.372" /><testcase classname="tests.test_iter16_reorg.TestVisionMacchine" name="test_vision_invalid_mode_falls_back" time="8.653" /></testsuite></testsuites>