<?xml version="1.0" encoding="utf-8"?><testsuites name="pytest tests"><testsuite name="pytest" errors="0" failures="0" skipped="0" tests="8" time="1.477" timestamp="2026-08-18T09:46:07.276772+00:00" hostname="agent-env-28ba6ef5-b8e2-4605-b45d-3fa5249d385f"><testcase classname="tests.test_iter11_recipe_fields" name="test_root" time="0.261" /><testcase classname="tests.test_iter11_recipe_fields" name="test_seeded_mikilab_recipes_have_bake_fields" time="0.066" /><testcase classname="tests.test_iter11_recipe_fields" name="test_create_recipe_with_new_fields_persists" time="0.110" /><testcase classname="tests.test_iter11_recipe_fields" name="test_update_recipe_new_fields_persists" time="0.169" /><testcase classname="tests.test_iter11_recipe_fields" name="test_delete_recipe_removed" time="0.161" /><testcase classname="tests.test_iter11_recipe_fields" name="test_update_missing_recipe_404" time="0.055" /><testcase classname="tests.test_iter11_recipe_fields" name="test_invalid_payload_422" time="0.056" /><testcase classname="tests.test_iter11_recipe_fields" name="test_weekly_plan_and_announcements_reachable" time="0.256" /></testsuite></testsuites>