<?xml version="1.0" encoding="utf-8"?><testsuites name="pytest tests"><testsuite name="pytest" errors="0" failures="1" skipped="0" tests="10" time="2.060" timestamp="2026-09-09T08:45:07.851213+00:00" hostname="agent-env-28ba6ef5-b8e2-4605-b45d-3fa5249d385f"><testcase classname="tests.test_iter219_mikemix_rename" name="test_gate_verify_wrong_pin" time="0.224"><failure message="AssertionError: unexpected 200&#10;assert 200 in (401, 403)&#10; +  where 200 = &lt;Response [200]&gt;.status_code">backend/tests/test_iter219_mikemix_rename.py:24: in test_gate_verify_wrong_pin
    assert r.status_code in (401, 403), f"unexpected {r.status_code}"
E   AssertionError: unexpected 200
E   assert 200 in (401, 403)
E    +  where 200 = &lt;Response [200]&gt;.status_code</failure></testcase><testcase classname="tests.test_iter219_mikemix_rename" name="test_gate_verify_correct_pin" time="0.131" /><testcase classname="tests.test_iter219_mikemix_rename" name="test_public_recipes_still_works" time="0.186" /><testcase classname="tests.test_iter219_mikemix_rename" name="test_mike_suggestions" time="0.547" /><testcase classname="tests.test_iter219_mikemix_rename" name="test_mike_shift_report" time="0.078" /><testcase classname="tests.test_iter219_mikemix_rename" name="test_mike_heartbeat" time="0.075" /><testcase classname="tests.test_iter219_mikemix_rename" name="test_old_bako_endpoints_gone" time="0.078" /><testcase classname="tests.test_iter219_mikemix_rename" name="test_tts_nexus_voice" time="0.191" /><testcase classname="tests.test_iter219_mikemix_rename" name="test_tts_bakemix_voice_still_works" time="0.100" /><testcase classname="tests.test_iter219_mikemix_rename" name="test_mikemix_chat_endpoint" time="0.070" /></testsuite></testsuites>