<?xml version="1.0" encoding="utf-8"?><testsuites name="pytest tests"><testsuite name="pytest" errors="0" failures="2" skipped="0" tests="14" time="3.273" timestamp="2026-08-21T07:32:50.767317+00:00" hostname="agent-env-28ba6ef5-b8e2-4605-b45d-3fa5249d385f"><testcase classname="tests.test_iter24_categorie.TestAnonymousTeaser" name="test_anonymous_locked_except_demos" time="2.341" /><testcase classname="tests.test_iter24_categorie.TestAnonymousTeaser" name="test_pro_endpoint_blocked_anonymous" time="0.108" /><testcase classname="tests.test_iter24_categorie.TestSeedCategorie" name="test_total_count_43" time="2.467" /><testcase classname="tests.test_iter24_categorie.TestSeedCategorie" name="test_no_mongo_id" time="0.000" /><testcase classname="tests.test_iter24_categorie.TestSeedCategorie" name="test_menu_category_populated" time="0.000" /><testcase classname="tests.test_iter24_categorie.TestSeedCategorie" name="test_retired_names_absent" time="0.000" /><testcase classname="tests.test_iter24_categorie.TestSeedCategorie" name="test_brezel_present" time="0.000" /><testcase classname="tests.test_iter24_categorie.TestSeedCategorie" name="test_basi_exact_set_and_order" time="0.000" /><testcase classname="tests.test_iter24_categorie.TestSeedCategorie" name="test_panini_exact" time="0.000" /><testcase classname="tests.test_iter24_categorie.TestSeedCategorie" name="test_miglioratore_content" time="0.000" /><testcase classname="tests.test_iter24_categorie.TestSeedCategorie" name="test_anima_integrale_uses_new_improver" time="0.000" /><testcase classname="tests.test_iter24_categorie.TestSeedCategorie" name="test_no_vollkorn_in_italian_texts" time="0.001" /><testcase classname="tests.test_iter24_categorie.TestIter24Regressions" name="test_recipe_ids_are_unique" time="0.499"><failure message="AssertionError: id duplicati (React duplicate-key + collisioni CRUD): {'7d432668-ec89-4dd8-b18a-de44cb98e843': ['Brezel', 'Brezel Integrali']}&#10;assert not {'7d432668-ec89-4dd8-b18a-de44cb98e843': 2}">E   AssertionError: id duplicati (React duplicate-key + collisioni CRUD): {'7d432668-ec89-4dd8-b18a-de44cb98e843': ['Brezel', 'Brezel Integrali']}
    assert not {'7d432668-ec89-4dd8-b18a-de44cb98e843': 2}</failure></testcase><testcase classname="tests.test_iter24_categorie.TestIter24Regressions" name="test_no_pane_recipe_leaks_into_basi_by_name" time="0.001"><failure message="AssertionError: ricette non-basi che il fallback regex classifica come basi: ['Baguette con Poolish']&#10;assert not ['Baguette con Poolish']">E   AssertionError: ricette non-basi che il fallback regex classifica come basi: ['Baguette con Poolish']
    assert not ['Baguette con Poolish']</failure></testcase></testsuite></testsuites>