<?xml version="1.0" encoding="utf-8"?><testsuites name="pytest tests"><testsuite name="pytest" errors="0" failures="0" skipped="1" tests="26" time="6.009" timestamp="2026-08-27T14:16:01.878614+00:00" hostname="agent-env-28ba6ef5-b8e2-4605-b45d-3fa5249d385f"><testcase classname="tests.test_iter93_photo_leaderboard_push_sos.TestPushReminders" name="test_vapid_public" time="0.558" /><testcase classname="tests.test_iter93_photo_leaderboard_push_sos.TestPushReminders" name="test_subscribe_requires_auth" time="0.154" /><testcase classname="tests.test_iter93_photo_leaderboard_push_sos.TestChatPhoto" name="test_send_requires_auth" time="0.770" /><testcase classname="tests.test_iter93_photo_leaderboard_push_sos.TestPushReminders" name="test_subscribe_ok" time="0.747" /><testcase classname="tests.test_iter93_photo_leaderboard_push_sos.TestChatPhoto" name="test_send_text_message" time="0.826" /><testcase classname="tests.test_iter93_photo_leaderboard_push_sos.TestPushReminders" name="test_subscribe_missing_endpoint_400" time="0.205" /><testcase classname="tests.test_iter93_photo_leaderboard_push_sos.TestChatPhoto" name="test_send_photo_with_text" time="0.194" /><testcase classname="tests.test_iter93_photo_leaderboard_push_sos.TestPushReminders" name="test_reminders_requires_auth" time="0.142" /><testcase classname="tests.test_iter93_photo_leaderboard_push_sos.TestChatPhoto" name="test_send_photo_only" time="0.316" /><testcase classname="tests.test_iter93_photo_leaderboard_push_sos.TestPushReminders" name="test_reminders_save" time="0.218" /><testcase classname="tests.test_iter93_photo_leaderboard_push_sos.TestPushReminders" name="test_reminders_empty_ok" time="0.160" /><testcase classname="tests.test_iter93_photo_leaderboard_push_sos.TestChatPhoto" name="test_empty_message_rejected" time="0.200" /><testcase classname="tests.test_iter93_photo_leaderboard_push_sos.TestPushReminders" name="test_reminders_invalid_payload" time="0.213" /><testcase classname="tests.test_iter93_photo_leaderboard_push_sos.TestChatPhoto" name="test_missing_to_id_rejected" time="0.168" /><testcase classname="tests.test_iter93_photo_leaderboard_push_sos.TestLeaderboard" name="test_score_requires_auth" time="0.153" /><testcase classname="tests.test_iter93_photo_leaderboard_push_sos.TestChatPhoto" name="test_conversations_lists_thread" time="0.153" /><testcase classname="tests.test_iter93_photo_leaderboard_push_sos.TestLeaderboard" name="test_leaderboard_requires_auth" time="0.300" /><testcase classname="tests.test_iter93_photo_leaderboard_push_sos.TestSosHistory" name="test_history_requires_auth" time="0.160" /><testcase classname="tests.test_iter93_photo_leaderboard_push_sos.TestSosHistory" name="test_history_list" time="0.148" /><testcase classname="tests.test_iter93_photo_leaderboard_push_sos.TestLeaderboard" name="test_score_increments" time="0.486" /><testcase classname="tests.test_iter93_photo_leaderboard_push_sos.TestSosHistory" name="test_delete_other_user_item_no_effect" time="0.474" /><testcase classname="tests.test_iter93_photo_leaderboard_push_sos.TestSosHistory" name="test_delete_own_item" time="0.431"><skipped type="pytest.skip" message="keep the single existing SOS item for frontend testing">/app/backend/tests/test_iter93_photo_leaderboard_push_sos.py:271: keep the single existing SOS item for frontend testing</skipped></testcase><testcase classname="tests.test_iter93_photo_leaderboard_push_sos.TestLeaderboard" name="test_leaderboard_sorted_and_includes_friend" time="0.533" /><testcase classname="tests.test_iter93_photo_leaderboard_push_sos.TestLeaderboard" name="test_score_zero_noop" time="0.599" /><testcase classname="tests.test_iter93_photo_leaderboard_push_sos.TestLeaderboard" name="test_score_clamped_to_10" time="0.458" /><testcase classname="tests.test_iter93_photo_leaderboard_push_sos.TestLeaderboard" name="test_negative_points_ignored" time="0.637" /></testsuite></testsuites>