<?xml version="1.0" encoding="utf-8"?><testsuites name="pytest tests"><testsuite name="pytest" errors="0" failures="0" skipped="0" tests="8" time="1.713" timestamp="2026-09-05T14:47:46.613377+00:00" hostname="agent-env-28ba6ef5-b8e2-4605-b45d-3fa5249d385f"><testcase classname="tests.test_iter186_radar_leaders" name="test_radar_requires_admin" time="0.307" /><testcase classname="tests.test_iter186_radar_leaders" name="test_radar_admin_ok" time="0.462" /><testcase classname="tests.test_iter186_radar_leaders" name="test_layout_get" time="0.074" /><testcase classname="tests.test_iter186_radar_leaders" name="test_layout_put_admin" time="0.106" /><testcase classname="tests.test_iter186_radar_leaders" name="test_line_leaders_get" time="0.062" /><testcase classname="tests.test_iter186_radar_leaders" name="test_line_leaders_set_christoph_baguette" time="0.129" /><testcase classname="tests.test_iter186_radar_leaders" name="test_leader_tasks_christoph" time="0.063" /><testcase classname="tests.test_iter186_radar_leaders" name="test_line_leaders_remove" time="0.129" /></testsuite></testsuites>