<?xml version="1.0" encoding="utf-8"?><testsuites name="pytest tests"><testsuite name="pytest" errors="0" failures="0" skipped="0" tests="3" time="1.896" timestamp="2026-09-11T15:44:19.340946+00:00" hostname="agent-env-28ba6ef5-b8e2-4605-b45d-3fa5249d385f"><testcase classname="tests.test_iter231_freezer_autoscale" name="test_freezer_autoscale_on_dispatch" time="1.100" /><testcase classname="tests.test_iter231_freezer_autoscale" name="test_freezer_no_match_no_change" time="0.278" /><testcase classname="tests.test_iter231_freezer_autoscale" name="test_cleanup_freezer" time="0.183" /></testsuite></testsuites>