<?xml version="1.0" encoding="utf-8"?><testsuites name="pytest tests"><testsuite name="pytest" errors="0" failures="0" skipped="0" tests="11" time="2.178" timestamp="2026-08-31T08:37:36.719926+00:00" hostname="agent-env-28ba6ef5-b8e2-4605-b45d-3fa5249d385f"><testcase classname="tests.test_iter143_email_report.TestEmailReport" name="test_admin_email_report" time="0.728" /><testcase classname="tests.test_iter143_email_report.TestChannelEmailPref" name="test_get_default" time="0.827" /><testcase classname="tests.test_iter143_email_report.TestChannelEmailPref" name="test_set_and_persist[daily]" time="0.393" /><testcase classname="tests.test_iter143_email_report.TestEmailReport" name="test_non_admin_forbidden" time="0.425" /><testcase classname="tests.test_iter143_email_report.TestEmailReport" name="test_unauth_rejected" time="0.115" /><testcase classname="tests.test_iter143_email_report.TestChannelEmailPref" name="test_set_and_persist[off]" time="0.164" /><testcase classname="tests.test_iter143_email_report.TestCommunityStats" name="test_public_stats" time="0.165" /><testcase classname="tests.test_iter143_email_report.TestChannelEmailPref" name="test_set_and_persist[instant]" time="0.240" /><testcase classname="tests.test_iter143_email_report.TestStreak" name="test_streak" time="0.104" /><testcase classname="tests.test_iter143_email_report.TestChannelEmailPref" name="test_invalid_mode" time="0.071" /><testcase classname="tests.test_iter143_email_report.TestChannelEmailPref" name="test_unauth" time="0.139" /></testsuite></testsuites>