<?xml version="1.0" encoding="utf-8"?><testsuites name="pytest tests"><testsuite name="pytest" errors="0" failures="0" skipped="0" tests="6" time="2.250" timestamp="2026-09-06T06:26:33.497925+00:00" hostname="agent-env-28ba6ef5-b8e2-4605-b45d-3fa5249d385f"><testcase classname="tests.test_iter197_hardware_env" name="test_weather_now_authenticated" time="1.357" /><testcase classname="tests.test_iter197_hardware_env" name="test_weather_now_requires_admin" time="0.125" /><testcase classname="tests.test_iter197_hardware_env" name="test_recipes_gate_required" time="0.121" /><testcase classname="tests.test_iter197_hardware_env" name="test_recipes_after_gate" time="0.181" /><testcase classname="tests.test_iter197_hardware_env" name="test_food_cost_compute" time="0.068" /><testcase classname="tests.test_iter197_hardware_env" name="test_env_compute" time="0.061" /></testsuite></testsuites>