<?xml version="1.0" encoding="utf-8"?><testsuites name="pytest tests"><testsuite name="pytest" errors="0" failures="0" skipped="0" tests="60" time="127.558" timestamp="2026-08-17T17:36:02.528077+00:00" hostname="agent-env-28ba6ef5-b8e2-4605-b45d-3fa5249d385f"><testcase classname="tests.test_iter3_features.TestWeeklyPlan" name="test_get_returns_null_or_plan" time="0.250" /><testcase classname="tests.backend_test.TestRecipes" name="test_mikilab_seeded" time="0.253" /><testcase classname="tests.test_iter3_features.TestWeeklyPlan" name="test_put_upsert_and_persist" time="0.199" /><testcase classname="tests.backend_test.TestRecipes" name="test_mikilab_seed_idempotent" time="0.129" /><testcase classname="tests.backend_test.TestRecipes" name="test_personal_collection_has_no_examples" time="0.067" /><testcase classname="tests.test_iter3_features.TestWeeklyPlan" name="test_put_overwrites_single_doc" time="0.161" /><testcase classname="tests.backend_test.TestRecipes" name="test_recipe_full_crud" time="0.520" /><testcase classname="tests.test_iter3_features.TestWeeklyPlan" name="test_put_empty_items_allowed" time="0.160" /><testcase classname="tests.test_iter3_features.TestWeeklyPlan" name="test_put_invalid_item_rejected" time="0.059" /><testcase classname="tests.test_iter3_features.TestWeeklyPlan" name="test_item_id_autogenerated_when_missing" time="0.193" /><testcase classname="tests.backend_test.TestRecipes" name="test_update_missing_recipe_404" time="0.102" /><testcase classname="tests.test_iter4_lang.TestChatLang" name="test_chat_lang_de_returns_german" time="4.867" /><testcase classname="tests.backend_test.TestRecipes" name="test_delete_missing_recipe_404" time="0.070" /><testcase classname="tests.backend_test.TestRecipes" name="test_create_recipe_validation" time="0.095" /><testcase classname="tests.test_iter3_features.TestVision" name="test_vision_difetti_jpeg" time="21.503" /><testcase classname="tests.test_iter4_lang.TestChatLang" name="test_chat_lang_it_returns_italian" time="4.237" /><testcase classname="tests.test_iter4_lang.TestChatLang" name="test_chat_lang_default_is_italian" time="3.063" /><testcase classname="tests.test_iter4_lang.TestChatLang" name="test_chat_invalid_lang_falls_back_no_error" time="2.985" /><testcase classname="tests.test_iter4_lang.TestChatLang" name="test_chat_history_persisted" time="2.898" /><testcase classname="tests.test_iter4_lang.TestChatLang" name="test_chat_markdown_present_in_reply" time="3.391" /><testcase classname="tests.test_new_features.TestProductionPlan" name="test_get_returns_json_null_or_plan" time="0.135" /><testcase classname="tests.test_new_features.TestProductionPlan" name="test_put_upsert_and_persist" time="0.183" /><testcase classname="tests.test_iter3_features.TestVision" name="test_vision_ingredienti_png" time="10.942" /><testcase classname="tests.test_new_features.TestProductionPlan" name="test_put_overwrites_single_doc" time="0.137" /><testcase classname="tests.test_new_features.TestProductionPlan" name="test_put_validation_422" time="0.134" /><testcase classname="tests.test_new_features.TestProductionPlan" name="test_phase_hours_defaults_to_zero" time="0.069" /><testcase classname="tests.test_new_features.TestAnnouncements" name="test_get_seeds_defaults" time="0.069" /><testcase classname="tests.test_new_features.TestAnnouncements" name="test_get_seed_idempotent" time="0.146" /><testcase classname="tests.test_new_features.TestAnnouncements" name="test_crud_flow" time="0.403" /><testcase classname="tests.test_new_features.TestAnnouncements" name="test_create_without_details" time="0.137" /><testcase classname="tests.test_new_features.TestAnnouncements" name="test_validation_and_404s" time="0.276" /><testcase classname="tests.backend_test.TestOvenProfiles" name="test_list_no_examples" time="0.162" /><testcase classname="tests.backend_test.TestOvenProfiles" name="test_oven_profile_crud" time="0.468" /><testcase classname="tests.backend_test.TestOvenProfiles" name="test_oven_404s" time="0.156" /><testcase classname="tests.backend_test.TestOvenProfiles" name="test_oven_validation" time="0.081" /><testcase classname="tests.test_iter4_lang.TestVisionLang" name="test_vision_difetti_de" time="19.910" /><testcase classname="tests.test_iter3_features.TestVision" name="test_vision_accepts_data_url_prefix" time="15.071" /><testcase classname="tests.test_iter4_lang.TestVisionLang" name="test_vision_difetti_it" time="14.289" /><testcase classname="tests.test_iter3_features.TestVision" name="test_vision_missing_fields_422" time="0.138" /><testcase classname="tests.test_iter3_features.TestVision" name="test_vision_invalid_image_does_not_500" time="0.436" /><testcase classname="tests.test_iter5_sse_vision.TestVisionLanguage" name="test_vision_difetti_de_is_german" time="14.053" /><testcase classname="tests.test_iter4_lang.TestVisionLang" name="test_vision_ingredienti_de" time="10.695" /><testcase classname="tests.test_iter5_sse_vision.TestVisionLanguage" name="test_vision_difetti_it_is_italian" time="14.925" /><testcase classname="tests.test_iter4_lang.TestVisionLang" name="test_vision_accepts_data_url_prefix" time="21.062" /><testcase classname="tests.test_iter5_sse_vision.TestVisionLanguage" name="test_vision_ingredienti_de_is_german" time="9.660" /><testcase classname="tests.test_iter5_sse_vision.TestVisionLanguage" name="test_vision_ingredienti_it_is_italian" time="8.949" /><testcase classname="tests.backend_test.TestMaestroChat" name="test_chat_streams_sse" time="9.380" /><testcase classname="tests.test_iter5_sse_vision.TestSSEJsonContract" name="test_chat_frames_are_json" time="1.582" /><testcase classname="tests.test_iter5_sse_vision.TestSSEJsonContract" name="test_chat_markdown_blank_lines_survive" time="8.454" /><testcase classname="tests.backend_test.TestMaestroChat" name="test_history_unknown_session_empty" time="0.086" /><testcase classname="tests.backend_test.TestMaestroChat" name="test_chat_validation" time="0.086" /><testcase classname="tests.test_iter4_lang.TestWeeklyPlanForPrint" name="test_save_and_get_weekly_plan" time="0.326" /><testcase classname="tests.test_iter4_lang.TestWeeklyPlanForPrint" name="test_cleanup_weekly_plan" time="0.148" /><testcase classname="tests.test_new_features.TestDuplicateAndScaleBackend" name="test_duplicate_creates_independent_copy" time="0.363" /><testcase classname="tests.test_new_features.TestDuplicateAndScaleBackend" name="test_scaled_recipe_keeps_hydration" time="0.236" /><testcase classname="tests.backend_test.TestHealth" name="test_root" time="0.121" /><testcase classname="tests.test_iter5_sse_vision.TestBaselineData" name="test_mikilab_recipes_have_rest_hours" time="0.115" /><testcase classname="tests.test_iter5_sse_vision.TestSSEJsonContract" name="test_vision_frames_are_json" time="19.164" /><testcase classname="tests.test_iter3_features.TestAnnouncementValidation" name="test_create_empty_title_422" time="0.240" /><testcase classname="tests.test_iter3_features.TestAnnouncementValidation" name="test_create_trims_title_and_delete" time="0.522" /></testsuite></testsuites>