<?xml version="1.0" encoding="utf-8"?><testsuites name="pytest tests"><testsuite name="pytest" errors="0" failures="0" skipped="0" tests="9" time="2.131" timestamp="2026-09-01T14:53:04.696552+00:00" hostname="agent-env-28ba6ef5-b8e2-4605-b45d-3fa5249d385f"><testcase classname="tests.test_iter165_sensors.TestRegression" name="test_fault_log_get" time="0.203" /><testcase classname="tests.test_iter165_sensors.TestSensors" name="test_post_sensor_anonymous" time="0.162" /><testcase classname="tests.test_iter165_sensors.TestSensors" name="test_get_sensors_contains_reading" time="0.122" /><testcase classname="tests.test_iter165_sensors.TestRegression" name="test_fault_log_post_and_persist" time="0.141" /><testcase classname="tests.test_iter165_sensors.TestSensors" name="test_upsert_no_duplicate" time="1.158" /><testcase classname="tests.test_iter165_sensors.TestRegression" name="test_shift_state_get_put" time="0.225" /><testcase classname="tests.test_iter165_sensors.TestSensors" name="test_multiple_types_separate_docs" time="0.157" /><testcase classname="tests.test_iter165_sensors.TestSensors" name="test_missing_value_422" time="0.085" /><testcase classname="tests.test_iter165_sensors.TestSensors" name="test_missing_device_id_422" time="0.085" /></testsuite></testsuites>