<?xml version="1.0" encoding="utf-8"?><testsuites name="pytest tests"><testsuite name="pytest" errors="0" failures="0" skipped="0" tests="15" time="4.821" timestamp="2026-08-23T11:34:53.171635+00:00" hostname="agent-env-28ba6ef5-b8e2-4605-b45d-3fa5249d385f"><testcase classname="tests.test_iter53_regression.TestSubscription" name="test_anon_status" time="0.208" /><testcase classname="tests.test_iter53_regression.TestSubscription" name="test_grant_home_then_status" time="0.923" /><testcase classname="tests.test_iter53_regression.TestSubscription" name="test_revoke_clears" time="0.196" /><testcase classname="tests.test_iter53_regression.TestSubscription" name="test_checkout_subscription[home]" time="0.811" /><testcase classname="tests.test_iter53_regression.TestSubscription" name="test_checkout_subscription[lab]" time="0.699" /><testcase classname="tests.test_iter53_regression.TestSubscription" name="test_recipe_checkout_single" time="0.670" /><testcase classname="tests.test_iter53_regression.TestSubscription" name="test_recipe_checkout_single_missing_id" time="0.125" /><testcase classname="tests.test_iter53_regression.TestLegal" name="test_announcements_clean" time="0.099" /><testcase classname="tests.test_iter53_regression.TestLegal" name="test_news_no_stoccarda_region" time="0.100" /><testcase classname="tests.test_iter53_regression.TestSecurity" name="test_post_oven_profiles_anon_401" time="0.130" /><testcase classname="tests.test_iter53_regression.TestSecurity" name="test_put_weekly_plan_anon_401" time="0.095" /><testcase classname="tests.test_iter53_regression.TestSecurity" name="test_post_announcements_anon_denied" time="0.094" /><testcase classname="tests.test_iter53_regression.TestSecurity" name="test_post_announcements_admin_ok" time="0.286" /><testcase classname="tests.test_iter53_regression.TestSecurity" name="test_put_weekly_plan_admin_ok" time="0.103" /><testcase classname="tests.test_iter53_regression" name="test_zz_cleanup_revoke_fornaio" time="0.205" /></testsuite></testsuites>