<?xml version="1.0" encoding="utf-8"?><testsuites name="pytest tests"><testsuite name="pytest" errors="0" failures="0" skipped="0" tests="9" time="5.279" timestamp="2026-09-06T06:13:19.568831+00:00" hostname="agent-env-28ba6ef5-b8e2-4605-b45d-3fa5249d385f"><testcase classname="tests.test_iter196_fase_a" name="test_food_cost_basic" time="0.781" /><testcase classname="tests.test_iter196_fase_a" name="test_env_cold_lengthens" time="0.062" /><testcase classname="tests.test_iter196_fase_a" name="test_env_hot_shortens" time="0.060" /><testcase classname="tests.test_iter196_fase_a" name="test_gate_ttl_config_get_put" time="0.306" /><testcase classname="tests.test_iter196_fase_a" name="test_gate_config_requires_admin" time="0.114" /><testcase classname="tests.test_iter196_fase_a" name="test_timeclock_valid_pin" time="1.009" /><testcase classname="tests.test_iter196_fase_a" name="test_timeclock_invalid_pin" time="0.725" /><testcase classname="tests.test_iter196_fase_a" name="test_timeclock_no_pin_unverified" time="0.060" /><testcase classname="tests.test_iter196_fase_a" name="test_intrusion_alert_after_3_wrong_master" time="2.101" /></testsuite></testsuites>