<?xml version="1.0" encoding="utf-8"?><testsuites name="pytest tests"><testsuite name="pytest" errors="0" failures="1" skipped="0" tests="9" time="23.442" timestamp="2026-09-06T05:03:03.954914+00:00" hostname="agent-env-28ba6ef5-b8e2-4605-b45d-3fa5249d385f"><testcase classname="tests.test_iter191_bakomix_chat" name="test_govern_chat_natural_it" time="5.344" /><testcase classname="tests.test_iter192_bakomix_stream_proactive" name="test_govern_stream_sse" time="6.772"><failure message="AssertionError: no done event received&#10;assert False">backend/tests/test_iter192_bakomix_stream_proactive.py:71: in test_govern_stream_sse
    assert got_done, "no done event received"
E   AssertionError: no done event received
E   assert False</failure></testcase><testcase classname="tests.test_iter191_bakomix_chat" name="test_govern_assign_leader" time="2.905" /><testcase classname="tests.test_iter192_bakomix_stream_proactive" name="test_govern_persistent_memory" time="11.770" /><testcase classname="tests.test_iter191_bakomix_chat" name="test_govern_chat_en" time="2.778" /><testcase classname="tests.test_iter191_bakomix_chat" name="test_recipes_still_loading" time="0.566" /><testcase classname="tests.test_iter192_bakomix_stream_proactive" name="test_proactive_endpoint_admin" time="0.454" /><testcase classname="tests.test_iter192_bakomix_stream_proactive" name="test_proactive_unauth_rejected" time="0.118" /><testcase classname="tests.test_iter192_bakomix_stream_proactive" name="test_govern_chat_returns_mood" time="3.962" /></testsuite></testsuites>