<?xml version="1.0" encoding="utf-8"?><testsuites name="pytest tests"><testsuite name="pytest" errors="0" failures="0" skipped="0" tests="4" time="44.415" timestamp="2026-09-06T11:37:19.825656+00:00" hostname="agent-env-28ba6ef5-b8e2-4605-b45d-3fa5249d385f"><testcase classname="tests.test_iter207_deus" name="test_bond_get" time="0.771" /><testcase classname="tests.test_iter207_deus" name="test_ask_locked_when_low_bond" time="0.182" /><testcase classname="tests.test_iter207_deus" name="test_master_plan_and_xp_gain" time="42.740" /><testcase classname="tests.test_iter207_deus" name="test_broadcast_and_capo_plan" time="0.383" /></testsuite></testsuites>