<?xml version="1.0" encoding="utf-8"?><testsuites name="pytest tests"><testsuite name="pytest" errors="0" failures="0" skipped="0" tests="8" time="7.729" timestamp="2026-09-05T14:21:19.934929+00:00" hostname="agent-env-28ba6ef5-b8e2-4605-b45d-3fa5249d385f"><testcase classname="tests.test_iter185_audio_handoff_voice.TestVoiceTranslate" name="test_translate_it_to_en" time="0.298" /><testcase classname="tests.test_iter185_audio_handoff_voice.TestShiftHandoffAudio" name="test_handoff_returns_audio_base64[en]" time="0.352" /><testcase classname="tests.test_iter185_audio_handoff_voice.TestVoiceTranslate" name="test_translate_it_to_de" time="4.282" /><testcase classname="tests.test_iter185_audio_handoff_voice.TestShiftHandoffAudio" name="test_handoff_returns_audio_base64[it]" time="2.120" /><testcase classname="tests.test_iter185_audio_handoff_voice.TestShiftHandoffAudio" name="test_handoff_returns_audio_base64[de]" time="4.382" /><testcase classname="tests.test_iter185_audio_handoff_voice.TestVoiceTranslate" name="test_translate_it_to_it_unchanged" time="0.162" /><testcase classname="tests.test_iter185_audio_handoff_voice.TestVoiceTranslate" name="test_translate_empty_text_400" time="0.128" /><testcase classname="tests.test_iter185_audio_handoff_voice.TestShiftHandoffAudio" name="test_handoff_history_persists_audio" time="0.496" /></testsuite></testsuites>