<?xml version="1.0" encoding="utf-8"?><testsuites name="pytest tests"><testsuite name="pytest" errors="0" failures="0" skipped="0" tests="13" time="2.303" timestamp="2026-08-31T10:08:10.572898+00:00" hostname="agent-env-28ba6ef5-b8e2-4605-b45d-3fa5249d385f"><testcase classname="tests.test_iter146_flyer_social" name="test_flyer_assets_served[locandina-mikilab.png]" time="0.261" /><testcase classname="tests.test_iter146_flyer_social" name="test_flyer_assets_served[locandina-mikilab-de.png]" time="0.119" /><testcase classname="tests.test_iter146_flyer_social" name="test_flyer_assets_served[locandina-mikilab-en.png]" time="0.078" /><testcase classname="tests.test_iter146_flyer_social" name="test_flyer_assets_served[locandina-mikilab-es.png]" time="0.067" /><testcase classname="tests.test_iter146_flyer_social" name="test_flyer_assets_served[locandina-mikilab-fr.png]" time="0.068" /><testcase classname="tests.test_iter146_flyer_social" name="test_social_click_increments" time="0.508" /><testcase classname="tests.test_iter146_flyer_social" name="test_social_click_empty_channel" time="0.056" /><testcase classname="tests.test_iter146_flyer_social" name="test_social_click_missing_body" time="0.056" /><testcase classname="tests.test_iter146_flyer_social" name="test_social_report_shape" time="0.064" /><testcase classname="tests.test_iter146_flyer_social" name="test_social_report_requires_admin" time="0.126" /><testcase classname="tests.test_iter146_flyer_social" name="test_site_settings_defaults_present" time="0.058" /><testcase classname="tests.test_iter146_flyer_social" name="test_admin_set_ig_fb_and_reset" time="0.222" /><testcase classname="tests.test_iter146_flyer_social" name="test_site_settings_write_requires_admin" time="0.271" /></testsuite></testsuites>