<?xml version="1.0" encoding="utf-8"?><testsuites name="pytest tests"><testsuite name="pytest" errors="0" failures="0" skipped="0" tests="19" time="15.324" timestamp="2026-08-29T16:54:41.935342+00:00" hostname="agent-env-28ba6ef5-b8e2-4605-b45d-3fa5249d385f"><testcase classname="tests.test_iter113_prelaunch.TestPublicContent" name="test_public_get[/site-settings]" time="2.377" /><testcase classname="tests.test_iter113_prelaunch.TestPublicContent" name="test_public_get[/news]" time="0.223" /><testcase classname="tests.test_iter113_prelaunch.TestPublicContent" name="test_public_get[/shop/products]" time="0.074" /><testcase classname="tests.test_iter113_prelaunch.TestAuth" name="test_login_and_me" time="2.793" /><testcase classname="tests.test_iter113_prelaunch.TestPublicContent" name="test_public_get[/newsletter/count]" time="0.074" /><testcase classname="tests.test_iter113_prelaunch.TestPublicContent" name="test_public_get[/challenges/catalog]" time="0.071" /><testcase classname="tests.test_iter113_prelaunch.TestAuth" name="test_login_wrong_password" time="0.301" /><testcase classname="tests.test_iter113_prelaunch.TestPublicContent" name="test_public_get[/bakealong/current]" time="0.272" /><testcase classname="tests.test_iter113_prelaunch.TestRecipes" name="test_recipes_guest" time="0.223" /><testcase classname="tests.test_iter113_prelaunch.TestAuth" name="test_me_guest_401" time="0.214" /><testcase classname="tests.test_iter113_prelaunch.TestCommunity" name="test_posts_guest" time="0.305" /><testcase classname="tests.test_iter113_prelaunch.TestRecipes" name="test_recipes_have_category_and_titles" time="0.640" /><testcase classname="tests.test_iter113_prelaunch.TestCommunity" name="test_posts_logged" time="0.137" /><testcase classname="tests.test_iter113_prelaunch.TestCommunity" name="test_market_logged" time="0.089" /><testcase classname="tests.test_iter113_prelaunch.TestWeekly" name="test_weekly_get" time="0.071" /><testcase classname="tests.test_iter113_prelaunch.TestChallenges" name="test_state_logged" time="0.116" /><testcase classname="tests.test_iter113_prelaunch.TestRecipes" name="test_recipe_single_get_not_exposed" time="0.233" /><testcase classname="tests.test_iter113_prelaunch.TestQuiz" name="test_quiz_guest" time="5.381" /><testcase classname="tests.test_iter113_prelaunch.TestQuiz" name="test_quiz_logged" time="5.375" /></testsuite></testsuites>