<?xml version="1.0" encoding="utf-8"?><testsuites name="pytest tests"><testsuite name="pytest" errors="0" failures="0" skipped="0" tests="13" time="41.106" timestamp="2026-08-17T16:44:56.068896+00:00" hostname="agent-env-28ba6ef5-b8e2-4605-b45d-3fa5249d385f"><testcase classname="tests.test_iter3_features.TestWeeklyPlan" name="test_get_returns_null_or_plan" time="0.261" /><testcase classname="tests.test_iter3_features.TestVision" name="test_vision_difetti_jpeg" time="14.115" /><testcase classname="tests.test_iter3_features.TestWeeklyPlan" name="test_put_upsert_and_persist" time="0.303" /><testcase classname="tests.test_iter3_features.TestWeeklyPlan" name="test_put_overwrites_single_doc" time="0.159" /><testcase classname="tests.test_iter3_features.TestWeeklyPlan" name="test_put_empty_items_allowed" time="0.161" /><testcase classname="tests.test_iter3_features.TestWeeklyPlan" name="test_put_invalid_item_rejected" time="0.081" /><testcase classname="tests.test_iter3_features.TestWeeklyPlan" name="test_item_id_autogenerated_when_missing" time="0.082" /><testcase classname="tests.test_iter3_features.TestAnnouncementValidation" name="test_create_empty_title_422" time="0.085" /><testcase classname="tests.test_iter3_features.TestAnnouncementValidation" name="test_create_trims_title_and_delete" time="0.565" /><testcase classname="tests.test_iter3_features.TestVision" name="test_vision_ingredienti_png" time="10.613" /><testcase classname="tests.test_iter3_features.TestVision" name="test_vision_accepts_data_url_prefix" time="14.988" /><testcase classname="tests.test_iter3_features.TestVision" name="test_vision_missing_fields_422" time="0.216" /><testcase classname="tests.test_iter3_features.TestVision" name="test_vision_invalid_image_does_not_500" time="0.563" /></testsuite></testsuites>