<?xml version="1.0" encoding="utf-8"?><testsuites name="pytest tests"><testsuite name="pytest" errors="0" failures="0" skipped="0" tests="16" time="7.800" timestamp="2026-09-06T05:10:53.876772+00:00" hostname="agent-env-28ba6ef5-b8e2-4605-b45d-3fa5249d385f"><testcase classname="tests.test_iter193_security_perimeter" name="test_admin_endpoints_reject_anon[PUT-/api/lab-config-body0]" time="0.211" /><testcase classname="tests.test_iter193_security_perimeter" name="test_admin_endpoints_reject_anon[PUT-/api/production-pin-body1]" time="0.068" /><testcase classname="tests.test_iter193_security_perimeter" name="test_admin_endpoints_reject_anon[PUT-/api/admin-gate-body2]" time="0.063" /><testcase classname="tests.test_iter193_security_perimeter" name="test_admin_endpoints_reject_anon[POST-/api/master/govern-body3]" time="0.065" /><testcase classname="tests.test_iter193_security_perimeter" name="test_admin_endpoints_reject_anon[GET-/api/bako/proactive-None]" time="0.066" /><testcase classname="tests.test_iter193_security_perimeter" name="test_admin_gate_verify_public_and_powerless" time="0.127" /><testcase classname="tests.test_iter193_security_perimeter" name="test_production_pin_verify_public_and_powerless" time="0.420" /><testcase classname="tests.test_iter193_security_perimeter" name="test_production_pin_verify_wrong" time="0.287" /><testcase classname="tests.test_iter193_security_perimeter" name="test_admin_gate_verify_wrong" time="0.068" /><testcase classname="tests.test_iter193_security_perimeter" name="test_admin_can_put_lab_config" time="0.477" /><testcase classname="tests.test_iter193_security_perimeter" name="test_admin_can_put_production_pin" time="0.284" /><testcase classname="tests.test_iter193_security_perimeter" name="test_admin_can_put_admin_gate" time="0.290" /><testcase classname="tests.test_iter193_security_perimeter" name="test_admin_can_call_master_govern" time="2.665" /><testcase classname="tests.test_iter193_security_perimeter" name="test_admin_can_get_bako_proactive" time="0.069" /><testcase classname="tests.test_iter193_security_perimeter" name="test_admin_regression_recipes_count" time="0.174" /><testcase classname="tests.test_iter193_security_perimeter" name="test_admin_govern_assign_leader" time="2.101" /></testsuite></testsuites>