<?xml version="1.0" encoding="utf-8"?><testsuites name="pytest tests"><testsuite name="pytest" errors="0" failures="0" skipped="0" tests="17" time="3.009" timestamp="2026-08-22T09:57:05.006020+00:00" hostname="agent-env-28ba6ef5-b8e2-4605-b45d-3fa5249d385f"><testcase classname="tests.test_iter38_enterprise.TestStores" name="test_create_and_persist" time="0.709" /><testcase classname="tests.test_iter38_enterprise.TestOrders" name="test_create_total_and_status" time="0.895" /><testcase classname="tests.test_iter38_enterprise.TestStores" name="test_update" time="0.088" /><testcase classname="tests.test_iter38_enterprise.TestStores" name="test_update_missing_404" time="0.043" /><testcase classname="tests.test_iter38_enterprise.TestStores" name="test_validation_missing_name" time="0.085" /><testcase classname="tests.test_iter38_enterprise.TestOrders" name="test_status_transitions" time="0.444" /><testcase classname="tests.test_iter38_enterprise.TestStores" name="test_scoped_by_owner" time="0.511" /><testcase classname="tests.test_iter38_enterprise.TestOrders" name="test_invalid_status_falls_back" time="0.127" /><testcase classname="tests.test_iter38_enterprise.TestStores" name="test_delete" time="0.298" /><testcase classname="tests.test_iter38_enterprise.TestOrders" name="test_store_filter" time="0.173" /><testcase classname="tests.test_iter38_enterprise.TestOrders" name="test_null_price_total" time="0.042" /><testcase classname="tests.test_iter38_enterprise.TestAuthGuards" name="test_stores_requires_auth" time="0.262" /><testcase classname="tests.test_iter38_enterprise.TestAuthGuards" name="test_orders_requires_auth" time="0.141" /><testcase classname="tests.test_iter38_enterprise.TestOrders" name="test_scoped_by_owner" time="0.576" /><testcase classname="tests.test_iter38_enterprise.TestOrders" name="test_delete" time="0.132" /><testcase classname="tests.test_iter38_enterprise.TestProStatus" name="test_admin_is_pro" time="0.043" /><testcase classname="tests.test_iter38_enterprise.TestProStatus" name="test_user2_pro_flag_reported" time="0.260" /></testsuite></testsuites>