<?xml version="1.0" encoding="utf-8"?><testsuites name="pytest tests"><testsuite name="pytest" errors="0" failures="0" skipped="0" tests="4" time="2.192" timestamp="2026-09-17T12:49:47.446539+00:00" hostname="agent-env-28ba6ef5-b8e2-4605-b45d-3fa5249d385f"><testcase classname="tests.test_iter262_ordering_preset_log.TestDeptMachineReorder" name="test_reorder_persists" time="0.886" /><testcase classname="tests.test_iter262_ordering_preset_log.TestSiloPreset" name="test_pizzeria_preset_dedup" time="0.226" /><testcase classname="tests.test_iter262_ordering_preset_log.TestCoordinationLog" name="test_accepted_logged" time="0.459" /><testcase classname="tests.test_iter262_ordering_preset_log.TestCoordinationLog" name="test_declined_logged" time="0.532" /></testsuite></testsuites>