<?xml version="1.0" encoding="utf-8"?><testsuites name="pytest tests"><testsuite name="pytest" errors="0" failures="1" skipped="0" tests="25" time="48.630" timestamp="2026-08-20T14:06:48.868906+00:00" hostname="agent-env-28ba6ef5-b8e2-4605-b45d-3fa5249d385f"><testcase classname="tests.test_iter21_paywall.TestAnonBlindatura" name="test_vision_requires_auth" time="0.635" /><testcase classname="tests.test_iter21_paywall.TestAdminGrantRevoke" name="test_grant_and_list" time="0.931" /><testcase classname="tests.test_iter21_paywall.TestAnonBlindatura" name="test_scan_recipe_requires_auth" time="0.154" /><testcase classname="tests.test_iter21_paywall.TestAnonBlindatura" name="test_capo_plan_pro_forbidden" time="0.129" /><testcase classname="tests.test_iter21_paywall.TestAnonBlindatura" name="test_capo_plan_home_public" time="46.997" /><testcase classname="tests.test_iter21_paywall.TestAdminGrantRevoke" name="test_grant_invalid_email" time="0.234" /><testcase classname="tests.test_iter21_paywall.TestAdminGrantRevoke" name="test_revoke" time="0.299" /><testcase classname="tests.test_iter21_paywall.TestAdminGrantRevoke" name="test_grant_unlimited" time="0.298" /><testcase classname="tests.test_iter21_paywall.TestPasswordReset" name="test_forgot_password_always_ok" time="0.140" /><testcase classname="tests.test_iter21_paywall.TestPasswordReset" name="test_forgot_password_real_user" time="0.450" /><testcase classname="tests.test_iter21_paywall.TestPasswordReset" name="test_reset_invalid_token" time="0.239" /><testcase classname="tests.test_iter21_paywall.TestPasswordReset" name="test_credentials_still_valid_after_forgot" time="0.608" /><testcase classname="tests.test_iter21_paywall.TestNonProUser" name="test_status_not_pro" time="0.498" /><testcase classname="tests.test_iter21_paywall.TestNonProUser" name="test_vision_403_when_not_pro" time="0.297" /><testcase classname="tests.test_iter21_paywall.TestNonProUser" name="test_admin_endpoint_403_for_user" time="0.134" /><testcase classname="tests.test_iter21_paywall.TestAdminPro" name="test_status_admin" time="0.182" /><testcase classname="tests.test_iter21_paywall.TestAdminPro" name="test_vision_works_for_admin" time="0.134"><failure message="AssertionError: expected 200 got 422: {&quot;detail&quot;:[{&quot;type&quot;:&quot;missing&quot;,&quot;loc&quot;:[&quot;body&quot;,&quot;mode&quot;],&quot;msg&quot;:&quot;Field required&quot;,&quot;input&quot;:{&quot;image_base64&quot;:&quot;iVBORw0KGgoAAAANSUhEUgAAAAEAAAABCAYAAAAfFcSJAAAADUlEQVR42mP8z8DwHwAFAAH/q842iQAAAABJRU5ErkJggg==&quot;,&quot;question&quot;:&quot;Cosa vedi?&quot;,&quot;lang&quot;:&quot;it&quot;},&quot;url&quot;:&quot;https://errors.pydantic.dev/2.13/v/missing&quot;}]}&#10;assert 422 == 200&#10; +  where 422 = &lt;Response [422]&gt;.status_code">tests/test_iter21_paywall.py:112: in test_vision_works_for_admin
    assert r.status_code == 200, f"expected 200 got {r.status_code}: {r.text[:300]}"
E   AssertionError: expected 200 got 422: {"detail":[{"type":"missing","loc":["body","mode"],"msg":"Field required","input":{"image_base64":"iVBORw0KGgoAAAANSUhEUgAAAAEAAAABCAYAAAAfFcSJAAAADUlEQVR42mP8z8DwHwAFAAH/q842iQAAAABJRU5ErkJggg==","question":"Cosa vedi?","lang":"it"},"url":"https://errors.pydantic.dev/2.13/v/missing"}]}
E   assert 422 == 200
E    +  where 422 = &lt;Response [422]&gt;.status_code</failure></testcase><testcase classname="tests.test_iter21_paywall.TestTeaserRecipes" name="test_anon_recipes_locked" time="0.135" /><testcase classname="tests.test_iter21_paywall.TestTeaserRecipes" name="test_admin_recipes_full" time="0.131" /><testcase classname="tests.test_iter21_paywall.TestTrial" name="test_trial_requires_auth" time="0.144" /><testcase classname="tests.test_iter21_paywall.TestTrial" name="test_trial_activate_or_already_used" time="1.475" /><testcase classname="tests.test_iter21_paywall.TestCheckout" name="test_checkout_requires_auth" time="0.134" /><testcase classname="tests.test_iter21_paywall.TestCheckout" name="test_checkout_returns_url" time="1.063" /><testcase classname="tests.test_iter21_paywall.TestAnonBlindatura" name="test_subscription_status_anon" time="0.243" /><testcase classname="tests.test_iter21_paywall.TestAnonBlindatura" name="test_admin_endpoints_require_auth" time="0.135" /></testsuite></testsuites>