<?xml version="1.0" encoding="utf-8"?><testsuites name="pytest tests"><testsuite name="pytest" errors="0" failures="1" skipped="0" tests="8" time="1.879" timestamp="2026-09-17T11:41:15.040187+00:00" hostname="agent-env-28ba6ef5-b8e2-4605-b45d-3fa5249d385f"><testcase classname="tests.test_dept_machines_crud" name="test_depts_catalog" time="0.630" /><testcase classname="tests.test_dept_machines_crud" name="test_panificio_base_machines" time="0.084" /><testcase classname="tests.test_dept_machines_crud" name="test_machine_add_rename_delete_custom" time="0.323" /><testcase classname="tests.test_dept_machines_crud" name="test_base_machine_rename_and_hide" time="0.164" /><testcase classname="tests.test_dept_machines_crud" name="test_invalid_dept" time="0.081" /><testcase classname="tests.test_dept_machines_crud" name="test_add_requires_name" time="0.081" /><testcase classname="tests.test_dept_machines_crud" name="test_requires_admin" time="0.269" /><testcase classname="tests.test_dept_machines_crud" name="test_shift_templates_flow" time="0.159"><failure message="AssertionError: {&quot;detail&quot;:&quot;Nessuna assegnazione da salvare&quot;}&#10;assert 400 == 200&#10; +  where 400 = &lt;Response [400]&gt;.status_code">backend/tests/test_dept_machines_crud.py:144: in test_shift_templates_flow
    assert r.status_code == 200, r.text[:200]
E   AssertionError: {"detail":"Nessuna assegnazione da salvare"}
E   assert 400 == 200
E    +  where 400 = &lt;Response [400]&gt;.status_code</failure></testcase></testsuite></testsuites>