<?xml version="1.0" encoding="utf-8"?><testsuites name="pytest tests"><testsuite name="pytest" errors="0" failures="0" skipped="0" tests="3" time="3.234" timestamp="2026-09-06T13:43:34.835830+00:00" hostname="agent-env-28ba6ef5-b8e2-4605-b45d-3fa5249d385f"><testcase classname="tests.test_iter211_depts" name="test_depts_catalog_five" time="0.778" /><testcase classname="tests.test_iter211_depts" name="test_depts_assign_objective_progress_board" time="1.394" /><testcase classname="tests.test_iter211_depts" name="test_depts_reject_unknown" time="0.725" /></testsuite></testsuites>