<?xml version="1.0" encoding="utf-8"?><testsuites name="pytest tests"><testsuite name="pytest" errors="0" failures="0" skipped="0" tests="8" time="1.485" timestamp="2026-09-06T10:22:44.340825+00:00" hostname="agent-env-28ba6ef5-b8e2-4605-b45d-3fa5249d385f"><testcase classname="tests.test_iter206_final" name="test_packaging_curve[70-attendi-0]" time="0.824" /><testcase classname="tests.test_iter206_final" name="test_packaging_curve[55-attendi-0]" time="0.064" /><testcase classname="tests.test_iter206_final" name="test_packaging_curve[45-rallenta-68]" time="0.068" /><testcase classname="tests.test_iter206_final" name="test_packaging_curve[33-nominale-100]" time="0.069" /><testcase classname="tests.test_iter206_final" name="test_packaging_curve[35-nominale-100]" time="0.068" /><testcase classname="tests.test_iter206_final" name="test_packaging_en_wait_label" time="0.064" /><testcase classname="tests.test_iter206_final" name="test_sos_challenge_shape" time="0.066" /><testcase classname="tests.test_iter206_final" name="test_sos_challenge_after_seeded_event" time="0.201" /></testsuite></testsuites>