<?xml version="1.0" encoding="utf-8"?><testsuites name="pytest tests"><testsuite name="pytest" errors="0" failures="1" skipped="0" tests="11" time="24.322" timestamp="2026-09-09T09:59:28.325817+00:00" hostname="agent-env-28ba6ef5-b8e2-4605-b45d-3fa5249d385f"><testcase classname="tests.test_iter221_mohamed_living.TestPublicAccessRequest" name="test_valid_email" time="0.260" /><testcase classname="tests.test_iter221_mohamed_living.TestPublicAccessRequest" name="test_invalid_email" time="0.069" /><testcase classname="tests.test_iter221_mohamed_living.TestPublicAccessRequest" name="test_public_no_gate_cookie" time="0.000" /><testcase classname="tests.test_iter221_mohamed_living.TestMohamedInbox" name="test_list_requires_admin" time="0.375" /><testcase classname="tests.test_iter221_mohamed_living.TestMohamedInbox" name="test_list_and_act" time="0.587" /><testcase classname="tests.test_iter221_mohamed_living.TestLivingRecipe" name="test_non_admin_rejected" time="0.201" /><testcase classname="tests.test_iter221_mohamed_living.TestLivingRecipe" name="test_guest_rejected" time="0.465" /><testcase classname="tests.test_iter221_mohamed_living.TestLivingRecipe" name="test_admin_success" time="12.870" /><testcase classname="tests.test_iter221_mohamed_living.TestLegacyOven" name="test_legacy_run" time="9.271" /><testcase classname="tests.test_iter221_mohamed_living.TestObserveAlerts" name="test_observe_and_alerts" time="0.071"><failure message="AssertionError: {&quot;detail&quot;:[{&quot;type&quot;:&quot;missing&quot;,&quot;loc&quot;:[&quot;body&quot;,&quot;action&quot;],&quot;msg&quot;:&quot;Field required&quot;,&quot;input&quot;:{&quot;recipe_name&quot;:&quot;TEST_iter221_observe&quot;,&quot;field&quot;:&quot;idratazione&quot;,&quot;value&quot;:999,&quot;unit&quot;:&quot;%&quot;},&quot;url&quot;:&quot;https://errors.pydantic.dev/2.13/v/missing&quot;}]}&#10;assert 422 == 200&#10; +  where 422 = &lt;Response [422]&gt;.status_code">backend/tests/test_iter221_mohamed_living.py:166: in test_observe_and_alerts
    assert r.status_code == 200, r.text
E   AssertionError: {"detail":[{"type":"missing","loc":["body","action"],"msg":"Field required","input":{"recipe_name":"TEST_iter221_observe","field":"idratazione","value":999,"unit":"%"},"url":"https://errors.pydantic.dev/2.13/v/missing"}]}
E   assert 422 == 200
E    +  where 422 = &lt;Response [422]&gt;.status_code</failure></testcase><testcase classname="tests.test_iter221_mohamed_living.TestGuestBarrier" name="test_living_recipe_blocked" time="0.069" /></testsuite></testsuites>