<?xml version="1.0" encoding="utf-8"?><testsuites name="pytest tests"><testsuite name="pytest" errors="0" failures="1" skipped="0" tests="9" time="82.517" timestamp="2026-08-27T13:24:12.121211+00:00" hostname="agent-env-28ba6ef5-b8e2-4605-b45d-3fa5249d385f"><testcase classname="tests.test_iter91_academy_dm.TestAcademyQuiz" name="test_quiz_levels_langs[it-apprendista]" time="6.695" /><testcase classname="tests.test_iter91_academy_dm.TestDirectMessages" name="test_send_and_unread_flow" time="1.580"><failure message="AssertionError: conversation with amico2 missing: [{&quot;other_id&quot;: &quot;user_4f98779d5084&quot;, &quot;last&quot;: &quot;TEST_iter91 msg a2f5bf&quot;, &quot;at&quot;: &quot;2026-08-27T13:24:13.881296+00:00&quot;, &quot;unread&quot;: 1, &quot;name&quot;: &quot;Amico Due&quot;, &quot;picture&quot;: &quot;&quot;}]&#10;assert []">tests/test_iter91_academy_dm.py:130: in test_send_and_unread_flow
    assert mine, f"conversation with amico2 missing: {json.dumps(convos)[:400]}"
E   AssertionError: conversation with amico2 missing: [{"other_id": "user_4f98779d5084", "last": "TEST_iter91 msg a2f5bf", "at": "2026-08-27T13:24:13.881296+00:00", "unread": 1, "name": "Amico Due", "picture": ""}]
E   assert []</failure></testcase><testcase classname="tests.test_iter91_academy_dm.TestAcademyQuiz" name="test_quiz_levels_langs[it-avanzato]" time="12.093" /><testcase classname="tests.test_iter91_academy_dm.TestAcademyQuiz" name="test_quiz_levels_langs[it-master]" time="15.138" /><testcase classname="tests.test_iter91_academy_dm.TestAcademyQuiz" name="test_quiz_levels_langs[en-apprendista]" time="4.817" /><testcase classname="tests.test_iter91_academy_dm.TestAcademyQuiz" name="test_quiz_levels_langs[en-avanzato]" time="11.524" /><testcase classname="tests.test_iter91_academy_dm.TestAcademyQuiz" name="test_quiz_levels_langs[en-master]" time="13.557" /><testcase classname="tests.test_iter91_academy_dm.TestAcademyQuiz" name="test_quiz_invalid_level_falls_back" time="6.307" /><testcase classname="tests.test_iter91_academy_dm.TestAcademyQuiz" name="test_quiz_avoid_repetition" time="11.845" /></testsuite></testsuites>