<?xml version="1.0" encoding="utf-8"?><testsuites name="pytest tests"><testsuite name="pytest" errors="0" failures="0" skipped="0" tests="5" time="1.453" timestamp="2026-09-11T10:20:01.596072+00:00" hostname="agent-env-28ba6ef5-b8e2-4605-b45d-3fa5249d385f"><testcase classname="tests.test_iter229_coldstorage" name="test_mike_machines" time="0.622" /><testcase classname="tests.test_iter229_coldstorage" name="test_depts_catalog" time="0.074" /><testcase classname="tests.test_iter229_coldstorage" name="test_freezer_put_and_get_with_dept" time="0.407" /><testcase classname="tests.test_iter229_coldstorage" name="test_freezer_cleanup" time="0.151" /><testcase classname="tests.test_iter229_coldstorage" name="test_floor_gate_regression" time="0.131" /></testsuite></testsuites>