<?xml version="1.0" encoding="utf-8"?><testsuites name="pytest tests"><testsuite name="pytest" errors="0" failures="0" skipped="0" tests="7" time="1.169" timestamp="2026-09-01T09:48:11.364477+00:00" hostname="agent-env-28ba6ef5-b8e2-4605-b45d-3fa5249d385f"><testcase classname="tests.test_iter154_tts" name="test_tts_accepts_voice[michele]" time="0.260" /><testcase classname="tests.test_iter154_tts" name="test_tts_accepts_voice[momy]" time="0.122" /><testcase classname="tests.test_iter154_tts" name="test_tts_accepts_voice[momi]" time="0.126" /><testcase classname="tests.test_iter154_tts" name="test_tts_accepts_voice[lab]" time="0.115" /><testcase classname="tests.test_iter154_tts" name="test_tts_empty_text_400" time="0.070" /><testcase classname="tests.test_iter154_tts" name="test_tts_missing_text_422" time="0.070" /><testcase classname="tests.test_iter154_tts" name="test_server_alive_after_tts" time="0.076" /></testsuite></testsuites>