<?xml version="1.0" encoding="utf-8"?><testsuites name="pytest tests"><testsuite name="pytest" errors="0" failures="0" skipped="0" tests="14" time="4.425" timestamp="2026-08-31T09:17:10.161796+00:00" hostname="agent-env-28ba6ef5-b8e2-4605-b45d-3fa5249d385f"><testcase classname="tests.test_iter144_stats_cache.TestAdminEmailLogs" name="test_email_logs_requires_auth" time="0.176" /><testcase classname="tests.test_iter144_stats_cache.TestAdminEmailReport" name="test_report_days[7-7]" time="0.726" /><testcase classname="tests.test_iter144_stats_cache.TestAdminEmailLogs" name="test_email_logs_forbidden_for_normal_user" time="0.603" /><testcase classname="tests.test_iter144_stats_cache.TestAdminEmailReport" name="test_report_days[30-30]" time="0.114" /><testcase classname="tests.test_iter144_stats_cache.TestAdminEmailReport" name="test_report_forbidden_for_user" time="0.565" /><testcase classname="tests.test_iter144_stats_cache.TestAdminEmailLogs" name="test_email_logs_admin[7-7]" time="0.786" /><testcase classname="tests.test_iter144_stats_cache.TestChannelEmailPref" name="test_set_and_persist[instant]" time="0.272" /><testcase classname="tests.test_iter144_stats_cache.TestAdminEmailLogs" name="test_email_logs_admin[30-30]" time="0.176" /><testcase classname="tests.test_iter144_stats_cache.TestChannelEmailPref" name="test_set_and_persist[off]" time="0.258" /><testcase classname="tests.test_iter144_stats_cache.TestAdminEmailLogs" name="test_email_logs_admin[1-7]" time="0.166" /><testcase classname="tests.test_iter144_stats_cache.TestAdminEmailLogs" name="test_email_logs_admin[365-30]" time="0.123" /><testcase classname="tests.test_iter144_stats_cache.TestChannelEmailPref" name="test_set_and_persist[daily]" time="0.290" /><testcase classname="tests.test_iter144_stats_cache.TestCommunityStats" name="test_stats_public_shape" time="0.114" /><testcase classname="tests.test_iter144_stats_cache.TestCommunityStats" name="test_stats_cached_within_60s" time="1.754" /></testsuite></testsuites>