<?xml version="1.0" encoding="utf-8"?><testsuites name="pytest tests"><testsuite name="pytest" errors="0" failures="1" skipped="0" tests="6" time="39.636" timestamp="2026-08-27T13:25:45.849574+00:00" hostname="agent-env-28ba6ef5-b8e2-4605-b45d-3fa5249d385f"><testcase classname="tests.test_iter91_academy_dm.TestAcademyCoach" name="test_coach_stream[it]" time="23.263" /><testcase classname="tests.test_iter91_academy_dm.TestDirectMessages" name="test_send_and_unread_flow" time="4.085"><failure message="assert '_id' not in '{&quot;messages&quot;...cture&quot;: &quot;&quot;}}'&#10;  &#10;  '_id' is contained here:&#10;  ?                                                                   ^^^^^^^^^^^^^^^^^^^^^^^^^^^^^^^^^^^^^^^^^^^^^^^^^^^^^&#10;    {&quot;messages&quot;: [{&quot;id&quot;: &quot;30f681dd-101c-4243-8903-2710e369b103&quot;, &quot;from_id&quot;: &quot;user_c5cd394ab40d&quot;, &quot;to_id&quot;: &quot;user_4f98779d5084&quot;, &quot;text&quot;: &quot;Ciao amico2, come va la produzione?&quot;, &quot;read&quot;: true, &quot;created_at&quot;: &quot;2026-08-27T13:06:46.812940+00:00&quot;}, {&quot;id&quot;: &quot;b2e0bc1f-ea4e-4c6c-a7e1-4304793957fa&quot;, &quot;from_id&quot;: &quot;user_4f98779d5084&quot;, &quot;to_id&quot;: &quot;user_c5cd394ab40d&quot;, &quot;text&quot;: &quot;TEST_iter91 msg a2f5bf&quot;, &quot;read&quot;: false, &quot;created_at&quot;: &quot;2026-08-27T13:24:13.881296+00:00&quot;}, {&quot;id&quot;: &quot;...&#10;  &#10;  ...Full output truncated (2 lines hidden), use '-vv' to show">tests/test_iter91_academy_dm.py:142: in test_send_and_unread_flow
    assert "_id" not in json.dumps(th)
E   assert '_id' not in '{"messages"...cture": ""}}'
E     
E     '_id' is contained here:
E     ?                                                                   ^^^^^^^^^^^^^^^^^^^^^^^^^^^^^^^^^^^^^^^^^^^^^^^^^^^^^
E       {"messages": [{"id": "30f681dd-101c-4243-8903-2710e369b103", "from_id": "user_c5cd394ab40d", "to_id": "user_4f98779d5084", "text": "Ciao amico2, come va la produzione?", "read": true, "created_at": "2026-08-27T13:06:46.812940+00:00"}, {"id": "b2e0bc1f-ea4e-4c6c-a7e1-4304793957fa", "from_id": "user_4f98779d5084", "to_id": "user_c5cd394ab40d", "text": "TEST_iter91 msg a2f5bf", "read": false, "created_at": "2026-08-27T13:24:13.881296+00:00"}, {"id": "...
E     
E     ...Full output truncated (2 lines hidden), use '-vv' to show</failure></testcase><testcase classname="tests.test_iter91_academy_dm.TestDirectMessages" name="test_reply_appears_both_sides" time="0.329" /><testcase classname="tests.test_iter91_academy_dm.TestDirectMessages" name="test_message_requires_auth" time="0.147" /><testcase classname="tests.test_iter91_academy_dm.TestDirectMessages" name="test_empty_message_rejected" time="0.179" /><testcase classname="tests.test_iter91_academy_dm.TestAcademyCoach" name="test_coach_stream[en]" time="15.975" /></testsuite></testsuites>