<?xml version="1.0" encoding="utf-8"?><testsuites name="pytest tests"><testsuite name="pytest" errors="0" failures="0" skipped="0" tests="9" time="5.292" timestamp="2026-09-04T13:49:01.870661+00:00" hostname="agent-env-28ba6ef5-b8e2-4605-b45d-3fa5249d385f"><testcase classname="tests.test_iter178_tts_translate.TestAuth" name="test_login_capo" time="0.440" /><testcase classname="tests.test_iter178_tts_translate.TestTTSTranslation" name="test_de_translation_cache" time="1.549" /><testcase classname="tests.test_iter178_tts_translate.TestAuth" name="test_login_wrong_password" time="0.358" /><testcase classname="tests.test_iter178_tts_translate.TestFloorPlan" name="test_get_public" time="0.091" /><testcase classname="tests.test_iter178_tts_translate.TestRecipes" name="test_list_recipes" time="0.219" /><testcase classname="tests.test_iter178_tts_translate.TestTTSTranslation" name="test_en_translation" time="1.090" /><testcase classname="tests.test_iter178_tts_translate.TestTTSTranslation" name="test_fr_translation" time="1.102" /><testcase classname="tests.test_iter178_tts_translate.TestTTSTranslation" name="test_it_no_translation" time="1.088" /><testcase classname="tests.test_iter178_tts_translate.TestTTSTranslation" name="test_empty_text_400" time="0.083" /></testsuite></testsuites>