<?xml version="1.0" encoding="utf-8"?><testsuites name="pytest tests"><testsuite name="pytest" errors="0" failures="0" skipped="0" tests="6" time="10.428" timestamp="2026-08-19T08:29:09.113368+00:00" hostname="agent-env-28ba6ef5-b8e2-4605-b45d-3fa5249d385f"><testcase classname="tests.test_iter13_capolab.TestRecipeCRUD" name="test_crud_with_work_phases" time="1.030" /><testcase classname="tests.test_iter13_capolab.TestUploadArchive" name="test_upload_and_download_roundtrip" time="0.740" /><testcase classname="tests.test_iter13_capolab.TestUploadArchive" name="test_download_missing_file_404" time="0.085" /><testcase classname="tests.test_iter13_capolab.TestMikilabRecipes" name="test_list_recipes" time="0.046" /><testcase classname="tests.test_iter13_capolab.TestRecipeCRUD" name="test_update_unknown_recipe_404" time="0.058" /><testcase classname="tests.test_iter13_capolab.TestVisionMacchine" name="test_macchine_mode_sse" time="9.026" /></testsuite></testsuites>