<?xml version="1.0" encoding="utf-8"?><testsuites name="pytest tests"><testsuite name="pytest" errors="0" failures="0" skipped="0" tests="8" time="48.902" timestamp="2026-08-17T17:35:07.587417+00:00" hostname="agent-env-28ba6ef5-b8e2-4605-b45d-3fa5249d385f"><testcase classname="tests.test_iter5_sse_vision.TestSSEJsonContract" name="test_chat_frames_are_json" time="2.439" /><testcase classname="tests.test_iter5_sse_vision.TestVisionLanguage" name="test_vision_difetti_de_is_german" time="14.690" /><testcase classname="tests.test_iter5_sse_vision.TestSSEJsonContract" name="test_chat_markdown_blank_lines_survive" time="6.386" /><testcase classname="tests.test_iter5_sse_vision.TestSSEJsonContract" name="test_vision_frames_are_json" time="13.003" /><testcase classname="tests.test_iter5_sse_vision.TestVisionLanguage" name="test_vision_difetti_it_is_italian" time="13.937" /><testcase classname="tests.test_iter5_sse_vision.TestBaselineData" name="test_mikilab_recipes_have_rest_hours" time="0.161" /><testcase classname="tests.test_iter5_sse_vision.TestVisionLanguage" name="test_vision_ingredienti_de_is_german" time="10.389" /><testcase classname="tests.test_iter5_sse_vision.TestVisionLanguage" name="test_vision_ingredienti_it_is_italian" time="9.288" /></testsuite></testsuites>