<?xml version="1.0" encoding="utf-8"?><testsuites name="pytest tests"><testsuite name="pytest" errors="0" failures="0" skipped="0" tests="5" time="21.211" timestamp="2026-09-16T10:03:01.920321+00:00" hostname="agent-env-28ba6ef5-b8e2-4605-b45d-3fa5249d385f"><testcase classname="tests.test_iter255_coordination.TestCoordinationOperatorHandoff" name="test_first_refuses_second_accepts" time="1.260" /><testcase classname="tests.test_iter255_coordination.TestCoordinationMachine" name="test_machine_over_threshold" time="0.266" /><testcase classname="tests.test_iter255_coordination.TestCoordinationProposal" name="test_proposed_then_confirm" time="0.515" /><testcase classname="tests.test_iter255_coordination.TestCoordinationUncovered" name="test_timeout_uncovered_and_log" time="18.647" /><testcase classname="tests.test_iter255_coordination.TestDriverRun" name="test_deliveries_and_run" time="0.437" /></testsuite></testsuites>