<?xml version="1.0" encoding="utf-8"?><testsuites name="pytest tests"><testsuite name="pytest" errors="0" failures="0" skipped="0" tests="8" time="3.616" timestamp="2026-08-21T10:28:08.498151+00:00" hostname="agent-env-28ba6ef5-b8e2-4605-b45d-3fa5249d385f"><testcase classname="tests.test_iter26_v34.TestAuth" name="test_admin_login" time="2.526" /><testcase classname="tests.test_iter26_v34.TestRecipesV34" name="test_count_43" time="2.858" /><testcase classname="tests.test_iter26_v34.TestAuth" name="test_bad_password" time="0.305" /><testcase classname="tests.test_iter26_v34.TestRecipesV34" name="test_licoli_separate" time="0.097" /><testcase classname="tests.test_iter26_v34.TestRecipesV34" name="test_licoli_detail" time="0.085" /><testcase classname="tests.test_iter26_v34.TestRecipesV34" name="test_panettoni_naming" time="0.077" /><testcase classname="tests.test_iter26_v34.TestRecipesV34" name="test_panettone_structure_fields" time="0.089" /><testcase classname="tests.test_iter26_v34.TestRecipesV34" name="test_categories_basi" time="0.091" /></testsuite></testsuites>