<?xml version="1.0" encoding="utf-8"?><testsuites name="pytest tests"><testsuite name="pytest" errors="0" failures="0" skipped="0" tests="9" time="2.721" timestamp="2026-08-26T10:12:39.646504+00:00" hostname="agent-env-28ba6ef5-b8e2-4605-b45d-3fa5249d385f"><testcase classname="tests.test_iter76_dayclose.TestInventory" name="test_get_inventory_shape" time="0.491" /><testcase classname="tests.test_iter76_dayclose.TestInventory" name="test_put_inventory_persists" time="0.099" /><testcase classname="tests.test_iter76_dayclose.TestInventory" name="test_inventory_requires_auth" time="0.149" /><testcase classname="tests.test_iter76_dayclose.TestDayClose" name="test_full_closure" time="0.288" /><testcase classname="tests.test_iter76_dayclose.TestDayClose" name="test_over_consume_clamps_at_zero" time="0.091" /><testcase classname="tests.test_iter76_dayclose.TestDayClose" name="test_fuzzy_name_match" time="0.096" /><testcase classname="tests.test_iter76_dayclose.TestDayClose" name="test_day_close_requires_auth" time="0.106" /><testcase classname="tests.test_iter76_dayclose.TestBundleCheckout" name="test_snack_bundle_returns_stripe_url" time="0.899" /><testcase classname="tests.test_iter76_dayclose" name="test_zz_cleanup" time="0.424" /></testsuite></testsuites>