<?xml version="1.0" encoding="utf-8"?><testsuites name="pytest tests"><testsuite name="pytest" errors="0" failures="0" skipped="0" tests="40" time="41.484" timestamp="2026-08-17T16:45:42.040042+00:00" hostname="agent-env-28ba6ef5-b8e2-4605-b45d-3fa5249d385f"><testcase classname="tests.test_iter3_features.TestWeeklyPlan" name="test_get_returns_null_or_plan" time="0.210" /><testcase classname="tests.backend_test.TestRecipes" name="test_mikilab_seeded" time="0.156" /><testcase classname="tests.backend_test.TestRecipes" name="test_mikilab_seed_idempotent" time="0.128" /><testcase classname="tests.test_iter3_features.TestWeeklyPlan" name="test_put_upsert_and_persist" time="0.324" /><testcase classname="tests.backend_test.TestRecipes" name="test_personal_collection_has_no_examples" time="0.064" /><testcase classname="tests.backend_test.TestRecipes" name="test_recipe_full_crud" time="0.579" /><testcase classname="tests.test_iter3_features.TestWeeklyPlan" name="test_put_overwrites_single_doc" time="0.252" /><testcase classname="tests.test_iter3_features.TestWeeklyPlan" name="test_put_empty_items_allowed" time="0.162" /><testcase classname="tests.backend_test.TestRecipes" name="test_update_missing_recipe_404" time="0.065" /><testcase classname="tests.test_iter3_features.TestWeeklyPlan" name="test_put_invalid_item_rejected" time="0.124" /><testcase classname="tests.backend_test.TestRecipes" name="test_delete_missing_recipe_404" time="0.063" /><testcase classname="tests.backend_test.TestRecipes" name="test_create_recipe_validation" time="0.072" /><testcase classname="tests.test_iter3_features.TestWeeklyPlan" name="test_item_id_autogenerated_when_missing" time="0.127" /><testcase classname="tests.test_new_features.TestProductionPlan" name="test_get_returns_json_null_or_plan" time="0.143" /><testcase classname="tests.test_iter3_features.TestVision" name="test_vision_difetti_jpeg" time="12.358" /><testcase classname="tests.test_new_features.TestProductionPlan" name="test_put_upsert_and_persist" time="0.162" /><testcase classname="tests.test_new_features.TestProductionPlan" name="test_put_overwrites_single_doc" time="0.166" /><testcase classname="tests.test_new_features.TestProductionPlan" name="test_put_validation_422" time="0.174" /><testcase classname="tests.test_new_features.TestProductionPlan" name="test_phase_hours_defaults_to_zero" time="0.078" /><testcase classname="tests.test_new_features.TestAnnouncements" name="test_get_seeds_defaults" time="0.088" /><testcase classname="tests.test_new_features.TestAnnouncements" name="test_get_seed_idempotent" time="0.161" /><testcase classname="tests.test_new_features.TestAnnouncements" name="test_crud_flow" time="0.478" /><testcase classname="tests.test_new_features.TestAnnouncements" name="test_create_without_details" time="0.171" /><testcase classname="tests.test_new_features.TestAnnouncements" name="test_validation_and_404s" time="0.348" /><testcase classname="tests.backend_test.TestOvenProfiles" name="test_list_no_examples" time="0.222" /><testcase classname="tests.backend_test.TestOvenProfiles" name="test_oven_profile_crud" time="0.462" /><testcase classname="tests.backend_test.TestOvenProfiles" name="test_oven_404s" time="0.184" /><testcase classname="tests.backend_test.TestOvenProfiles" name="test_oven_validation" time="0.073" /><testcase classname="tests.backend_test.TestMaestroChat" name="test_chat_streams_sse" time="10.596" /><testcase classname="tests.test_iter3_features.TestVision" name="test_vision_ingredienti_png" time="11.608" /><testcase classname="tests.backend_test.TestMaestroChat" name="test_history_unknown_session_empty" time="0.075" /><testcase classname="tests.backend_test.TestMaestroChat" name="test_chat_validation" time="0.076" /><testcase classname="tests.test_iter3_features.TestAnnouncementValidation" name="test_create_empty_title_422" time="0.257" /><testcase classname="tests.test_iter3_features.TestAnnouncementValidation" name="test_create_trims_title_and_delete" time="0.635" /><testcase classname="tests.test_new_features.TestDuplicateAndScaleBackend" name="test_duplicate_creates_independent_copy" time="0.393" /><testcase classname="tests.test_new_features.TestDuplicateAndScaleBackend" name="test_scaled_recipe_keeps_hydration" time="0.273" /><testcase classname="tests.backend_test.TestHealth" name="test_root" time="0.191" /><testcase classname="tests.test_iter3_features.TestVision" name="test_vision_accepts_data_url_prefix" time="15.055" /><testcase classname="tests.test_iter3_features.TestVision" name="test_vision_missing_fields_422" time="0.087" /><testcase classname="tests.test_iter3_features.TestVision" name="test_vision_invalid_image_does_not_500" time="0.624" /></testsuite></testsuites>