<?xml version="1.0" encoding="utf-8"?><testsuites name="pytest tests"><testsuite name="pytest" errors="0" failures="0" skipped="0" tests="6" time="2.335" timestamp="2026-08-30T05:10:12.053173+00:00" hostname="agent-env-28ba6ef5-b8e2-4605-b45d-3fa5249d385f"><testcase classname="tests.test_iter125_favorites.TestFavoritesApi" name="test_counts_public" time="0.214" /><testcase classname="tests.test_iter125_favorites.TestFavoritesApi" name="test_favorites_requires_auth" time="0.193" /><testcase classname="tests.test_iter125_favorites.TestFavoritesApi" name="test_toggle_persist_and_counts" time="1.024" /><testcase classname="tests.test_iter125_favorites.TestFavoritesApi" name="test_sync_merges_and_returns_ids" time="0.249" /><testcase classname="tests.test_iter125_favorites.TestFavoritesApi" name="test_custodite_key_supported" time="0.180" /><testcase classname="tests.test_iter125_favorites.TestFavoritesApi" name="test_toggle_invalid_payload" time="0.119" /></testsuite></testsuites>