<?xml version="1.0" encoding="utf-8"?><testsuites name="pytest tests"><testsuite name="pytest" errors="0" failures="0" skipped="0" tests="6" time="1.948" timestamp="2026-09-01T13:52:42.642858+00:00" hostname="agent-env-28ba6ef5-b8e2-4605-b45d-3fa5249d385f"><testcase classname="tests.test_iter163_shift_state.TestWeeklyPlanToday" name="test_weekly_plan_requires_auth" time="0.261" /><testcase classname="tests.test_iter163_shift_state.TestShiftStatePut" name="test_put_anonymous_persists" time="0.374" /><testcase classname="tests.test_iter163_shift_state.TestWeeklyPlanToday" name="test_seed_today_item" time="1.187" /><testcase classname="tests.test_iter163_shift_state.TestShiftStatePut" name="test_shared_across_clients" time="0.746" /><testcase classname="tests.test_iter163_shift_state.TestShiftStatePut" name="test_put_invalid_type_rejected" time="0.172" /><testcase classname="tests.test_iter163_shift_state.TestShiftStateGet" name="test_get_anonymous_ok" time="0.162" /></testsuite></testsuites>