<?xml version="1.0" encoding="utf-8"?><testsuites name="pytest tests"><testsuite name="pytest" errors="0" failures="0" skipped="0" tests="30" time="31.815" timestamp="2026-09-16T12:09:36.928965+00:00" hostname="agent-env-28ba6ef5-b8e2-4605-b45d-3fa5249d385f"><testcase classname="tests.test_iter257_multitenant_isolation" name="test_admin_get_no_500[/mike/machines]" time="0.641" /><testcase classname="tests.test_iter257_multitenant_isolation" name="test_admin_get_no_500[/mike/sos]" time="0.086" /><testcase classname="tests.test_iter257_multitenant_isolation" name="test_admin_get_no_500[/mike/sos/history]" time="0.086" /><testcase classname="tests.test_iter257_multitenant_isolation" name="test_admin_get_no_500[/mike/b2b/orders]" time="0.096" /><testcase classname="tests.test_iter257_multitenant_isolation" name="test_admin_get_no_500[/depts/templates]" time="0.085" /><testcase classname="tests.test_iter257_multitenant_isolation" name="test_admin_get_no_500[/production/shift-plan]" time="0.082" /><testcase classname="tests.test_iter257_multitenant_isolation" name="test_admin_get_no_500[/floor/sitor/change-requests]" time="0.085" /><testcase classname="tests.test_iter257_multitenant_isolation" name="test_admin_get_no_500[/compliance/timelog]" time="0.089" /><testcase classname="tests.test_iter257_multitenant_isolation" name="test_admin_get_no_500[/enterprise/sites]" time="0.090" /><testcase classname="tests.test_iter257_multitenant_isolation" name="test_admin_get_no_500[/enterprise/overview]" time="0.088" /><testcase classname="tests.test_iter257_multitenant_isolation" name="test_admin_get_no_500[/enterprise/global-leaderboard]" time="0.083" /><testcase classname="tests.test_iter257_multitenant_isolation" name="test_admin_get_no_500[/enterprise/omni-intelligence]" time="0.086" /><testcase classname="tests.test_iter257_multitenant_isolation" name="test_floor_endpoints_gate_only[/mike/briefing/floor?role=fornaio]" time="0.203" /><testcase classname="tests.test_iter257_multitenant_isolation" name="test_floor_endpoints_gate_only[/mike/deus/production-queue]" time="0.066" /><testcase classname="tests.test_iter257_multitenant_isolation" name="test_floor_endpoints_gate_only[/delegation/tasks]" time="0.063" /><testcase classname="tests.test_iter257_multitenant_isolation" name="test_floor_endpoints_gate_only[/worker/board]" time="0.066" /><testcase classname="tests.test_iter257_multitenant_isolation" name="test_floor_endpoints_gate_only[/batches/active]" time="0.062" /><testcase classname="tests.test_iter257_multitenant_isolation" name="test_floor_endpoints_gate_only[/lab/pulse]" time="0.068" /><testcase classname="tests.test_iter257_multitenant_isolation" name="test_sos_full_flow" time="0.322" /><testcase classname="tests.test_iter257_multitenant_isolation" name="test_machines_flow" time="13.804" /><testcase classname="tests.test_iter257_multitenant_isolation" name="test_shift_templates_flow" time="0.255" /><testcase classname="tests.test_iter257_multitenant_isolation" name="test_shift_plan_flow" time="0.257" /><testcase classname="tests.test_iter257_multitenant_isolation" name="test_b2b_orders_flow" time="0.255" /><testcase classname="tests.test_iter257_multitenant_isolation" name="test_timeclock_flow" time="0.271" /><testcase classname="tests.test_iter257_multitenant_isolation" name="test_cross_tenant_isolation_default_marker" time="13.925" /><testcase classname="tests.test_iter257_multitenant_isolation" name="test_cross_tenant_new_org_lists_are_own_only" time="0.167" /><testcase classname="tests.test_iter257_multitenant_isolation" name="test_enterprise_grid_ok[/enterprise/sites]" time="0.086" /><testcase classname="tests.test_iter257_multitenant_isolation" name="test_enterprise_grid_ok[/enterprise/overview]" time="0.083" /><testcase classname="tests.test_iter257_multitenant_isolation" name="test_enterprise_grid_ok[/enterprise/global-leaderboard]" time="0.081" /><testcase classname="tests.test_iter257_multitenant_isolation" name="test_enterprise_grid_ok[/enterprise/omni-intelligence]" time="0.084" /></testsuite></testsuites>