<?xml version="1.0" encoding="utf-8"?><testsuites name="pytest tests"><testsuite name="pytest" errors="0" failures="0" skipped="0" tests="10" time="1.319" timestamp="2026-08-19T11:56:16.215258+00:00" hostname="agent-env-28ba6ef5-b8e2-4605-b45d-3fa5249d385f"><testcase classname="tests.test_iter15_nomenclatura.TestNomenclatura" name="test_mikilab_count_37" time="0.243" /><testcase classname="tests.test_iter15_nomenclatura.TestNomenclatura" name="test_no_old_triple_string" time="0.001" /><testcase classname="tests.test_iter15_nomenclatura.TestNomenclatura" name="test_no_mongo_id_leak" time="0.000" /><testcase classname="tests.test_iter15_nomenclatura.TestNomenclatura" name="test_sauerteig_only_in_rye_recipes" time="0.001" /><testcase classname="tests.test_iter15_nomenclatura.TestNomenclatura" name="test_oro_di_terra_notes" time="0.000" /><testcase classname="tests.test_iter15_nomenclatura.TestNomenclatura" name="test_procedure_refresh_wording" time="0.000" /><testcase classname="tests.test_iter15_nomenclatura.TestUserEditedProtection" name="test_edit_survives_force_seed" time="0.505" /><testcase classname="tests.test_iter15_nomenclatura.TestPersonalCRUD" name="test_full_crud" time="0.383" /><testcase classname="tests.test_iter15_nomenclatura.TestPersonalCRUD" name="test_update_missing_recipe_404" time="0.058" /><testcase classname="tests.test_iter15_nomenclatura.TestPersonalCRUD" name="test_delete_missing_recipe_404" time="0.058" /></testsuite></testsuites>