<?xml version="1.0" encoding="utf-8"?><testsuites name="pytest tests"><testsuite name="pytest" errors="0" failures="0" skipped="0" tests="15" time="67.803" timestamp="2026-08-27T13:49:44.281463+00:00" hostname="agent-env-28ba6ef5-b8e2-4605-b45d-3fa5249d385f"><testcase classname="tests.test_iter92_badge_sos.TestBadge" name="test_grant_badge_requires_auth" time="2.397" /><testcase classname="tests.test_iter92_badge_sos.TestSos" name="test_sos_requires_auth" time="2.388" /><testcase classname="tests.test_iter92_badge_sos.TestBadge" name="test_grant_badge_ok" time="0.708" /><testcase classname="tests.test_iter92_badge_sos.TestSos" name="test_sos_stream_diagnosis" time="13.594" /><testcase classname="tests.test_iter92_badge_sos.TestBadge" name="test_grant_badge_idempotent" time="0.230" /><testcase classname="tests.test_iter92_badge_sos.TestBadge" name="test_grant_badge_invalid" time="0.148" /><testcase classname="tests.test_iter92_badge_sos.TestBadge" name="test_grant_badge_empty" time="0.209" /><testcase classname="tests.test_iter92_badge_sos.TestBadge" name="test_profile_includes_badges" time="0.182" /><testcase classname="tests.test_iter92_badge_sos" name="test_quiz_levels[beginner]" time="10.019" /><testcase classname="tests.test_iter92_badge_sos" name="test_quiz_levels[intermediate]" time="5.635" /><testcase classname="tests.test_iter92_badge_sos.TestSos" name="test_sos_data_url_prefix_accepted" time="12.268" /><testcase classname="tests.test_iter92_badge_sos" name="test_quiz_levels[master]" time="16.602" /><testcase classname="tests.test_iter92_badge_sos.TestCoach" name="test_coach_it" time="17.063" /><testcase classname="tests.test_iter92_badge_sos.TestCoach" name="test_coach_de_no_italian_labels" time="9.423" /><testcase classname="tests.test_iter92_badge_sos.TestCoach" name="test_coach_en_no_italian_labels" time="12.638" /></testsuite></testsuites>