<?xml version="1.0" encoding="utf-8"?><testsuites name="pytest tests"><testsuite name="pytest" errors="0" failures="0" skipped="0" tests="23" time="3.632" timestamp="2026-08-20T15:12:55.962863+00:00" hostname="agent-env-28ba6ef5-b8e2-4605-b45d-3fa5249d385f"><testcase classname="tests.test_iter23_phase2.TestFreezer" name="test_freezer_requires_auth" time="0.306" /><testcase classname="tests.test_iter23_phase2.TestShop" name="test_shop_products_public" time="0.353" /><testcase classname="tests.test_iter23_phase2.TestShop" name="test_waitlist_signup" time="0.083" /><testcase classname="tests.test_iter23_phase2.TestShop" name="test_waitlist_invalid_email" time="0.231" /><testcase classname="tests.test_iter23_phase2.TestFreezer" name="test_freezer_save_low_and_persist" time="1.103" /><testcase classname="tests.test_iter23_phase2.TestShop" name="test_admin_shop_settings_toggle" time="0.953" /><testcase classname="tests.test_iter23_phase2.TestFreezer" name="test_freezer_no_low_no_email" time="0.130" /><testcase classname="tests.test_iter23_phase2.TestShop" name="test_admin_shop_waitlist_list" time="0.293" /><testcase classname="tests.test_iter23_phase2.TestFreezer" name="test_freezer_isolated_per_user" time="0.904" /><testcase classname="tests.test_iter23_phase2.TestShop" name="test_admin_shop_endpoints_forbidden_for_user" time="0.691" /><testcase classname="tests.test_iter23_phase2.TestFreezer" name="test_freezer_cleanup" time="0.174" /><testcase classname="tests.test_iter23_phase2.TestRealName" name="test_recipes_have_real_name_anon" time="0.090" /><testcase classname="tests.test_iter23_phase2.TestOwnerAdmin" name="test_admin_login_role" time="0.000" /><testcase classname="tests.test_iter23_phase2.TestOwnerAdmin" name="test_subscription_status_admin" time="0.149" /><testcase classname="tests.test_iter23_phase2.TestRealName" name="test_specific_real_names" time="0.086" /><testcase classname="tests.test_iter23_phase2.TestOwnerAdmin" name="test_auth_me_admin" time="0.100" /><testcase classname="tests.test_iter23_phase2.TestRealName" name="test_real_name_editable_by_admin" time="0.327" /><testcase classname="tests.test_iter23_phase2.TestOwnerAdmin" name="test_regular_user_not_admin" time="0.117" /><testcase classname="tests.test_iter23_phase2.TestPaywallRegression" name="test_demo_recipes_complete_for_anon" time="0.082" /><testcase classname="tests.test_iter23_phase2.TestPaywallRegression" name="test_pro_endpoint_blocked_for_anon" time="0.074" /><testcase classname="tests.test_iter23_phase2.TestRealName" name="test_real_name_survives_teaser_for_anon" time="0.087" /><testcase classname="tests.test_iter23_phase2.TestPaywallRegression" name="test_admin_sees_full_recipes" time="0.112" /><testcase classname="tests.test_iter23_phase2" name="test_cleanup_waitlist" time="0.002" /></testsuite></testsuites>