<?xml version="1.0" encoding="utf-8"?><testsuites name="pytest tests"><testsuite name="pytest" errors="0" failures="4" skipped="0" tests="26" time="10.169" timestamp="2026-08-23T04:28:42.680210+00:00" hostname="agent-env-28ba6ef5-b8e2-4605-b45d-3fa5249d385f"><testcase classname="tests.test_iter52_multitier.TestSubscriptionStatus" name="test_anon_status" time="0.576"><failure message="AssertionError: anon diagnosi_limit should be 0, got None&#10;assert None == 0">E   AssertionError: anon diagnosi_limit should be 0, got None
    assert None == 0</failure></testcase><testcase classname="tests.test_iter52_multitier.TestSubscriptionStatus" name="test_admin_status_pro" time="0.122" /><testcase classname="tests.test_iter52_multitier.TestGrantHomeTier" name="test_grant_home_then_status" time="0.794" /><testcase classname="tests.test_iter52_multitier.TestGrantHomeTier" name="test_grant_requires_admin" time="0.127" /><testcase classname="tests.test_iter52_multitier.TestGrantHomeTier" name="test_grant_lab_then_pro" time="0.382" /><testcase classname="tests.test_iter52_multitier.TestGrantHomeTier" name="test_revoke_clears_academy" time="0.373"><failure message="AssertionError: revoke must also clear Academy access, got {'pro': False, 'academy': True, 'plan_tier': 'home', 'source': 'vip', 'expires_at': '2026-09-22T04:28:44.870010+00:00', 'trial_used': False, 'is_admin': False, 'unlock_all': False, 'unlock_panettoni': False, 'unlocked_recipes': [], 'diagnosi_used': 2, 'diagnosi_limit': 10}&#10;assert True is False">E   AssertionError: revoke must also clear Academy access, got {'pro': False, 'academy': True, 'plan_tier': 'home', 'source': 'vip', 'expires_at': '2026-09-22T04:28:44.870010+00:00', 'trial_used': False, 'is_admin': False, 'unlock_all': False, 'unlock_panettoni': False, 'unlocked_recipes': [], 'diagnosi_used': 2, 'diagnosi_limit': 10}
    assert True is False</failure></testcase><testcase classname="tests.test_iter52_multitier.TestSubscriptionCheckout" name="test_checkout_url[home-monthly]" time="0.722" /><testcase classname="tests.test_iter52_multitier.TestSubscriptionCheckout" name="test_checkout_url[home-yearly]" time="0.901" /><testcase classname="tests.test_iter52_multitier.TestSubscriptionCheckout" name="test_checkout_url[lab-monthly]" time="0.657" /><testcase classname="tests.test_iter52_multitier.TestSubscriptionCheckout" name="test_checkout_url[lab-yearly]" time="0.530" /><testcase classname="tests.test_iter52_multitier.TestSubscriptionCheckout" name="test_checkout_requires_auth" time="0.133" /><testcase classname="tests.test_iter52_multitier.TestRecipeCheckout" name="test_single_requires_recipe_id" time="0.126" /><testcase classname="tests.test_iter52_multitier.TestRecipeCheckout" name="test_invalid_kind" time="0.125" /><testcase classname="tests.test_iter52_multitier.TestRecipeCheckout" name="test_single_unknown_recipe_404" time="0.156" /><testcase classname="tests.test_iter52_multitier.TestRecipeCheckout" name="test_single_checkout_url" time="0.577" /><testcase classname="tests.test_iter52_multitier.TestRecipeCheckout" name="test_bundle_checkout_url[panettoni]" time="0.486" /><testcase classname="tests.test_iter52_multitier.TestRecipeCheckout" name="test_bundle_checkout_url[all]" time="0.465" /><testcase classname="tests.test_iter52_multitier.TestRecipeLocking" name="test_anon_sees_locked_except_demo" time="0.000" /><testcase classname="tests.test_iter52_multitier.TestRecipeLocking" name="test_admin_sees_all_unlocked" time="0.165" /><testcase classname="tests.test_iter52_multitier.TestRecipeLocking" name="test_unlock_all_via_entitlement" time="0.433" /><testcase classname="tests.test_iter52_multitier.TestRecipeLocking" name="test_home_tier_recipes_still_locked" time="0.277" /><testcase classname="tests.test_iter52_multitier.TestDiagnosiGating" name="test_no_access_403" time="0.728"><failure message="AssertionError: non-subscriber must get 403, got 200&#10;assert 200 == 403&#10; +  where 200 = &lt;Response [200]&gt;.status_code">E   AssertionError: non-subscriber must get 403, got 200
    assert 200 == 403
     +  where 200 = &lt;Response [200]&gt;.status_code</failure></testcase><testcase classname="tests.test_iter52_multitier.TestDiagnosiGating" name="test_anon_401" time="0.232" /><testcase classname="tests.test_iter52_multitier.TestDiagnosiGating" name="test_home_tier_allowed_and_counts" time="0.575" /><testcase classname="tests.test_iter52_multitier.TestLegalCleanup" name="test_news_regions" time="0.110" /><testcase classname="tests.test_iter52_multitier.TestLegalCleanup" name="test_announcements_no_stuttgart" time="0.270"><failure message="assert 'stoccarda' not in &quot;[{'id': '64...142+00:00'}]&quot;&#10;  &#10;  'stoccarda' is contained here:&#10;    [{'id': '643dbbb2-8de0-4d9f-8dc1-6c605689028d', 'title': &quot;mulini di qualità nell'area di stoccarda&quot;, 'details': &quot;cerca farina biologica macinata a pietra nei mulini regionali (schwabenmühle e mercati bio locali). chiedi la 'type' per scegliere la forza giusta.&quot;, 'region': 'stoccarda', 'created_at': '2026-08-17t16:27:22.316991+00:00'}, {'id': 'eaeb4b36-a735-483c-a9c8-247ac0f39e63', 'title': 'scambio lievito madre — zona cannstatt &amp; mitte', 'details': 'incontri informali tra appassionati italiani e tedeschi: scambio di pasta madre, grani antichi e consigli ...&#10;  &#10;  ...Full output truncated (2 lines hidden), use '-vv' to show">E   assert 'stoccarda' not in "[{'id': '64...142+00:00'}]"
      
      'stoccarda' is contained here:
        [{'id': '643dbbb2-8de0-4d9f-8dc1-6c605689028d', 'title': "mulini di qualità nell'area di stoccarda", 'details': "cerca farina biologica macinata a pietra nei mulini regionali (schwabenmühle e mercati bio locali). chiedi la 'type' per scegliere la forza giusta.", 'region': 'stoccarda', 'created_at': '2026-08-17t16:27:22.316991+00:00'}, {'id': 'eaeb4b36-a735-483c-a9c8-247ac0f39e63', 'title': 'scambio lievito madre — zona cannstatt &amp; mitte', 'details': 'incontri informali tra appassionati italiani e tedeschi: scambio di pasta madre, grani antichi e consigli ...
      
      ...Full output truncated (2 lines hidden), use '-vv' to show</failure></testcase></testsuite></testsuites>