<?xml version="1.0" encoding="utf-8"?><testsuites name="pytest tests"><testsuite name="pytest" errors="0" failures="0" skipped="0" tests="10" time="2.039" timestamp="2026-09-05T09:59:11.757886+00:00" hostname="agent-env-28ba6ef5-b8e2-4605-b45d-3fa5249d385f"><testcase classname="tests.test_iter179_sesto_senso" name="test_pulse_clean_state" time="0.758" /><testcase classname="tests.test_iter179_sesto_senso" name="test_pulse_anomalies_multilang" time="0.104" /><testcase classname="tests.test_iter179_sesto_senso" name="test_checkin_creates_notification" time="0.226" /><testcase classname="tests.test_iter179_sesto_senso" name="test_rest_mode_requires_admin" time="0.048" /><testcase classname="tests.test_iter179_sesto_senso" name="test_rest_mode_admin_toggle" time="0.203" /><testcase classname="tests.test_iter179_sesto_senso" name="test_wake_basic" time="0.122" /><testcase classname="tests.test_iter179_sesto_senso" name="test_wake_wrap_around" time="0.052" /><testcase classname="tests.test_iter179_sesto_senso" name="test_wake_requires_admin" time="0.047" /><testcase classname="tests.test_iter179_sesto_senso" name="test_checkin_delete_requires_admin" time="0.052" /><testcase classname="tests.test_iter179_sesto_senso" name="test_public_gets" time="0.344" /></testsuite></testsuites>