<?xml version="1.0" encoding="utf-8"?><testsuites name="pytest tests"><testsuite name="pytest" errors="0" failures="0" skipped="0" tests="7" time="7.648" timestamp="2026-09-16T08:35:04.037801+00:00" hostname="agent-env-28ba6ef5-b8e2-4605-b45d-3fa5249d385f"><testcase classname="tests.test_iter254_multiorg_isolation" name="test_00_sessions_distinct" time="1.081" /><testcase classname="tests.test_iter254_multiorg_isolation" name="test_10_inventory_isolation" time="0.296" /><testcase classname="tests.test_iter254_multiorg_isolation" name="test_20_favorites_isolation" time="0.445" /><testcase classname="tests.test_iter254_multiorg_isolation" name="test_30_day_close_isolation" time="0.572" /><testcase classname="tests.test_iter254_multiorg_isolation" name="test_40_recipes_personal_isolation" time="4.380" /><testcase classname="tests.test_iter254_multiorg_isolation" name="test_50_weekly_plan_isolation" time="0.337" /><testcase classname="tests.test_iter254_multiorg_isolation" name="test_60_regression_mikilab_public" time="0.210" /></testsuite></testsuites>