<?xml version="1.0" encoding="utf-8"?><testsuites name="pytest tests"><testsuite name="pytest" errors="0" failures="0" skipped="0" tests="5" time="10.326" timestamp="2026-09-05T14:57:30.642881+00:00" hostname="agent-env-28ba6ef5-b8e2-4605-b45d-3fa5249d385f"><testcase classname="tests.test_iter187_master_govern" name="test_govern_requires_admin" time="0.004" /><testcase classname="tests.test_iter187_master_govern" name="test_assign_leader" time="1.901" /><testcase classname="tests.test_iter187_master_govern" name="test_remove_leader" time="1.841" /><testcase classname="tests.test_iter187_master_govern" name="test_create_and_delete_section" time="3.559" /><testcase classname="tests.test_iter187_master_govern" name="test_ambiguous_command" time="2.649" /></testsuite></testsuites>