<?xml version="1.0" encoding="utf-8"?><testsuites name="pytest tests"><testsuite name="pytest" errors="0" failures="0" skipped="0" tests="16" time="35.767" timestamp="2026-08-27T14:41:56.093503+00:00" hostname="agent-env-28ba6ef5-b8e2-4605-b45d-3fa5249d385f"><testcase classname="tests.test_iter94_sos_recipe_challenge_reactions.TestLeaderboard" name="test_requires_auth" time="0.332" /><testcase classname="tests.test_iter94_sos_recipe_challenge_reactions.TestLeaderboard" name="test_structure_and_sorting" time="0.863" /><testcase classname="tests.test_iter94_sos_recipe_challenge_reactions.TestLeaderboard" name="test_amico1_is_leader_with_points" time="0.091" /><testcase classname="tests.test_iter94_sos_recipe_challenge_reactions.TestReactions" name="test_requires_auth" time="1.711" /><testcase classname="tests.test_iter94_sos_recipe_challenge_reactions.TestReactions" name="test_invalid_emoji_400" time="0.098" /><testcase classname="tests.test_iter94_sos_recipe_challenge_reactions.TestLeaderboard" name="test_friend_sees_shared_board" time="0.589" /><testcase classname="tests.test_iter94_sos_recipe_challenge_reactions.TestReactions" name="test_unknown_message_404" time="0.099" /><testcase classname="tests.test_iter94_sos_recipe_challenge_reactions.TestSosRecipe" name="test_requires_auth" time="0.210" /><testcase classname="tests.test_iter94_sos_recipe_challenge_reactions.TestSosRecipe" name="test_empty_diagnosis_400" time="0.237" /><testcase classname="tests.test_iter94_sos_recipe_challenge_reactions.TestSosRecipe" name="test_suggests_valid_mikilab_recipe" time="6.478" /><testcase classname="tests.test_iter94_sos_recipe_challenge_reactions.TestReactions" name="test_foreign_message_404" time="1.190" /><testcase classname="tests.test_iter94_sos_recipe_challenge_reactions.TestReactions" name="test_add_change_toggle" time="0.701" /><testcase classname="tests.test_iter94_sos_recipe_challenge_reactions.TestReactions" name="test_both_participants_can_react" time="0.422" /><testcase classname="tests.test_iter94_sos_recipe_challenge_reactions.TestRegression" name="test_send_text_and_image" time="0.376" /><testcase classname="tests.test_iter94_sos_recipe_challenge_reactions.TestRegression" name="test_conversations_and_unread" time="0.278" /><testcase classname="tests.test_iter94_sos_recipe_challenge_reactions.TestRegression" name="test_quiz_endpoint" time="25.839" /></testsuite></testsuites>