<?xml version="1.0" encoding="utf-8"?><testsuites name="pytest tests"><testsuite name="pytest" errors="0" failures="0" skipped="0" tests="25" time="5.054" timestamp="2026-09-05T11:05:35.961581+00:00" hostname="agent-env-28ba6ef5-b8e2-4605-b45d-3fa5249d385f"><testcase classname="tests.test_iter182_enterprise_pocket.TestUniversalCommandBugfix" name="test_bilancia_returns_device_added" time="0.686" /><testcase classname="tests.test_iter182_enterprise_pocket.TestUniversalCommandBugfix" name="test_rubrica_returns_ui_personalization_and_listed" time="0.256" /><testcase classname="tests.test_iter182_enterprise_pocket.TestEnterpriseOverviewAndSites" name="test_overview_shape_and_seeded" time="0.135" /><testcase classname="tests.test_iter182_enterprise_pocket.TestEnterpriseOverviewAndSites" name="test_sites_list_with_aura_and_avg" time="0.144" /><testcase classname="tests.test_iter182_enterprise_pocket.TestEnterpriseCRUD" name="test_add_site_anon_forbidden" time="0.092" /><testcase classname="tests.test_iter182_enterprise_pocket.TestEnterpriseCRUD" name="test_create_site_shift_and_delete" time="0.493" /><testcase classname="tests.test_iter182_enterprise_pocket.TestEnterpriseInsights" name="test_global_leaderboard" time="0.131" /><testcase classname="tests.test_iter182_enterprise_pocket.TestEnterpriseInsights" name="test_global_morning_briefing" time="0.102" /><testcase classname="tests.test_iter182_enterprise_pocket.TestEnterpriseInsights" name="test_strategic_fleet_advice_flags_low_scores" time="0.091" /><testcase classname="tests.test_iter182_enterprise_pocket.TestSpatialLayout" name="test_get_layout" time="0.098" /><testcase classname="tests.test_iter182_enterprise_pocket.TestSpatialLayout" name="test_optimize_layout_anon_forbidden" time="0.109" /><testcase classname="tests.test_iter182_enterprise_pocket.TestSpatialLayout" name="test_optimize_layout_move" time="0.195" /><testcase classname="tests.test_iter182_enterprise_pocket.TestSpatialLayout" name="test_optimize_layout_unknown_equipment_404" time="0.776" /><testcase classname="tests.test_iter182_enterprise_pocket.TestPocket" name="test_master_command_vision" time="0.099" /><testcase classname="tests.test_iter182_enterprise_pocket.TestPocket" name="test_master_command_hr" time="0.100" /><testcase classname="tests.test_iter182_enterprise_pocket.TestPocket" name="test_master_command_recipe" time="0.100" /><testcase classname="tests.test_iter182_enterprise_pocket.TestPocket" name="test_master_command_briefing" time="0.097" /><testcase classname="tests.test_iter182_enterprise_pocket.TestPocket" name="test_pocket_dashboard" time="0.098" /><testcase classname="tests.test_iter182_enterprise_pocket.TestPocket" name="test_pocket_scan_floor" time="0.099" /><testcase classname="tests.test_iter182_enterprise_pocket.TestPocket" name="test_pocket_recipes_create" time="0.136" /><testcase classname="tests.test_iter182_enterprise_pocket.TestPocket" name="test_pocket_weekly_plan" time="0.102" /><testcase classname="tests.test_iter182_enterprise_pocket.TestPocket" name="test_websocket_enterprise_scale_streaming" time="0.322" /><testcase classname="tests.test_iter182_enterprise_pocket.TestRegression" name="test_lab_pulse_mood_sereno" time="0.094" /><testcase classname="tests.test_iter182_enterprise_pocket.TestRegression" name="test_morning_briefing" time="0.150" /><testcase classname="tests.test_iter182_enterprise_pocket.TestRegression" name="test_shift_power_board" time="0.209" /></testsuite></testsuites>