<?xml version="1.0" encoding="utf-8"?><testsuites name="pytest tests"><testsuite name="pytest" errors="0" failures="0" skipped="0" tests="16" time="3.696" timestamp="2026-09-05T15:22:40.399856+00:00" hostname="agent-env-28ba6ef5-b8e2-4605-b45d-3fa5249d385f"><testcase classname="tests.test_iter189_security_compliance" name="test_guardian_flag" time="0.270" /><testcase classname="tests.test_iter189_security_compliance" name="test_guardian_block" time="0.080" /><testcase classname="tests.test_iter189_security_compliance" name="test_guardian_allow" time="0.068" /><testcase classname="tests.test_iter189_security_compliance" name="test_ownership_it" time="0.073" /><testcase classname="tests.test_iter189_security_compliance" name="test_security_status_requires_admin" time="0.105" /><testcase classname="tests.test_iter189_security_compliance" name="test_security_status_admin" time="0.399" /><testcase classname="tests.test_iter189_security_compliance" name="test_timeclock_flow" time="0.269" /><testcase classname="tests.test_iter189_security_compliance" name="test_timelog_requires_admin" time="0.055" /><testcase classname="tests.test_iter189_security_compliance" name="test_timelog_admin" time="0.106" /><testcase classname="tests.test_iter189_security_compliance" name="test_safety_admin" time="0.113" /><testcase classname="tests.test_iter189_security_compliance" name="test_safety_ack" time="0.179" /><testcase classname="tests.test_iter189_security_compliance" name="test_privacy_it" time="0.098" /><testcase classname="tests.test_iter189_security_compliance" name="test_privacy_en" time="0.058" /><testcase classname="tests.test_iter189_security_compliance" name="test_govern_ownership" time="0.071" /><testcase classname="tests.test_iter189_security_compliance" name="test_govern_compliance" time="0.059" /><testcase classname="tests.test_iter189_security_compliance" name="test_govern_assign_regression" time="1.603" /></testsuite></testsuites>