<?xml version="1.0" encoding="utf-8"?><testsuites name="pytest tests"><testsuite name="pytest" errors="0" failures="0" skipped="0" tests="16" time="3.902" timestamp="2026-08-28T15:56:33.726892+00:00" hostname="agent-env-28ba6ef5-b8e2-4605-b45d-3fa5249d385f"><testcase classname="tests.test_iter108_free_all.TestPublicContentLangs" name="test_challenges_catalog[fr]" time="2.389" /><testcase classname="tests.test_iter108_free_all.TestWeeklyTheme" name="test_weekly_theme_lang[it]" time="2.388" /><testcase classname="tests.test_iter108_free_all.TestWeeklyTheme" name="test_weekly_theme_lang[de]" time="0.071" /><testcase classname="tests.test_iter108_free_all.TestPublicContentLangs" name="test_challenges_catalog[fa]" time="0.083" /><testcase classname="tests.test_iter108_free_all.TestWeeklyTheme" name="test_weekly_theme_lang[en]" time="0.069" /><testcase classname="tests.test_iter108_free_all.TestPublicContentLangs" name="test_bakealong[fr]" time="0.121" /><testcase classname="tests.test_iter108_free_all.TestWeeklyTheme" name="test_weekly_theme_lang[es]" time="0.068" /><testcase classname="tests.test_iter108_free_all.TestPublicContentLangs" name="test_bakealong[fa]" time="0.078" /><testcase classname="tests.test_iter108_free_all.TestWeeklyTheme" name="test_weekly_theme_lang[fr]" time="0.071" /><testcase classname="tests.test_iter108_free_all.TestWeeklyTheme" name="test_weekly_theme_lang[fa]" time="0.070" /><testcase classname="tests.test_iter108_free_all.TestRecipesFree" name="test_mikilab_recipes_none_locked" time="0.222" /><testcase classname="tests.test_iter108_free_all.TestWeeklyTheme" name="test_fr_fa_differ_from_it" time="0.307" /><testcase classname="tests.test_iter108_free_all.TestRecipesFree" name="test_recipes_have_full_method" time="0.179" /><testcase classname="tests.test_iter108_free_all.TestSubscription" name="test_status_guest_is_pro" time="0.100" /><testcase classname="tests.test_iter108_free_all.TestRecipesFree" name="test_segale_recipe_full" time="0.113" /><testcase classname="tests.test_iter108_free_all.TestSubscription" name="test_status_admin_is_pro" time="0.365" /></testsuite></testsuites>