<?xml version="1.0" encoding="utf-8"?><testsuites name="pytest tests"><testsuite name="pytest" errors="0" failures="0" skipped="0" tests="6" time="1.818" timestamp="2026-08-22T10:21:30.002422+00:00" hostname="agent-env-28ba6ef5-b8e2-4605-b45d-3fa5249d385f"><testcase classname="tests.test_iter40_public_batch.TestBatchPublish" name="test_auth_required" time="0.210" /><testcase classname="tests.test_iter40_public_batch.TestBatchDelete" name="test_delete_then_public_404" time="0.910" /><testcase classname="tests.test_iter40_public_batch.TestBatchPublish" name="test_create_and_public_read" time="0.668" /><testcase classname="tests.test_iter40_public_batch.TestBatchPublish" name="test_list_contains_created" time="0.087" /><testcase classname="tests.test_iter40_public_batch.TestBatchPublish" name="test_validation_missing_product" time="0.043" /><testcase classname="tests.test_iter40_public_batch.TestBatchPublish" name="test_public_get_unknown_404" time="0.501" /></testsuite></testsuites>