<?xml version="1.0" encoding="utf-8"?><testsuites name="pytest tests"><testsuite name="pytest" errors="0" failures="0" skipped="0" tests="7" time="20.577" timestamp="2026-09-10T13:48:03.147231+00:00" hostname="agent-env-28ba6ef5-b8e2-4605-b45d-3fa5249d385f"><testcase classname="tests.test_iter225_sala_sitor" name="test_gate_wrong_pin_rejected" time="0.671" /><testcase classname="tests.test_iter225_sala_sitor" name="test_deus_bond" time="0.635" /><testcase classname="tests.test_iter225_sala_sitor" name="test_deus_production_queue_initial" time="0.093" /><testcase classname="tests.test_iter225_sala_sitor" name="test_deus_ask" time="0.102" /><testcase classname="tests.test_iter225_sala_sitor" name="test_deus_capture_and_queue_flow" time="18.429" /><testcase classname="tests.test_iter225_sala_sitor" name="test_recipes_list" time="0.220" /><testcase classname="tests.test_iter225_sala_sitor" name="test_deck_status" time="0.098" /></testsuite></testsuites>