<?xml version="1.0" encoding="utf-8"?><testsuites name="pytest tests"><testsuite name="pytest" errors="0" failures="0" skipped="0" tests="15" time="10.460" timestamp="2026-08-22T16:16:11.863567+00:00" hostname="agent-env-28ba6ef5-b8e2-4605-b45d-3fa5249d385f"><testcase classname="tests.test_iter45_lab_smart.TestDoughSessions" name="test_create_and_persist" time="0.653" /><testcase classname="tests.test_iter45_lab_smart.TestAnonGating" name="test_requires_auth[get-/dough-sessions-None]" time="0.782" /><testcase classname="tests.test_iter45_lab_smart.TestDoughSessions" name="test_day_after_too_warm" time="0.065" /><testcase classname="tests.test_iter45_lab_smart.TestDoughSessions" name="test_day_after_too_cold" time="0.143" /><testcase classname="tests.test_iter45_lab_smart.TestAnonGating" name="test_requires_auth[post-/dough-sessions-body1]" time="0.059" /><testcase classname="tests.test_iter45_lab_smart.TestAnonGating" name="test_requires_auth[post-/dough-sessions/day-after-body2]" time="0.070" /><testcase classname="tests.test_iter45_lab_smart.TestDoughSessions" name="test_day_after_on_target_and_no_history" time="0.154" /><testcase classname="tests.test_iter45_lab_smart.TestAnonGating" name="test_requires_auth[post-/dough-sessions/ai-advice-body3]" time="0.101" /><testcase classname="tests.test_iter45_lab_smart.TestAnonGating" name="test_requires_auth[get-/haccp-logs-None]" time="0.051" /><testcase classname="tests.test_iter45_lab_smart.TestDoughSessions" name="test_ai_advice" time="8.578" /><testcase classname="tests.test_iter45_lab_smart.TestAnonGating" name="test_requires_auth[post-/haccp-logs-body5]" time="0.100" /><testcase classname="tests.test_iter45_lab_smart.TestHaccp" name="test_create_list_delete" time="0.470" /><testcase classname="tests.test_iter45_lab_smart.TestHaccp" name="test_validation" time="0.658" /><testcase classname="tests.test_iter45_lab_smart.TestDoughSessions" name="test_validation_missing_dough_temp" time="0.052" /><testcase classname="tests.test_iter45_lab_smart.TestDoughSessions" name="test_delete_and_404" time="0.461" /></testsuite></testsuites>