<?xml version="1.0" encoding="utf-8"?><testsuites name="pytest tests"><testsuite name="pytest" errors="0" failures="1" skipped="0" tests="64" time="130.546" timestamp="2026-08-17T18:12:11.535480+00:00" hostname="agent-env-28ba6ef5-b8e2-4605-b45d-3fa5249d385f"><testcase classname="tests.test_iter3_features.TestWeeklyPlan" name="test_get_returns_null_or_plan" time="0.372" /><testcase classname="tests.backend_test.TestRecipes" name="test_mikilab_seeded" time="0.293" /><testcase classname="tests.backend_test.TestRecipes" name="test_mikilab_seed_idempotent" time="0.189" /><testcase classname="tests.test_iter3_features.TestWeeklyPlan" name="test_put_upsert_and_persist" time="0.300" /><testcase classname="tests.backend_test.TestRecipes" name="test_personal_collection_has_no_examples" time="0.096" /><testcase classname="tests.backend_test.TestRecipes" name="test_recipe_full_crud" time="0.733" /><testcase classname="tests.test_iter3_features.TestWeeklyPlan" name="test_put_overwrites_single_doc" time="0.211" /><testcase classname="tests.test_iter3_features.TestWeeklyPlan" name="test_put_empty_items_allowed" time="0.201" /><testcase classname="tests.test_iter3_features.TestWeeklyPlan" name="test_put_invalid_item_rejected" time="0.083" /><testcase classname="tests.test_iter3_features.TestWeeklyPlan" name="test_item_id_autogenerated_when_missing" time="0.355" /><testcase classname="tests.backend_test.TestRecipes" name="test_update_missing_recipe_404" time="0.075" /><testcase classname="tests.backend_test.TestRecipes" name="test_delete_missing_recipe_404" time="0.101" /><testcase classname="tests.backend_test.TestRecipes" name="test_create_recipe_validation" time="0.085" /><testcase classname="tests.test_iter4_lang.TestChatLang" name="test_chat_lang_de_returns_german" time="4.753" /><testcase classname="tests.test_iter3_features.TestVision" name="test_vision_difetti_jpeg" time="18.204" /><testcase classname="tests.test_iter4_lang.TestChatLang" name="test_chat_lang_it_returns_italian" time="3.457" /><testcase classname="tests.test_iter4_lang.TestChatLang" name="test_chat_lang_default_is_italian" time="3.848" /><testcase classname="tests.test_iter4_lang.TestChatLang" name="test_chat_invalid_lang_falls_back_no_error" time="3.521" /><testcase classname="tests.test_iter4_lang.TestChatLang" name="test_chat_history_persisted" time="4.652" /><testcase classname="tests.test_iter3_features.TestVision" name="test_vision_ingredienti_png" time="10.870" /><testcase classname="tests.test_iter4_lang.TestChatLang" name="test_chat_markdown_present_in_reply" time="4.834" /><testcase classname="tests.test_new_features.TestProductionPlan" name="test_get_returns_json_null_or_plan" time="0.185" /><testcase classname="tests.test_new_features.TestProductionPlan" name="test_put_upsert_and_persist" time="0.165" /><testcase classname="tests.test_new_features.TestProductionPlan" name="test_put_overwrites_single_doc" time="0.164" /><testcase classname="tests.test_new_features.TestProductionPlan" name="test_put_validation_422" time="0.165" /><testcase classname="tests.test_new_features.TestProductionPlan" name="test_phase_hours_defaults_to_zero" time="0.093" /><testcase classname="tests.test_new_features.TestAnnouncements" name="test_get_seeds_defaults" time="0.086" /><testcase classname="tests.test_new_features.TestAnnouncements" name="test_get_seed_idempotent" time="0.154" /><testcase classname="tests.test_new_features.TestAnnouncements" name="test_crud_flow" time="0.495" /><testcase classname="tests.test_new_features.TestAnnouncements" name="test_create_without_details" time="0.177" /><testcase classname="tests.test_new_features.TestAnnouncements" name="test_validation_and_404s" time="0.346" /><testcase classname="tests.backend_test.TestOvenProfiles" name="test_list_no_examples" time="0.151" /><testcase classname="tests.backend_test.TestOvenProfiles" name="test_oven_profile_crud" time="0.462" /><testcase classname="tests.backend_test.TestOvenProfiles" name="test_oven_404s" time="0.168" /><testcase classname="tests.backend_test.TestOvenProfiles" name="test_oven_validation" time="0.077" /><testcase classname="tests.test_iter4_lang.TestVisionLang" name="test_vision_difetti_de" time="21.459" /><testcase classname="tests.test_iter3_features.TestVision" name="test_vision_accepts_data_url_prefix" time="18.015" /><testcase classname="tests.test_iter3_features.TestVision" name="test_vision_missing_fields_422" time="0.173" /><testcase classname="tests.test_iter3_features.TestVision" name="test_vision_invalid_image_does_not_500" time="0.521" /><testcase classname="tests.test_iter5_sse_vision.TestVisionLanguage" name="test_vision_difetti_de_is_german" time="14.303" /><testcase classname="tests.test_iter4_lang.TestVisionLang" name="test_vision_difetti_it" time="16.479" /><testcase classname="tests.test_iter5_sse_vision.TestVisionLanguage" name="test_vision_difetti_it_is_italian" time="19.881" /><testcase classname="tests.test_iter4_lang.TestVisionLang" name="test_vision_ingredienti_de" time="10.663" /><testcase classname="tests.test_iter4_lang.TestVisionLang" name="test_vision_accepts_data_url_prefix" time="19.888" /><testcase classname="tests.test_iter5_sse_vision.TestVisionLanguage" name="test_vision_ingredienti_de_is_german" time="11.855" /><testcase classname="tests.test_iter5_sse_vision.TestVisionLanguage" name="test_vision_ingredienti_it_is_italian" time="9.671" /><testcase classname="tests.backend_test.TestMaestroChat" name="test_chat_streams_sse" time="10.193" /><testcase classname="tests.test_iter5_sse_vision.TestSSEJsonContract" name="test_chat_frames_are_json" time="1.881" /><testcase classname="tests.test_iter5_sse_vision.TestSSEJsonContract" name="test_chat_markdown_blank_lines_survive" time="9.793" /><testcase classname="tests.backend_test.TestMaestroChat" name="test_history_unknown_session_empty" time="0.096" /><testcase classname="tests.backend_test.TestMaestroChat" name="test_chat_validation" time="0.076" /><testcase classname="tests.test_iter3_features.TestAnnouncementValidation" name="test_create_empty_title_422" time="0.123" /><testcase classname="tests.test_iter3_features.TestAnnouncementValidation" name="test_create_trims_title_and_delete" time="0.519" /><testcase classname="tests.test_iter4_lang.TestWeeklyPlanForPrint" name="test_save_and_get_weekly_plan" time="0.374" /><testcase classname="tests.test_iter4_lang.TestWeeklyPlanForPrint" name="test_cleanup_weekly_plan" time="0.226" /><testcase classname="tests.test_new_features.TestDuplicateAndScaleBackend" name="test_duplicate_creates_independent_copy" time="0.518" /><testcase classname="tests.test_new_features.TestDuplicateAndScaleBackend" name="test_scaled_recipe_keeps_hydration" time="0.351" /><testcase classname="tests.backend_test.TestHealth" name="test_root" time="0.169" /><testcase classname="tests.test_iter5_sse_vision.TestBaselineData" name="test_mikilab_recipes_have_rest_hours" time="0.169" /><testcase classname="tests.test_iter7_oven_type.TestWeeklyPieces" name="test_weekly_plan_roundtrip_with_pieces" time="0.557"><failure message="AssertionError: {&quot;detail&quot;:[{&quot;type&quot;:&quot;missing&quot;,&quot;loc&quot;:[&quot;body&quot;,&quot;items&quot;,0,&quot;recipe_name&quot;],&quot;msg&quot;:&quot;Field required&quot;,&quot;input&quot;:{&quot;id&quot;:&quot;t1&quot;,&quot;day&quot;:&quot;mar&quot;,&quot;recipe_id&quot;:&quot;946f1397-879d-4c1d-9b0a-9db495ea3f2f&quot;,&quot;pieces&quot;:5000,&quot;note&quot;:&quot;&quot;},&quot;url&quot;:&quot;https://errors.pydantic.dev/2.13/v/missing&quot;},{&quot;type&quot;:&quot;missing&quot;,&quot;loc&quot;:[&quot;body&quot;,&quot;items&quot;,1,&quot;recipe_name&quot;],&quot;msg&quot;:&quot;Field required&quot;,&quot;input&quot;:{&quot;id&quot;:&quot;t2&quot;,&quot;day&quot;:&quot;mar&quot;,&quot;recipe_id&quot;:&quot;946f1397-879d-4c1d-9b0a-9db495ea3f2f&quot;,&quot;pieces&quot;:19,&quot;note&quot;:&quot;&quot;},&quot;url&quot;:&quot;https://errors.pydantic.dev/2.13/v/missing&quot;}]}&#10;assert 422 == 200&#10; +  where 422 = &lt;Response [422]&gt;.status_code">tests/test_iter7_oven_type.py:87: in test_weekly_plan_roundtrip_with_pieces
    assert p.status_code == 200, p.text
E   AssertionError: {"detail":[{"type":"missing","loc":["body","items",0,"recipe_name"],"msg":"Field required","input":{"id":"t1","day":"mar","recipe_id":"946f1397-879d-4c1d-9b0a-9db495ea3f2f","pieces":5000,"note":""},"url":"https://errors.pydantic.dev/2.13/v/missing"},{"type":"missing","loc":["body","items",1,"recipe_name"],"msg":"Field required","input":{"id":"t2","day":"mar","recipe_id":"946f1397-879d-4c1d-9b0a-9db495ea3f2f","pieces":19,"note":""},"url":"https://errors.pydantic.dev/2.13/v/missing"}]}
E   assert 422 == 200
E    +  where 422 = &lt;Response [422]&gt;.status_code</failure></testcase><testcase classname="tests.test_iter5_sse_vision.TestSSEJsonContract" name="test_vision_frames_are_json" time="12.163" /><testcase classname="tests.test_iter7_oven_type.TestOvenType" name="test_create_ventilato" time="0.295" /><testcase classname="tests.test_iter7_oven_type.TestOvenType" name="test_default_statico_when_omitted" time="0.173" /><testcase classname="tests.test_iter7_oven_type.TestOvenType" name="test_update_oven_type" time="0.546" /></testsuite></testsuites>