<?xml version="1.0" encoding="utf-8"?><testsuites name="pytest tests"><testsuite name="pytest" errors="0" failures="0" skipped="1" tests="71" time="120.146" timestamp="2026-08-18T03:15:18.105963+00:00" hostname="agent-env-28ba6ef5-b8e2-4605-b45d-3fa5249d385f"><testcase classname="tests.test_iter9_costing.TestRecipeCosting" name="test_create_with_costing_persists" time="0.279" /><testcase classname="tests.backend_test.TestRecipes" name="test_mikilab_seeded" time="0.194" /><testcase classname="tests.backend_test.TestRecipes" name="test_mikilab_seed_idempotent" time="0.123" /><testcase classname="tests.test_iter9_costing.TestRecipeCosting" name="test_list_has_no_mongo_id" time="0.104" /><testcase classname="tests.backend_test.TestRecipes" name="test_personal_collection_has_no_examples" time="0.067" /><testcase classname="tests.test_iter9_costing.TestRecipeCosting" name="test_update_costing_full_payload" time="0.141" /><testcase classname="tests.backend_test.TestRecipes" name="test_recipe_full_crud" time="0.533" /><testcase classname="tests.test_iter9_costing.TestRecipeCosting" name="test_update_costing_partial_payload" time="0.000"><skipped type="pytest.skip" message="KNOWN BUG (reported iteration_9): PUT /api/recipes/{id} is not a partial update - omitted fields are written as null; name=None then breaks the Recipe response_model, returning 500 for the PUT AND for the whole GET /api/recipes list (collection unusable). Test is skipped because running it corrupts shared data for other tests.">/app/backend/tests/test_iter9_costing.py:86: KNOWN BUG (reported iteration_9): PUT /api/recipes/{id} is not a partial update - omitted fields are written as null; name=None then breaks the Recipe response_model, returning 500 for the PUT AND for the whole GET /api/recipes list (collection unusable). Test is skipped because running it corrupts shared data for other tests.</skipped></testcase><testcase classname="tests.test_iter9_costing.TestRecipeCosting" name="test_create_without_costing_is_null" time="0.144" /><testcase classname="tests.test_iter9_costing.TestRecipeCosting" name="test_costing_math_matches_client_formula" time="0.000" /><testcase classname="tests.test_iter9_costing.TestRecipeCosting" name="test_delete_recipe_removes_it" time="0.469" /><testcase classname="tests.backend_test.TestRecipes" name="test_update_missing_recipe_404" time="0.059" /><testcase classname="tests.backend_test.TestRecipes" name="test_delete_missing_recipe_404" time="0.067" /><testcase classname="tests.backend_test.TestRecipes" name="test_create_recipe_validation" time="0.097" /><testcase classname="tests.test_iter3_features.TestWeeklyPlan" name="test_get_returns_null_or_plan" time="0.123" /><testcase classname="tests.test_iter4_lang.TestChatLang" name="test_chat_lang_de_returns_german" time="6.541" /><testcase classname="tests.test_iter3_features.TestWeeklyPlan" name="test_put_upsert_and_persist" time="0.364" /><testcase classname="tests.test_iter3_features.TestWeeklyPlan" name="test_put_overwrites_single_doc" time="0.539" /><testcase classname="tests.test_iter3_features.TestWeeklyPlan" name="test_put_empty_items_allowed" time="0.239" /><testcase classname="tests.test_iter3_features.TestWeeklyPlan" name="test_put_invalid_item_rejected" time="0.070" /><testcase classname="tests.test_iter3_features.TestWeeklyPlan" name="test_item_id_autogenerated_when_missing" time="0.064" /><testcase classname="tests.test_iter3_features.TestVision" name="test_vision_difetti_jpeg" time="16.111" /><testcase classname="tests.test_iter4_lang.TestChatLang" name="test_chat_lang_it_returns_italian" time="3.551" /><testcase classname="tests.test_iter4_lang.TestChatLang" name="test_chat_lang_default_is_italian" time="3.472" /><testcase classname="tests.test_iter4_lang.TestChatLang" name="test_chat_invalid_lang_falls_back_no_error" time="3.634" /><testcase classname="tests.test_iter4_lang.TestChatLang" name="test_chat_history_persisted" time="4.083" /><testcase classname="tests.test_iter3_features.TestVision" name="test_vision_ingredienti_png" time="10.456" /><testcase classname="tests.test_iter4_lang.TestChatLang" name="test_chat_markdown_present_in_reply" time="8.067" /><testcase classname="tests.test_iter3_features.TestVision" name="test_vision_accepts_data_url_prefix" time="12.743" /><testcase classname="tests.test_new_features.TestProductionPlan" name="test_get_returns_json_null_or_plan" time="0.184" /><testcase classname="tests.test_new_features.TestProductionPlan" name="test_put_upsert_and_persist" time="0.142" /><testcase classname="tests.test_new_features.TestProductionPlan" name="test_put_overwrites_single_doc" time="0.139" /><testcase classname="tests.test_new_features.TestProductionPlan" name="test_put_validation_422" time="0.136" /><testcase classname="tests.test_new_features.TestProductionPlan" name="test_phase_hours_defaults_to_zero" time="0.069" /><testcase classname="tests.test_new_features.TestAnnouncements" name="test_get_seeds_defaults" time="0.081" /><testcase classname="tests.test_new_features.TestAnnouncements" name="test_get_seed_idempotent" time="0.160" /><testcase classname="tests.test_new_features.TestAnnouncements" name="test_crud_flow" time="0.417" /><testcase classname="tests.test_new_features.TestAnnouncements" name="test_create_without_details" time="0.184" /><testcase classname="tests.test_new_features.TestAnnouncements" name="test_validation_and_404s" time="0.341" /><testcase classname="tests.backend_test.TestOvenProfiles" name="test_list_no_examples" time="0.123" /><testcase classname="tests.backend_test.TestOvenProfiles" name="test_oven_profile_crud" time="0.421" /><testcase classname="tests.backend_test.TestOvenProfiles" name="test_oven_404s" time="0.202" /><testcase classname="tests.backend_test.TestOvenProfiles" name="test_oven_validation" time="0.065" /><testcase classname="tests.test_iter4_lang.TestVisionLang" name="test_vision_difetti_de" time="17.083" /><testcase classname="tests.test_iter3_features.TestVision" name="test_vision_missing_fields_422" time="0.071" /><testcase classname="tests.test_iter3_features.TestVision" name="test_vision_invalid_image_does_not_500" time="0.489" /><testcase classname="tests.test_iter5_sse_vision.TestVisionLanguage" name="test_vision_difetti_de_is_german" time="16.717" /><testcase classname="tests.test_iter4_lang.TestVisionLang" name="test_vision_difetti_it" time="17.789" /><testcase classname="tests.test_iter5_sse_vision.TestVisionLanguage" name="test_vision_difetti_it_is_italian" time="11.895" /><testcase classname="tests.test_iter4_lang.TestVisionLang" name="test_vision_ingredienti_de" time="10.231" /><testcase classname="tests.test_iter5_sse_vision.TestVisionLanguage" name="test_vision_ingredienti_de_is_german" time="11.043" /><testcase classname="tests.test_iter4_lang.TestVisionLang" name="test_vision_accepts_data_url_prefix" time="16.293" /><testcase classname="tests.test_iter5_sse_vision.TestVisionLanguage" name="test_vision_ingredienti_it_is_italian" time="9.217" /><testcase classname="tests.test_iter5_sse_vision.TestSSEJsonContract" name="test_chat_frames_are_json" time="1.323" /><testcase classname="tests.test_iter5_sse_vision.TestSSEJsonContract" name="test_chat_markdown_blank_lines_survive" time="11.127" /><testcase classname="tests.backend_test.TestMaestroChat" name="test_chat_streams_sse" time="10.557" /><testcase classname="tests.test_iter5_sse_vision.TestSSEJsonContract" name="test_vision_frames_are_json" time="15.006" /><testcase classname="tests.backend_test.TestMaestroChat" name="test_history_unknown_session_empty" time="0.058" /><testcase classname="tests.backend_test.TestMaestroChat" name="test_chat_validation" time="0.061" /><testcase classname="tests.test_iter3_features.TestAnnouncementValidation" name="test_create_empty_title_422" time="0.142" /><testcase classname="tests.test_iter3_features.TestAnnouncementValidation" name="test_create_trims_title_and_delete" time="0.413" /><testcase classname="tests.test_iter4_lang.TestWeeklyPlanForPrint" name="test_save_and_get_weekly_plan" time="0.233" /><testcase classname="tests.test_iter4_lang.TestWeeklyPlanForPrint" name="test_cleanup_weekly_plan" time="0.119" /><testcase classname="tests.test_new_features.TestDuplicateAndScaleBackend" name="test_duplicate_creates_independent_copy" time="0.399" /><testcase classname="tests.test_new_features.TestDuplicateAndScaleBackend" name="test_scaled_recipe_keeps_hydration" time="0.273" /><testcase classname="tests.backend_test.TestHealth" name="test_root" time="0.120" /><testcase classname="tests.test_iter5_sse_vision.TestBaselineData" name="test_mikilab_recipes_have_rest_hours" time="0.119" /><testcase classname="tests.test_iter7_oven_type.TestWeeklyPieces" name="test_weekly_plan_roundtrip_with_pieces" time="0.405" /><testcase classname="tests.test_iter7_oven_type.TestOvenType" name="test_create_ventilato" time="0.229" /><testcase classname="tests.test_iter7_oven_type.TestOvenType" name="test_default_statico_when_omitted" time="0.125" /><testcase classname="tests.test_iter7_oven_type.TestOvenType" name="test_update_oven_type" time="0.377" /></testsuite></testsuites>