<?xml version="1.0" encoding="utf-8"?><testsuites name="pytest tests"><testsuite name="pytest" errors="0" failures="0" skipped="0" tests="64" time="121.498" timestamp="2026-08-18T02:55:08.886953+00:00" hostname="agent-env-28ba6ef5-b8e2-4605-b45d-3fa5249d385f"><testcase classname="tests.backend_test.TestRecipes" name="test_mikilab_seeded" time="0.318" /><testcase classname="tests.test_iter3_features.TestWeeklyPlan" name="test_get_returns_null_or_plan" time="0.298" /><testcase classname="tests.test_iter3_features.TestWeeklyPlan" name="test_put_upsert_and_persist" time="0.216" /><testcase classname="tests.backend_test.TestRecipes" name="test_mikilab_seed_idempotent" time="0.133" /><testcase classname="tests.backend_test.TestRecipes" name="test_personal_collection_has_no_examples" time="0.067" /><testcase classname="tests.test_iter3_features.TestWeeklyPlan" name="test_put_overwrites_single_doc" time="0.119" /><testcase classname="tests.backend_test.TestRecipes" name="test_recipe_full_crud" time="0.636" /><testcase classname="tests.test_iter3_features.TestWeeklyPlan" name="test_put_empty_items_allowed" time="0.157" /><testcase classname="tests.test_iter3_features.TestWeeklyPlan" name="test_put_invalid_item_rejected" time="0.097" /><testcase classname="tests.test_iter3_features.TestWeeklyPlan" name="test_item_id_autogenerated_when_missing" time="0.181" /><testcase classname="tests.test_iter4_lang.TestChatLang" name="test_chat_lang_de_returns_german" time="7.690" /><testcase classname="tests.backend_test.TestRecipes" name="test_update_missing_recipe_404" time="0.058" /><testcase classname="tests.backend_test.TestRecipes" name="test_delete_missing_recipe_404" time="0.065" /><testcase classname="tests.backend_test.TestRecipes" name="test_create_recipe_validation" time="0.211" /><testcase classname="tests.test_iter3_features.TestVision" name="test_vision_difetti_jpeg" time="12.391" /><testcase classname="tests.test_iter4_lang.TestChatLang" name="test_chat_lang_it_returns_italian" time="3.340" /><testcase classname="tests.test_iter4_lang.TestChatLang" name="test_chat_lang_default_is_italian" time="4.109" /><testcase classname="tests.test_iter3_features.TestVision" name="test_vision_ingredienti_png" time="11.323" /><testcase classname="tests.test_iter4_lang.TestChatLang" name="test_chat_invalid_lang_falls_back_no_error" time="2.908" /><testcase classname="tests.test_iter4_lang.TestChatLang" name="test_chat_history_persisted" time="3.255" /><testcase classname="tests.test_iter4_lang.TestChatLang" name="test_chat_markdown_present_in_reply" time="6.742" /><testcase classname="tests.test_iter3_features.TestVision" name="test_vision_accepts_data_url_prefix" time="14.826" /><testcase classname="tests.test_new_features.TestProductionPlan" name="test_get_returns_json_null_or_plan" time="0.124" /><testcase classname="tests.test_new_features.TestProductionPlan" name="test_put_upsert_and_persist" time="0.134" /><testcase classname="tests.test_new_features.TestProductionPlan" name="test_put_overwrites_single_doc" time="0.150" /><testcase classname="tests.test_new_features.TestProductionPlan" name="test_put_validation_422" time="0.138" /><testcase classname="tests.test_new_features.TestProductionPlan" name="test_phase_hours_defaults_to_zero" time="0.068" /><testcase classname="tests.test_new_features.TestAnnouncements" name="test_get_seeds_defaults" time="0.072" /><testcase classname="tests.test_new_features.TestAnnouncements" name="test_get_seed_idempotent" time="0.139" /><testcase classname="tests.test_new_features.TestAnnouncements" name="test_crud_flow" time="0.422" /><testcase classname="tests.test_new_features.TestAnnouncements" name="test_create_without_details" time="0.144" /><testcase classname="tests.test_new_features.TestAnnouncements" name="test_validation_and_404s" time="0.271" /><testcase classname="tests.backend_test.TestOvenProfiles" name="test_list_no_examples" time="0.221" /><testcase classname="tests.backend_test.TestOvenProfiles" name="test_oven_profile_crud" time="0.407" /><testcase classname="tests.backend_test.TestOvenProfiles" name="test_oven_404s" time="0.140" /><testcase classname="tests.backend_test.TestOvenProfiles" name="test_oven_validation" time="0.067" /><testcase classname="tests.test_iter4_lang.TestVisionLang" name="test_vision_difetti_de" time="17.307" /><testcase classname="tests.test_iter3_features.TestVision" name="test_vision_missing_fields_422" time="0.167" /><testcase classname="tests.test_iter3_features.TestVision" name="test_vision_invalid_image_does_not_500" time="0.481" /><testcase classname="tests.test_iter5_sse_vision.TestVisionLanguage" name="test_vision_difetti_de_is_german" time="14.780" /><testcase classname="tests.test_iter4_lang.TestVisionLang" name="test_vision_difetti_it" time="11.745" /><testcase classname="tests.test_iter5_sse_vision.TestVisionLanguage" name="test_vision_difetti_it_is_italian" time="15.890" /><testcase classname="tests.test_iter4_lang.TestVisionLang" name="test_vision_ingredienti_de" time="10.700" /><testcase classname="tests.test_iter5_sse_vision.TestVisionLanguage" name="test_vision_ingredienti_de_is_german" time="9.444" /><testcase classname="tests.test_iter4_lang.TestVisionLang" name="test_vision_accepts_data_url_prefix" time="16.050" /><testcase classname="tests.test_iter5_sse_vision.TestVisionLanguage" name="test_vision_ingredienti_it_is_italian" time="9.750" /><testcase classname="tests.backend_test.TestMaestroChat" name="test_chat_streams_sse" time="9.645" /><testcase classname="tests.test_iter5_sse_vision.TestSSEJsonContract" name="test_chat_frames_are_json" time="1.530" /><testcase classname="tests.test_iter5_sse_vision.TestSSEJsonContract" name="test_chat_markdown_blank_lines_survive" time="9.918" /><testcase classname="tests.backend_test.TestMaestroChat" name="test_history_unknown_session_empty" time="0.066" /><testcase classname="tests.backend_test.TestMaestroChat" name="test_chat_validation" time="0.074" /><testcase classname="tests.test_iter3_features.TestAnnouncementValidation" name="test_create_empty_title_422" time="0.131" /><testcase classname="tests.test_iter3_features.TestAnnouncementValidation" name="test_create_trims_title_and_delete" time="0.474" /><testcase classname="tests.test_iter4_lang.TestWeeklyPlanForPrint" name="test_save_and_get_weekly_plan" time="0.243" /><testcase classname="tests.test_iter4_lang.TestWeeklyPlanForPrint" name="test_cleanup_weekly_plan" time="0.122" /><testcase classname="tests.test_new_features.TestDuplicateAndScaleBackend" name="test_duplicate_creates_independent_copy" time="0.420" /><testcase classname="tests.test_new_features.TestDuplicateAndScaleBackend" name="test_scaled_recipe_keeps_hydration" time="0.240" /><testcase classname="tests.backend_test.TestHealth" name="test_root" time="0.123" /><testcase classname="tests.test_iter5_sse_vision.TestBaselineData" name="test_mikilab_recipes_have_rest_hours" time="0.149" /><testcase classname="tests.test_iter7_oven_type.TestWeeklyPieces" name="test_weekly_plan_roundtrip_with_pieces" time="0.536" /><testcase classname="tests.test_iter5_sse_vision.TestSSEJsonContract" name="test_vision_frames_are_json" time="17.544" /><testcase classname="tests.test_iter7_oven_type.TestOvenType" name="test_create_ventilato" time="0.478" /><testcase classname="tests.test_iter7_oven_type.TestOvenType" name="test_default_statico_when_omitted" time="0.161" /><testcase classname="tests.test_iter7_oven_type.TestOvenType" name="test_update_oven_type" time="0.495" /></testsuite></testsuites>