<?xml version="1.0" encoding="utf-8"?><testsuites name="pytest tests"><testsuite name="pytest" errors="0" failures="0" skipped="0" tests="10" time="5.128" timestamp="2026-08-28T08:31:37.019067+00:00" hostname="agent-env-28ba6ef5-b8e2-4605-b45d-3fa5249d385f"><testcase classname="tests.test_iter96_challenges" name="test_catalog_public" time="0.220" /><testcase classname="tests.test_iter96_challenges" name="test_state_requires_auth" time="0.091" /><testcase classname="tests.test_iter96_challenges" name="test_state_clean" time="0.378" /><testcase classname="tests.test_iter96_challenges" name="test_complete_honor" time="0.158" /><testcase classname="tests.test_iter96_challenges" name="test_complete_honor_idempotent" time="0.072" /><testcase classname="tests.test_iter96_challenges" name="test_complete_internal_unmet_returns_400" time="0.073" /><testcase classname="tests.test_iter96_challenges" name="test_complete_unknown_id" time="0.062" /><testcase classname="tests.test_iter96_challenges" name="test_threshold_3_grants_academy_and_panettoni" time="0.240" /><testcase classname="tests.test_iter96_challenges" name="test_threshold_6_grants_pro_and_unlock_all" time="3.629" /><testcase classname="tests.test_iter96_challenges" name="test_content_access" time="0.074" /></testsuite></testsuites>