<?xml version="1.0" encoding="utf-8"?><testsuites name="pytest tests"><testsuite name="pytest" errors="0" failures="0" skipped="0" tests="60" time="155.127" timestamp="2026-08-17T17:56:09.577660+00:00" hostname="agent-env-28ba6ef5-b8e2-4605-b45d-3fa5249d385f"><testcase classname="tests.test_iter3_features.TestWeeklyPlan" name="test_get_returns_null_or_plan" time="0.195" /><testcase classname="tests.backend_test.TestRecipes" name="test_mikilab_seeded" time="0.178" /><testcase classname="tests.backend_test.TestRecipes" name="test_mikilab_seed_idempotent" time="0.143" /><testcase classname="tests.test_iter3_features.TestWeeklyPlan" name="test_put_upsert_and_persist" time="0.278" /><testcase classname="tests.backend_test.TestRecipes" name="test_personal_collection_has_no_examples" time="0.110" /><testcase classname="tests.backend_test.TestRecipes" name="test_recipe_full_crud" time="0.655" /><testcase classname="tests.test_iter3_features.TestWeeklyPlan" name="test_put_overwrites_single_doc" time="0.138" /><testcase classname="tests.test_iter3_features.TestWeeklyPlan" name="test_put_empty_items_allowed" time="0.169" /><testcase classname="tests.test_iter3_features.TestWeeklyPlan" name="test_put_invalid_item_rejected" time="0.167" /><testcase classname="tests.test_iter3_features.TestWeeklyPlan" name="test_item_id_autogenerated_when_missing" time="0.214" /><testcase classname="tests.backend_test.TestRecipes" name="test_update_missing_recipe_404" time="0.066" /><testcase classname="tests.backend_test.TestRecipes" name="test_delete_missing_recipe_404" time="0.067" /><testcase classname="tests.test_iter4_lang.TestChatLang" name="test_chat_lang_de_returns_german" time="8.745" /><testcase classname="tests.backend_test.TestRecipes" name="test_create_recipe_validation" time="0.064" /><testcase classname="tests.test_iter3_features.TestVision" name="test_vision_difetti_jpeg" time="14.540" /><testcase classname="tests.test_iter4_lang.TestChatLang" name="test_chat_lang_it_returns_italian" time="6.791" /><testcase classname="tests.test_iter3_features.TestVision" name="test_vision_ingredienti_png" time="9.803" /><testcase classname="tests.test_iter4_lang.TestChatLang" name="test_chat_lang_default_is_italian" time="2.941" /><testcase classname="tests.test_iter4_lang.TestChatLang" name="test_chat_invalid_lang_falls_back_no_error" time="3.617" /><testcase classname="tests.test_iter4_lang.TestChatLang" name="test_chat_history_persisted" time="4.513" /><testcase classname="tests.test_iter3_features.TestVision" name="test_vision_accepts_data_url_prefix" time="23.167" /><testcase classname="tests.test_iter4_lang.TestChatLang" name="test_chat_markdown_present_in_reply" time="3.227" /><testcase classname="tests.test_new_features.TestProductionPlan" name="test_get_returns_json_null_or_plan" time="0.178" /><testcase classname="tests.test_new_features.TestProductionPlan" name="test_put_upsert_and_persist" time="0.137" /><testcase classname="tests.test_new_features.TestProductionPlan" name="test_put_overwrites_single_doc" time="0.144" /><testcase classname="tests.test_new_features.TestProductionPlan" name="test_put_validation_422" time="0.193" /><testcase classname="tests.test_new_features.TestProductionPlan" name="test_phase_hours_defaults_to_zero" time="0.074" /><testcase classname="tests.test_new_features.TestAnnouncements" name="test_get_seeds_defaults" time="0.087" /><testcase classname="tests.test_new_features.TestAnnouncements" name="test_get_seed_idempotent" time="0.166" /><testcase classname="tests.test_new_features.TestAnnouncements" name="test_crud_flow" time="0.484" /><testcase classname="tests.test_new_features.TestAnnouncements" name="test_create_without_details" time="0.126" /><testcase classname="tests.test_new_features.TestAnnouncements" name="test_validation_and_404s" time="0.253" /><testcase classname="tests.backend_test.TestOvenProfiles" name="test_list_no_examples" time="0.139" /><testcase classname="tests.backend_test.TestOvenProfiles" name="test_oven_profile_crud" time="0.505" /><testcase classname="tests.backend_test.TestOvenProfiles" name="test_oven_404s" time="0.164" /><testcase classname="tests.backend_test.TestOvenProfiles" name="test_oven_validation" time="0.077" /><testcase classname="tests.test_iter4_lang.TestVisionLang" name="test_vision_difetti_de" time="16.659" /><testcase classname="tests.test_iter3_features.TestVision" name="test_vision_missing_fields_422" time="0.147" /><testcase classname="tests.test_iter3_features.TestVision" name="test_vision_invalid_image_does_not_500" time="0.650" /><testcase classname="tests.test_iter5_sse_vision.TestVisionLanguage" name="test_vision_difetti_de_is_german" time="14.573" /><testcase classname="tests.test_iter4_lang.TestVisionLang" name="test_vision_difetti_it" time="9.084" /><testcase classname="tests.test_iter4_lang.TestVisionLang" name="test_vision_ingredienti_de" time="10.331" /><testcase classname="tests.test_iter5_sse_vision.TestVisionLanguage" name="test_vision_difetti_it_is_italian" time="17.557" /><testcase classname="tests.test_iter4_lang.TestVisionLang" name="test_vision_accepts_data_url_prefix" time="19.405" /><testcase classname="tests.test_iter5_sse_vision.TestVisionLanguage" name="test_vision_ingredienti_de_is_german" time="9.374" /><testcase classname="tests.backend_test.TestMaestroChat" name="test_chat_streams_sse" time="12.697" /><testcase classname="tests.test_iter5_sse_vision.TestVisionLanguage" name="test_vision_ingredienti_it_is_italian" time="11.083" /><testcase classname="tests.backend_test.TestMaestroChat" name="test_history_unknown_session_empty" time="0.085" /><testcase classname="tests.backend_test.TestMaestroChat" name="test_chat_validation" time="0.082" /><testcase classname="tests.test_iter3_features.TestAnnouncementValidation" name="test_create_empty_title_422" time="0.174" /><testcase classname="tests.test_iter5_sse_vision.TestSSEJsonContract" name="test_chat_frames_are_json" time="2.935" /><testcase classname="tests.test_iter3_features.TestAnnouncementValidation" name="test_create_trims_title_and_delete" time="0.708" /><testcase classname="tests.test_iter4_lang.TestWeeklyPlanForPrint" name="test_save_and_get_weekly_plan" time="0.407" /><testcase classname="tests.test_iter4_lang.TestWeeklyPlanForPrint" name="test_cleanup_weekly_plan" time="0.151" /><testcase classname="tests.test_new_features.TestDuplicateAndScaleBackend" name="test_duplicate_creates_independent_copy" time="0.533" /><testcase classname="tests.test_new_features.TestDuplicateAndScaleBackend" name="test_scaled_recipe_keeps_hydration" time="0.416" /><testcase classname="tests.backend_test.TestHealth" name="test_root" time="0.140" /><testcase classname="tests.test_iter5_sse_vision.TestBaselineData" name="test_mikilab_recipes_have_rest_hours" time="0.162" /><testcase classname="tests.test_iter5_sse_vision.TestSSEJsonContract" name="test_chat_markdown_blank_lines_survive" time="7.589" /><testcase classname="tests.test_iter5_sse_vision.TestSSEJsonContract" name="test_vision_frames_are_json" time="41.459" /></testsuite></testsuites>