<?xml version="1.0" encoding="utf-8"?><testsuites name="pytest tests"><testsuite name="pytest" errors="0" failures="1" skipped="0" tests="4" time="2.240" timestamp="2026-09-09T12:25:35.709106+00:00" hostname="agent-env-28ba6ef5-b8e2-4605-b45d-3fa5249d385f"><testcase classname="tests.test_iter223_deck_recolor" name="test_master_gate_pin" time="0.349" /><testcase classname="tests.test_iter223_deck_recolor" name="test_admin_login" time="0.580" /><testcase classname="tests.test_iter223_deck_recolor" name="test_deck_status_shape" time="0.299" /><testcase classname="tests.test_iter223_deck_recolor" name="test_deck_reactivity_end_to_end" time="0.550"><failure message="AssertionError: shift create failed: 422 {&quot;detail&quot;:[{&quot;type&quot;:&quot;missing&quot;,&quot;loc&quot;:[&quot;body&quot;,&quot;employee&quot;],&quot;msg&quot;:&quot;Field required&quot;,&quot;input&quot;:{&quot;employee_name&quot;:&quot;TEST_DeckOp&quot;,&quot;role&quot;:&quot;Panettiere&quot;,&quot;station&quot;:&quot;Panificio&quot;,&quot;start&quot;:&quot;2026-09-09T11:55:37.777698+00:00&quot;,&quot;end&quot;:&quot;2026-09-09T14:25:37.777698+00:00&quot;,&quot;notes&quot;:&quot;TEST_iter223_deck&quot;},&quot;url&quot;:&quot;https://errors.pydantic.dev/2.13/v/missing&quot;},{&quot;type&quot;:&quot;missing&quot;,&quot;loc&quot;:[&quot;body&quot;,&quot;day&quot;],&quot;msg&quot;:&quot;Field required&quot;,&quot;input&quot;:{&quot;employee_name&quot;:&quot;TEST_DeckOp&quot;,&quot;role&quot;:&quot;Panettiere&quot;,&quot;station&quot;:&quot;Panificio&quot;,&quot;start&quot;:&quot;2026-09-09T11:55:37.777698+00:00&quot;,&quot;end&quot;:&quot;2026-09-09T14:25:37.777698+00:00&quot;,&quot;notes&quot;:&quot;TEST_iter223_deck&quot;},&quot;url&quot;:&quot;https://errors.pydantic.dev/2.13/v/missing&quot;},{&quot;type&quot;:&quot;string_too_long&quot;,&quot;loc&quot;:[&quot;body&quot;,&quot;start&quot;],&quot;msg&quot;:&quot;String should have at most 5 characters&quot;,&quot;input&quot;:&quot;2026-09-09T11:55:37.777698+00:00&quot;,&quot;ctx&quot;:{&quot;max_length&quot;:5},&quot;url&quot;:&quot;https://errors.pydantic.dev/2.13/v/string_too_long&quot;},{&quot;type&quot;:&quot;string_too_long&quot;,&quot;loc&quot;:[&quot;body&quot;,&quot;end&quot;],&quot;msg&quot;:&quot;String should have at most 5 characters&quot;,&quot;input&quot;:&quot;2026-09-09T14:25:37.777698+00:00&quot;,&quot;ctx&quot;:{&quot;max_length&quot;:5},&quot;url&quot;:&quot;https://errors.pydantic.dev/2.13/v/string_too_long&quot;}]}&#10;assert 422 in (200, 201)&#10; +  where 422 = &lt;Response [422]&gt;.status_code">backend/tests/test_iter223_deck_recolor.py:86: in test_deck_reactivity_end_to_end
    assert r.status_code in (200, 201), f"shift create failed: {r.status_code} {r.text}"
E   AssertionError: shift create failed: 422 {"detail":[{"type":"missing","loc":["body","employee"],"msg":"Field required","input":{"employee_name":"TEST_DeckOp","role":"Panettiere","station":"Panificio","start":"2026-09-09T11:55:37.777698+00:00","end":"2026-09-09T14:25:37.777698+00:00","notes":"TEST_iter223_deck"},"url":"https://errors.pydantic.dev/2.13/v/missing"},{"type":"missing","loc":["body","day"],"msg":"Field required","input":{"employee_name":"TEST_DeckOp","role":"Panettiere","station":"Panificio","start":"2026-09-09T11:55:37.777698+00:00","end":"2026-09-09T14:25:37.777698+00:00","notes":"TEST_iter223_deck"},"url":"https://errors.pydantic.dev/2.13/v/missing"},{"type":"string_too_long","loc":["body","start"],"msg":"String should have at most 5 characters","input":"2026-09-09T11:55:37.777698+00:00","ctx":{"max_length":5},"url":"https://errors.pydantic.dev/2.13/v/string_too_long"},{"type":"string_too_long","loc":["body","end"],"msg":"String should have at most 5 characters","input":"2026-09-09T14:25:37.777698+00:00","ctx":{"max_length":5},"url":"https://errors.pydantic.dev/2.13/v/string_too_long"}]}
E   assert 422 in (200, 201)
E    +  where 422 = &lt;Response [422]&gt;.status_code</failure></testcase></testsuite></testsuites>