<?xml version="1.0" encoding="utf-8"?><testsuites name="pytest tests"><testsuite name="pytest" errors="0" failures="0" skipped="0" tests="15" time="12.815" timestamp="2026-08-17T16:17:12.751557+00:00" hostname="agent-env-28ba6ef5-b8e2-4605-b45d-3fa5249d385f"><testcase classname="tests.backend_test.TestOvenProfiles" name="test_list_no_examples" time="0.382" /><testcase classname="tests.backend_test.TestRecipes" name="test_mikilab_seeded" time="0.394" /><testcase classname="tests.backend_test.TestOvenProfiles" name="test_oven_profile_crud" time="0.595" /><testcase classname="tests.backend_test.TestRecipes" name="test_mikilab_seed_idempotent" time="0.177" /><testcase classname="tests.backend_test.TestRecipes" name="test_personal_collection_has_no_examples" time="0.127" /><testcase classname="tests.backend_test.TestRecipes" name="test_recipe_full_crud" time="0.704" /><testcase classname="tests.backend_test.TestOvenProfiles" name="test_oven_404s" time="0.242" /><testcase classname="tests.backend_test.TestOvenProfiles" name="test_oven_validation" time="0.119" /><testcase classname="tests.backend_test.TestMaestroChat" name="test_chat_streams_sse" time="10.703" /><testcase classname="tests.backend_test.TestRecipes" name="test_update_missing_recipe_404" time="0.085" /><testcase classname="tests.backend_test.TestRecipes" name="test_delete_missing_recipe_404" time="0.122" /><testcase classname="tests.backend_test.TestRecipes" name="test_create_recipe_validation" time="0.207" /><testcase classname="tests.backend_test.TestHealth" name="test_root" time="0.083" /><testcase classname="tests.backend_test.TestMaestroChat" name="test_history_unknown_session_empty" time="0.079" /><testcase classname="tests.backend_test.TestMaestroChat" name="test_chat_validation" time="0.077" /></testsuite></testsuites>