<?xml version="1.0" encoding="utf-8"?><testsuites name="pytest tests"><testsuite name="pytest" errors="0" failures="0" skipped="0" tests="5" time="3.193" timestamp="2026-08-30T15:52:32.138125+00:00" hostname="agent-env-28ba6ef5-b8e2-4605-b45d-3fa5249d385f"><testcase classname="tests.test_iter138_autologin.TestRegisterAutoLogin" name="test_register_returns_session_token" time="2.664" /><testcase classname="tests.test_iter138_autologin.TestAdminLogin" name="test_admin_login_and_me" time="2.187" /><testcase classname="tests.test_iter138_autologin.TestAdminLogin" name="test_admin_bad_password" time="0.331" /><testcase classname="tests.test_iter138_autologin.TestRegisterAutoLogin" name="test_register_weak_password_rejected" time="0.061" /><testcase classname="tests.test_iter138_autologin.TestRegisterAutoLogin" name="test_register_duplicate_email" time="0.075" /></testsuite></testsuites>